<?xml version="1.0" encoding="utf-8"?>
<CoverageSession xmlns:xsd="http://www.w3.org/2001/XMLSchema" xmlns:xsi="http://www.w3.org/2001/XMLSchema-instance" Version="0.0.0.0">
  <Summary numSequencePoints="1740" visitedSequencePoints="88" numBranchPoints="0" visitedBranchPoints="0" sequenceCoverage="5.06" branchCoverage="0.0" maxCyclomaticComplexity="0" minCyclomaticComplexity="0" maxCrapScore="0" minCrapScore="0" visitedClasses="12" numClasses="63" visitedMethods="12" numMethods="205" />
  <Modules>
    <Module>
      <Summary numSequencePoints="24" visitedSequencePoints="0" numBranchPoints="0" visitedBranchPoints="0" sequenceCoverage="0.0" branchCoverage="0.0" maxCyclomaticComplexity="0" minCyclomaticComplexity="0" maxCrapScore="0" minCrapScore="0" visitedClasses="0" numClasses="1" visitedMethods="0" numMethods="2" />
      <ModuleTime>0001-01-01T00:00:00</ModuleTime>
      <ModuleName>Assembly-CSharp</ModuleName>
      <Files>
        <File uid="18" fullPath="D:/Project The Apocalypse_Gloom Haze_Local/The Apocalypse_Gloom Haze/Assets/Assets/CameraFollow.cs" />
        <File uid="19" fullPath="D:/Project The Apocalypse_Gloom Haze_Local/The Apocalypse_Gloom Haze/Assets/Assets/Camera_Switcher/Camera_Switcher.cs" />
        <File uid="20" fullPath="D:/Project The Apocalypse_Gloom Haze_Local/The Apocalypse_Gloom Haze/Assets/Assets/Camera_Switcher/NightVision.cs" />
        <File uid="21" fullPath="D:/Project The Apocalypse_Gloom Haze_Local/The Apocalypse_Gloom Haze/Assets/Assets/Camera_Switcher/NightVisionBattery.cs" />
        <File uid="22" fullPath="D:/Project The Apocalypse_Gloom Haze_Local/The Apocalypse_Gloom Haze/Assets/Assets/FlashlightController.cs" />
        <File uid="23" fullPath="D:/Project The Apocalypse_Gloom Haze_Local/The Apocalypse_Gloom Haze/Assets/Assets/IFV_Scripts/IFV_EnterTrigger.cs" />
        <File uid="24" fullPath="D:/Project The Apocalypse_Gloom Haze_Local/The Apocalypse_Gloom Haze/Assets/Assets/IFV_Scripts/IFV_Movement.cs" />
        <File uid="25" fullPath="D:/Project The Apocalypse_Gloom Haze_Local/The Apocalypse_Gloom Haze/Assets/Assets/InteractPrompt.cs" />
        <File uid="26" fullPath="D:/Project The Apocalypse_Gloom Haze_Local/The Apocalypse_Gloom Haze/Assets/Assets/ItemCounter.cs" />
        <File uid="27" fullPath="D:/Project The Apocalypse_Gloom Haze_Local/The Apocalypse_Gloom Haze/Assets/Assets/NetworkItem.cs" />
        <File uid="28" fullPath="D:/Project The Apocalypse_Gloom Haze_Local/The Apocalypse_Gloom Haze/Assets/Assets/Puma_IFV/Scripts/GunFireRaycast.cs" />
        <File uid="29" fullPath="D:/Project The Apocalypse_Gloom Haze_Local/The Apocalypse_Gloom Haze/Assets/Assets/Scripts/AttributesManager.cs" />
        <File uid="30" fullPath="D:/Project The Apocalypse_Gloom Haze_Local/The Apocalypse_Gloom Haze/Assets/Assets/Scripts/Audio_Scripts/ActionSound.cs" />
        <File uid="31" fullPath="D:/Project The Apocalypse_Gloom Haze_Local/The Apocalypse_Gloom Haze/Assets/Assets/Scripts/Audio_Scripts/AmbientSound.cs" />
        <File uid="32" fullPath="D:/Project The Apocalypse_Gloom Haze_Local/The Apocalypse_Gloom Haze/Assets/Assets/Scripts/Audio_Scripts/BackgroundMusic.cs" />
        <File uid="33" fullPath="D:/Project The Apocalypse_Gloom Haze_Local/The Apocalypse_Gloom Haze/Assets/Assets/Scripts/Audio_Scripts/DialogueSound.cs" />
        <File uid="34" fullPath="D:/Project The Apocalypse_Gloom Haze_Local/The Apocalypse_Gloom Haze/Assets/Assets/Scripts/Audio_Scripts/DynamicSound.cs" />
        <File uid="35" fullPath="D:/Project The Apocalypse_Gloom Haze_Local/The Apocalypse_Gloom Haze/Assets/Assets/Scripts/Audio_Scripts/ImpactSound.cs" />
        <File uid="36" fullPath="D:/Project The Apocalypse_Gloom Haze_Local/The Apocalypse_Gloom Haze/Assets/Assets/Scripts/Audio_Scripts/SpatialSound.cs" />
        <File uid="37" fullPath="D:/Project The Apocalypse_Gloom Haze_Local/The Apocalypse_Gloom Haze/Assets/Assets/Scripts/Audio_Scripts/UISound.cs" />
        <File uid="38" fullPath="D:/Project The Apocalypse_Gloom Haze_Local/The Apocalypse_Gloom Haze/Assets/Assets/Scripts/DamagePopUpAnimation.cs" />
        <File uid="39" fullPath="D:/Project The Apocalypse_Gloom Haze_Local/The Apocalypse_Gloom Haze/Assets/Assets/Scripts/DamagePoUpGenerator.cs" />
        <File uid="40" fullPath="D:/Project The Apocalypse_Gloom Haze_Local/The Apocalypse_Gloom Haze/Assets/Assets/Scripts/DamageTester.cs" />
        <File uid="41" fullPath="D:/Project The Apocalypse_Gloom Haze_Local/The Apocalypse_Gloom Haze/Assets/Assets/Scripts/Drone_System/DroneFollowPlayer.cs" />
        <File uid="42" fullPath="D:/Project The Apocalypse_Gloom Haze_Local/The Apocalypse_Gloom Haze/Assets/Assets/Scripts/Drone_System/DroneGun.cs" />
        <File uid="43" fullPath="D:/Project The Apocalypse_Gloom Haze_Local/The Apocalypse_Gloom Haze/Assets/Assets/Scripts/Drone_System/LaserSight.cs" />
        <File uid="44" fullPath="D:/Project The Apocalypse_Gloom Haze_Local/The Apocalypse_Gloom Haze/Assets/Assets/Scripts/EnemyAI.cs" />
        <File uid="45" fullPath="D:/Project The Apocalypse_Gloom Haze_Local/The Apocalypse_Gloom Haze/Assets/Assets/Scripts/EnemyHealth.cs" />
        <File uid="46" fullPath="D:/Project The Apocalypse_Gloom Haze_Local/The Apocalypse_Gloom Haze/Assets/Assets/Scripts/Exit.cs" />
        <File uid="47" fullPath="D:/Project The Apocalypse_Gloom Haze_Local/The Apocalypse_Gloom Haze/Assets/Assets/Scripts/Inventory_System/InventoryManager.cs" />
        <File uid="48" fullPath="D:/Project The Apocalypse_Gloom Haze_Local/The Apocalypse_Gloom Haze/Assets/Assets/Scripts/Inventory_System/ItemPickup.cs" />
        <File uid="49" fullPath="D:/Project The Apocalypse_Gloom Haze_Local/The Apocalypse_Gloom Haze/Assets/Assets/Scripts/Inventory_System/ItemUIController.cs" />
        <File uid="50" fullPath="D:/Project The Apocalypse_Gloom Haze_Local/The Apocalypse_Gloom Haze/Assets/Assets/Scripts/JetAI.cs" />
        <File uid="51" fullPath="D:/Project The Apocalypse_Gloom Haze_Local/The Apocalypse_Gloom Haze/Assets/Assets/Scripts/Magic_Attack/MagicAttackController.cs" />
        <File uid="52" fullPath="D:/Project The Apocalypse_Gloom Haze_Local/The Apocalypse_Gloom Haze/Assets/Assets/Scripts/MainMenuManager.cs" />
        <File uid="53" fullPath="D:/Project The Apocalypse_Gloom Haze_Local/The Apocalypse_Gloom Haze/Assets/Assets/Scripts/MiniMapPlayerIcon.cs" />
        <File uid="54" fullPath="D:/Project The Apocalypse_Gloom Haze_Local/The Apocalypse_Gloom Haze/Assets/Assets/Scripts/MouseLook.cs" />
        <File uid="55" fullPath="D:/Project The Apocalypse_Gloom Haze_Local/The Apocalypse_Gloom Haze/Assets/Assets/Scripts/NPC_System/NPC_System.cs" />
        <File uid="56" fullPath="D:/Project The Apocalypse_Gloom Haze_Local/The Apocalypse_Gloom Haze/Assets/Assets/Scripts/OptionsScaleEffect.cs" />
        <File uid="57" fullPath="D:/Project The Apocalypse_Gloom Haze_Local/The Apocalypse_Gloom Haze/Assets/Assets/Scripts/Play.cs" />
        <File uid="58" fullPath="D:/Project The Apocalypse_Gloom Haze_Local/The Apocalypse_Gloom Haze/Assets/Assets/Scripts/PlayButtonSound.cs" />
        <File uid="59" fullPath="D:/Project The Apocalypse_Gloom Haze_Local/The Apocalypse_Gloom Haze/Assets/Assets/Scripts/PlayerController.cs" />
        <File uid="60" fullPath="D:/Project The Apocalypse_Gloom Haze_Local/The Apocalypse_Gloom Haze/Assets/Assets/Scripts/PlayerHealth.cs" />
        <File uid="61" fullPath="D:/Project The Apocalypse_Gloom Haze_Local/The Apocalypse_Gloom Haze/Assets/Assets/Scripts/Player_Prefabs/savegame.cs" />
        <File uid="62" fullPath="D:/Project The Apocalypse_Gloom Haze_Local/The Apocalypse_Gloom Haze/Assets/Assets/Scripts/PolicePatrollerController.cs" />
        <File uid="63" fullPath="D:/Project The Apocalypse_Gloom Haze_Local/The Apocalypse_Gloom Haze/Assets/Assets/Scripts/RealTimeClock.cs" />
        <File uid="64" fullPath="D:/Project The Apocalypse_Gloom Haze_Local/The Apocalypse_Gloom Haze/Assets/Assets/Scripts/ShowVersion.cs" />
        <File uid="65" fullPath="D:/Project The Apocalypse_Gloom Haze_Local/The Apocalypse_Gloom Haze/Assets/Assets/Scripts/SubmarineAI.cs" />
        <File uid="66" fullPath="D:/Project The Apocalypse_Gloom Haze_Local/The Apocalypse_Gloom Haze/Assets/Assets/Scripts/TerrainController/Biome/BiomeHeightModifier.cs" />
        <File uid="67" fullPath="D:/Project The Apocalypse_Gloom Haze_Local/The Apocalypse_Gloom Haze/Assets/Assets/Scripts/TerrainController/Biome/BiomeMapGenerator.cs" />
        <File uid="68" fullPath="D:/Project The Apocalypse_Gloom Haze_Local/The Apocalypse_Gloom Haze/Assets/Assets/Scripts/TerrainController/Biome/BiomeRule.cs" />
        <File uid="69" fullPath="D:/Project The Apocalypse_Gloom Haze_Local/The Apocalypse_Gloom Haze/Assets/Assets/Scripts/TerrainController/Biome/BiomeType.cs" />
        <File uid="70" fullPath="D:/Project The Apocalypse_Gloom Haze_Local/The Apocalypse_Gloom Haze/Assets/Assets/Scripts/TerrainController/Core/TerrainConfig.cs" />
        <File uid="71" fullPath="D:/Project The Apocalypse_Gloom Haze_Local/The Apocalypse_Gloom Haze/Assets/Assets/Scripts/TerrainController/Core/TerrainContext.cs" />
        <File uid="72" fullPath="D:/Project The Apocalypse_Gloom Haze_Local/The Apocalypse_Gloom Haze/Assets/Assets/Scripts/TerrainController/Core/TerrainController.cs" />
        <File uid="73" fullPath="D:/Project The Apocalypse_Gloom Haze_Local/The Apocalypse_Gloom Haze/Assets/Assets/Scripts/TerrainController/Decoration/DeadVegetationSpawner.cs" />
        <File uid="74" fullPath="D:/Project The Apocalypse_Gloom Haze_Local/The Apocalypse_Gloom Haze/Assets/Assets/Scripts/TerrainController/Decoration/DecalPainter.cs" />
        <File uid="75" fullPath="D:/Project The Apocalypse_Gloom Haze_Local/The Apocalypse_Gloom Haze/Assets/Assets/Scripts/TerrainController/Decoration/EnvironmentDecorator.cs" />
        <File uid="76" fullPath="D:/Project The Apocalypse_Gloom Haze_Local/The Apocalypse_Gloom Haze/Assets/Assets/Scripts/TerrainController/Decoration/PropSpawner.cs" />
        <File uid="77" fullPath="D:/Project The Apocalypse_Gloom Haze_Local/The Apocalypse_Gloom Haze/Assets/Assets/Scripts/TerrainController/Destruction/CollapseMask.cs" />
        <File uid="78" fullPath="D:/Project The Apocalypse_Gloom Haze_Local/The Apocalypse_Gloom Haze/Assets/Assets/Scripts/TerrainController/Destruction/CraterGenerator.cs" />
        <File uid="79" fullPath="D:/Project The Apocalypse_Gloom Haze_Local/The Apocalypse_Gloom Haze/Assets/Assets/Scripts/TerrainController/Destruction/ErosionSimulator.cs" />
        <File uid="80" fullPath="D:/Project The Apocalypse_Gloom Haze_Local/The Apocalypse_Gloom Haze/Assets/Assets/Scripts/TerrainController/Destruction/FaultLineGenerator.cs" />
        <File uid="81" fullPath="D:/Project The Apocalypse_Gloom Haze_Local/The Apocalypse_Gloom Haze/Assets/Assets/Scripts/TerrainController/GamePlay/DangerLevelCalculator.cs" />
        <File uid="82" fullPath="D:/Project The Apocalypse_Gloom Haze_Local/The Apocalypse_Gloom Haze/Assets/Assets/Scripts/TerrainController/GamePlay/SpawnInfluenceMap.cs" />
        <File uid="83" fullPath="D:/Project The Apocalypse_Gloom Haze_Local/The Apocalypse_Gloom Haze/Assets/Assets/Scripts/TerrainController/GamePlay/ZombieZoneMap.cs" />
        <File uid="84" fullPath="D:/Project The Apocalypse_Gloom Haze_Local/The Apocalypse_Gloom Haze/Assets/Assets/Scripts/TerrainController/HeightMap/FalloffMapGenerator.cs" />
        <File uid="85" fullPath="D:/Project The Apocalypse_Gloom Haze_Local/The Apocalypse_Gloom Haze/Assets/Assets/Scripts/TerrainController/HeightMap/HeightCombiner.cs" />
        <File uid="86" fullPath="D:/Project The Apocalypse_Gloom Haze_Local/The Apocalypse_Gloom Haze/Assets/Assets/Scripts/TerrainController/Structures/BuildingPlacer.cs" />
        <File uid="87" fullPath="D:/Project The Apocalypse_Gloom Haze_Local/The Apocalypse_Gloom Haze/Assets/Assets/Scripts/TerrainController/Structures/RoadGenerator.cs" />
        <File uid="88" fullPath="D:/Project The Apocalypse_Gloom Haze_Local/The Apocalypse_Gloom Haze/Assets/Assets/Scripts/TerrainController/Structures/RuinCityGenerator.cs" />
        <File uid="89" fullPath="D:/Project The Apocalypse_Gloom Haze_Local/The Apocalypse_Gloom Haze/Assets/Assets/Scripts/TerrainController/Structures/StructureMask.cs" />
        <File uid="90" fullPath="D:/Project The Apocalypse_Gloom Haze_Local/The Apocalypse_Gloom Haze/Assets/Assets/Scripts/TerrainController/Utils/DebugGizmos.cs" />
        <File uid="91" fullPath="D:/Project The Apocalypse_Gloom Haze_Local/The Apocalypse_Gloom Haze/Assets/Assets/Scripts/TerrainController/Utils/MapUtils.cs" />
        <File uid="92" fullPath="D:/Project The Apocalypse_Gloom Haze_Local/The Apocalypse_Gloom Haze/Assets/Assets/Scripts/TerrainController/Utils/NoiseUtils.cs" />
        <File uid="93" fullPath="D:/Project The Apocalypse_Gloom Haze_Local/The Apocalypse_Gloom Haze/Assets/Assets/Scripts/TerrainController/Utils/SeedManager.cs" />
        <File uid="94" fullPath="D:/Project The Apocalypse_Gloom Haze_Local/The Apocalypse_Gloom Haze/Assets/Assets/Scripts/TerrainGenerator/TerrainGenerator.cs" />
        <File uid="95" fullPath="D:/Project The Apocalypse_Gloom Haze_Local/The Apocalypse_Gloom Haze/Assets/Assets/Scripts/TerrainGenerator/TreeGeneration.cs" />
        <File uid="96" fullPath="D:/Project The Apocalypse_Gloom Haze_Local/The Apocalypse_Gloom Haze/Assets/Assets/Scripts/TimeController.cs" />
        <File uid="97" fullPath="D:/Project The Apocalypse_Gloom Haze_Local/The Apocalypse_Gloom Haze/Assets/Assets/Scripts/Ubillboarding.cs" />
        <File uid="98" fullPath="D:/Project The Apocalypse_Gloom Haze_Local/The Apocalypse_Gloom Haze/Assets/Assets/Scripts/Underwater.cs" />
        <File uid="99" fullPath="D:/Project The Apocalypse_Gloom Haze_Local/The Apocalypse_Gloom Haze/Assets/Assets/Scripts/VehicleInteract.cs" />
        <File uid="100" fullPath="D:/Project The Apocalypse_Gloom Haze_Local/The Apocalypse_Gloom Haze/Assets/Assets/Scripts/WeaponAttributes.cs" />
        <File uid="101" fullPath="D:/Project The Apocalypse_Gloom Haze_Local/The Apocalypse_Gloom Haze/Assets/Assets/Scripts/WeaponColliderToggle.cs" />
        <File uid="102" fullPath="D:/Project The Apocalypse_Gloom Haze_Local/The Apocalypse_Gloom Haze/Assets/Assets/Scripts/WeaponDamage.cs" />
        <File uid="103" fullPath="D:/Project The Apocalypse_Gloom Haze_Local/The Apocalypse_Gloom Haze/Assets/Assets/Scripts/Weapons/WeaponManager.cs" />
        <File uid="104" fullPath="D:/Project The Apocalypse_Gloom Haze_Local/The Apocalypse_Gloom Haze/Assets/Assets/Scripts/Weapons/WeaponSway.cs" />
        <File uid="105" fullPath="D:/Project The Apocalypse_Gloom Haze_Local/The Apocalypse_Gloom Haze/Assets/Assets/UI_UX/ChatManager.cs" />
        <File uid="106" fullPath="D:/Project The Apocalypse_Gloom Haze_Local/The Apocalypse_Gloom Haze/Assets/Assets/UI_UX/PauseManager.cs" />
        <File uid="107" fullPath="D:/Project The Apocalypse_Gloom Haze_Local/The Apocalypse_Gloom Haze/Assets/Assets/UI_UX/SettingsManager.cs" />
        <File uid="108" fullPath="D:/Project The Apocalypse_Gloom Haze_Local/The Apocalypse_Gloom Haze/Assets/CartoonMilitaryModelPack/Scripts/csDemoScene.cs" />
        <File uid="109" fullPath="D:/Project The Apocalypse_Gloom Haze_Local/The Apocalypse_Gloom Haze/Assets/CartoonMilitaryModelPack/Scripts/csMouseOrbit.cs" />
        <File uid="110" fullPath="D:/Project The Apocalypse_Gloom Haze_Local/The Apocalypse_Gloom Haze/Assets/Invector-3rdPersonController_LITE/Scripts/Camera/vThirdPersonCamera.cs" />
        <File uid="111" fullPath="D:/Project The Apocalypse_Gloom Haze_Local/The Apocalypse_Gloom Haze/Assets/Invector-3rdPersonController_LITE/Scripts/Generic/Utils/vPickupItem.cs" />
        <File uid="112" fullPath="D:/Project The Apocalypse_Gloom Haze_Local/The Apocalypse_Gloom Haze/Assets/Mosasaurus/MosasaurusAI.cs" />
        <File uid="113" fullPath="D:/Project The Apocalypse_Gloom Haze_Local/The Apocalypse_Gloom Haze/Assets/MyInventoryAssets/Sprite/Invenrory_UI.cs" />
        <File uid="114" fullPath="D:/Project The Apocalypse_Gloom Haze_Local/The Apocalypse_Gloom Haze/Assets/MyInventoryAssets/Sprite/Inventory.cs" />
        <File uid="115" fullPath="D:/Project The Apocalypse_Gloom Haze_Local/The Apocalypse_Gloom Haze/Assets/MyInventoryAssets/Sprite/ItemSlotUI.cs" />
        <File uid="116" fullPath="D:/Project The Apocalypse_Gloom Haze_Local/The Apocalypse_Gloom Haze/Assets/Prototype_3DGameDevelopment/Scripts/NPC_Van.cs" />
        <File uid="117" fullPath="D:/Project The Apocalypse_Gloom Haze_Local/The Apocalypse_Gloom Haze/Assets/Prototype_3DGameDevelopment/Scripts/PoliceLights.cs" />
        <File uid="118" fullPath="D:/Project The Apocalypse_Gloom Haze_Local/The Apocalypse_Gloom Haze/Assets/Prototype_3DGameDevelopment/Scripts/PolicePatrolVehicle.cs" />
        <File uid="119" fullPath="D:/Project The Apocalypse_Gloom Haze_Local/The Apocalypse_Gloom Haze/Assets/Scripts/Accounts.cs" />
        <File uid="120" fullPath="D:/Project The Apocalypse_Gloom Haze_Local/The Apocalypse_Gloom Haze/Assets/Scripts/Character.cs" />
        <File uid="121" fullPath="D:/Project The Apocalypse_Gloom Haze_Local/The Apocalypse_Gloom Haze/Assets/Scripts/Login.cs" />
        <File uid="122" fullPath="D:/Project The Apocalypse_Gloom Haze_Local/The Apocalypse_Gloom Haze/Assets/Scripts/Register.cs" />
        <File uid="123" fullPath="D:/Project The Apocalypse_Gloom Haze_Local/The Apocalypse_Gloom Haze/Assets/TextMesh Pro/Examples &amp; Extras/Scripts/ChatController.cs" />
        <File uid="124" fullPath="D:/Project The Apocalypse_Gloom Haze_Local/The Apocalypse_Gloom Haze/Assets/TextMesh Pro/Examples &amp; Extras/Scripts/DropdownSample.cs" />
        <File uid="125" fullPath="D:/Project The Apocalypse_Gloom Haze_Local/The Apocalypse_Gloom Haze/Assets/TextMesh Pro/Examples &amp; Extras/Scripts/EnvMapAnimator.cs" />
        <File uid="126" fullPath="D:/Project The Apocalypse_Gloom Haze_Local/The Apocalypse_Gloom Haze/Assets/TextMesh Pro/Examples &amp; Extras/Scripts/TMP_DigitValidator.cs" />
        <File uid="127" fullPath="D:/Project The Apocalypse_Gloom Haze_Local/The Apocalypse_Gloom Haze/Assets/TextMesh Pro/Examples &amp; Extras/Scripts/TMP_PhoneNumberValidator.cs" />
        <File uid="128" fullPath="D:/Project The Apocalypse_Gloom Haze_Local/The Apocalypse_Gloom Haze/Assets/TextMesh Pro/Examples &amp; Extras/Scripts/TMP_TextEventHandler.cs" />
        <File uid="129" fullPath="D:/Project The Apocalypse_Gloom Haze_Local/The Apocalypse_Gloom Haze/Assets/TextMesh Pro/Examples &amp; Extras/Scripts/Benchmark01.cs" />
        <File uid="130" fullPath="D:/Project The Apocalypse_Gloom Haze_Local/The Apocalypse_Gloom Haze/Assets/TextMesh Pro/Examples &amp; Extras/Scripts/Benchmark01_UGUI.cs" />
        <File uid="131" fullPath="D:/Project The Apocalypse_Gloom Haze_Local/The Apocalypse_Gloom Haze/Assets/TextMesh Pro/Examples &amp; Extras/Scripts/Benchmark02.cs" />
        <File uid="132" fullPath="D:/Project The Apocalypse_Gloom Haze_Local/The Apocalypse_Gloom Haze/Assets/TextMesh Pro/Examples &amp; Extras/Scripts/Benchmark03.cs" />
        <File uid="133" fullPath="D:/Project The Apocalypse_Gloom Haze_Local/The Apocalypse_Gloom Haze/Assets/TextMesh Pro/Examples &amp; Extras/Scripts/Benchmark04.cs" />
        <File uid="134" fullPath="D:/Project The Apocalypse_Gloom Haze_Local/The Apocalypse_Gloom Haze/Assets/TextMesh Pro/Examples &amp; Extras/Scripts/CameraController.cs" />
        <File uid="135" fullPath="D:/Project The Apocalypse_Gloom Haze_Local/The Apocalypse_Gloom Haze/Assets/TextMesh Pro/Examples &amp; Extras/Scripts/ObjectSpin.cs" />
        <File uid="136" fullPath="D:/Project The Apocalypse_Gloom Haze_Local/The Apocalypse_Gloom Haze/Assets/TextMesh Pro/Examples &amp; Extras/Scripts/ShaderPropAnimator.cs" />
        <File uid="137" fullPath="D:/Project The Apocalypse_Gloom Haze_Local/The Apocalypse_Gloom Haze/Assets/TextMesh Pro/Examples &amp; Extras/Scripts/SimpleScript.cs" />
        <File uid="138" fullPath="D:/Project The Apocalypse_Gloom Haze_Local/The Apocalypse_Gloom Haze/Assets/TextMesh Pro/Examples &amp; Extras/Scripts/SkewTextExample.cs" />
        <File uid="139" fullPath="D:/Project The Apocalypse_Gloom Haze_Local/The Apocalypse_Gloom Haze/Assets/TextMesh Pro/Examples &amp; Extras/Scripts/TeleType.cs" />
        <File uid="140" fullPath="D:/Project The Apocalypse_Gloom Haze_Local/The Apocalypse_Gloom Haze/Assets/TextMesh Pro/Examples &amp; Extras/Scripts/TextConsoleSimulator.cs" />
        <File uid="141" fullPath="D:/Project The Apocalypse_Gloom Haze_Local/The Apocalypse_Gloom Haze/Assets/TextMesh Pro/Examples &amp; Extras/Scripts/TextMeshProFloatingText.cs" />
        <File uid="142" fullPath="D:/Project The Apocalypse_Gloom Haze_Local/The Apocalypse_Gloom Haze/Assets/TextMesh Pro/Examples &amp; Extras/Scripts/TextMeshSpawner.cs" />
        <File uid="143" fullPath="D:/Project The Apocalypse_Gloom Haze_Local/The Apocalypse_Gloom Haze/Assets/TextMesh Pro/Examples &amp; Extras/Scripts/TMPro_InstructionOverlay.cs" />
        <File uid="144" fullPath="D:/Project The Apocalypse_Gloom Haze_Local/The Apocalypse_Gloom Haze/Assets/TextMesh Pro/Examples &amp; Extras/Scripts/TMP_ExampleScript_01.cs" />
        <File uid="145" fullPath="D:/Project The Apocalypse_Gloom Haze_Local/The Apocalypse_Gloom Haze/Assets/TextMesh Pro/Examples &amp; Extras/Scripts/TMP_FrameRateCounter.cs" />
        <File uid="146" fullPath="D:/Project The Apocalypse_Gloom Haze_Local/The Apocalypse_Gloom Haze/Assets/TextMesh Pro/Examples &amp; Extras/Scripts/TMP_TextEventCheck.cs" />
        <File uid="147" fullPath="D:/Project The Apocalypse_Gloom Haze_Local/The Apocalypse_Gloom Haze/Assets/TextMesh Pro/Examples &amp; Extras/Scripts/TMP_TextInfoDebugTool.cs" />
        <File uid="148" fullPath="D:/Project The Apocalypse_Gloom Haze_Local/The Apocalypse_Gloom Haze/Assets/TextMesh Pro/Examples &amp; Extras/Scripts/TMP_TextSelector_A.cs" />
        <File uid="149" fullPath="D:/Project The Apocalypse_Gloom Haze_Local/The Apocalypse_Gloom Haze/Assets/TextMesh Pro/Examples &amp; Extras/Scripts/TMP_TextSelector_B.cs" />
        <File uid="150" fullPath="D:/Project The Apocalypse_Gloom Haze_Local/The Apocalypse_Gloom Haze/Assets/TextMesh Pro/Examples &amp; Extras/Scripts/TMP_UiFrameRateCounter.cs" />
        <File uid="151" fullPath="D:/Project The Apocalypse_Gloom Haze_Local/The Apocalypse_Gloom Haze/Assets/TextMesh Pro/Examples &amp; Extras/Scripts/VertexColorCycler.cs" />
        <File uid="152" fullPath="D:/Project The Apocalypse_Gloom Haze_Local/The Apocalypse_Gloom Haze/Assets/TextMesh Pro/Examples &amp; Extras/Scripts/VertexJitter.cs" />
        <File uid="153" fullPath="D:/Project The Apocalypse_Gloom Haze_Local/The Apocalypse_Gloom Haze/Assets/TextMesh Pro/Examples &amp; Extras/Scripts/VertexShakeA.cs" />
        <File uid="154" fullPath="D:/Project The Apocalypse_Gloom Haze_Local/The Apocalypse_Gloom Haze/Assets/TextMesh Pro/Examples &amp; Extras/Scripts/VertexShakeB.cs" />
        <File uid="155" fullPath="D:/Project The Apocalypse_Gloom Haze_Local/The Apocalypse_Gloom Haze/Assets/TextMesh Pro/Examples &amp; Extras/Scripts/VertexZoom.cs" />
        <File uid="156" fullPath="D:/Project The Apocalypse_Gloom Haze_Local/The Apocalypse_Gloom Haze/Assets/TextMesh Pro/Examples &amp; Extras/Scripts/WarpTextExample.cs" />
        <File uid="157" fullPath="D:/Project The Apocalypse_Gloom Haze_Local/The Apocalypse_Gloom Haze/Assets/Invector-3rdPersonController_LITE/3D Models/Others/HealthItem/vAnimateUV.cs" />
        <File uid="158" fullPath="D:/Project The Apocalypse_Gloom Haze_Local/The Apocalypse_Gloom Haze/Assets/Invector-3rdPersonController_LITE/Scripts/Generic/Utils/vExtensions.cs" />
        <File uid="159" fullPath="D:/Project The Apocalypse_Gloom Haze_Local/The Apocalypse_Gloom Haze/Assets/Invector-3rdPersonController_LITE/Scripts/Generic/Utils/vComment.cs" />
        <File uid="160" fullPath="D:/Project The Apocalypse_Gloom Haze_Local/The Apocalypse_Gloom Haze/Assets/Invector-3rdPersonController_LITE/Scripts/CharacterController/vThirdPersonAnimator.cs" />
        <File uid="161" fullPath="D:/Project The Apocalypse_Gloom Haze_Local/The Apocalypse_Gloom Haze/Assets/Invector-3rdPersonController_LITE/Scripts/CharacterController/vThirdPersonController.cs" />
        <File uid="162" fullPath="D:/Project The Apocalypse_Gloom Haze_Local/The Apocalypse_Gloom Haze/Assets/Invector-3rdPersonController_LITE/Scripts/CharacterController/vThirdPersonInput.cs" />
        <File uid="163" fullPath="D:/Project The Apocalypse_Gloom Haze_Local/The Apocalypse_Gloom Haze/Assets/Invector-3rdPersonController_LITE/Scripts/CharacterController/vThirdPersonMotor.cs" />
        <File uid="164" fullPath="D:/Project The Apocalypse_Gloom Haze_Local/The Apocalypse_Gloom Haze/Assets/DialogueEditor/Assets/Scripts/Condition.cs" />
        <File uid="165" fullPath="D:/Project The Apocalypse_Gloom Haze_Local/The Apocalypse_Gloom Haze/Assets/DialogueEditor/Assets/Scripts/Connection.cs" />
        <File uid="166" fullPath="D:/Project The Apocalypse_Gloom Haze_Local/The Apocalypse_Gloom Haze/Assets/DialogueEditor/Assets/Scripts/Conversation.cs" />
        <File uid="167" fullPath="D:/Project The Apocalypse_Gloom Haze_Local/The Apocalypse_Gloom Haze/Assets/DialogueEditor/Assets/Scripts/ConversationNode.cs" />
        <File uid="168" fullPath="D:/Project The Apocalypse_Gloom Haze_Local/The Apocalypse_Gloom Haze/Assets/DialogueEditor/Assets/Scripts/EditableCondition.cs" />
        <File uid="169" fullPath="D:/Project The Apocalypse_Gloom Haze_Local/The Apocalypse_Gloom Haze/Assets/DialogueEditor/Assets/Scripts/EditableConnection.cs" />
        <File uid="170" fullPath="D:/Project The Apocalypse_Gloom Haze_Local/The Apocalypse_Gloom Haze/Assets/DialogueEditor/Assets/Scripts/EditableConversation.cs" />
        <File uid="171" fullPath="D:/Project The Apocalypse_Gloom Haze_Local/The Apocalypse_Gloom Haze/Assets/DialogueEditor/Assets/Scripts/EditableNode.cs" />
        <File uid="172" fullPath="D:/Project The Apocalypse_Gloom Haze_Local/The Apocalypse_Gloom Haze/Assets/DialogueEditor/Assets/Scripts/EditableParameter.cs" />
        <File uid="173" fullPath="D:/Project The Apocalypse_Gloom Haze_Local/The Apocalypse_Gloom Haze/Assets/DialogueEditor/Assets/Scripts/EditableSetParamAction.cs" />
        <File uid="174" fullPath="D:/Project The Apocalypse_Gloom Haze_Local/The Apocalypse_Gloom Haze/Assets/DialogueEditor/Assets/Scripts/NPCConversation.cs" />
        <File uid="175" fullPath="D:/Project The Apocalypse_Gloom Haze_Local/The Apocalypse_Gloom Haze/Assets/DialogueEditor/Assets/Scripts/Parameter.cs" />
        <File uid="176" fullPath="D:/Project The Apocalypse_Gloom Haze_Local/The Apocalypse_Gloom Haze/Assets/DialogueEditor/Assets/Scripts/SetParamAction.cs" />
        <File uid="177" fullPath="D:/Project The Apocalypse_Gloom Haze_Local/The Apocalypse_Gloom Haze/Assets/DialogueEditor/Assets/Scripts/UI/ConversationManager.cs" />
        <File uid="178" fullPath="D:/Project The Apocalypse_Gloom Haze_Local/The Apocalypse_Gloom Haze/Assets/DialogueEditor/Assets/Scripts/UI/UIConversationButton.cs" />
        <File uid="179" fullPath="D:/Project The Apocalypse_Gloom Haze_Local/The Apocalypse_Gloom Haze/Assets/DialogueEditor/Example/ExampleInputManager.cs" />
        <File uid="180" fullPath="D:/Project The Apocalypse_Gloom Haze_Local/The Apocalypse_Gloom Haze/Assets/AC Little Enchant Mesh VFX/Demo/Demo Script/DemoScript.cs" />
      </Files>
      <Classes>
        <Class>
          <Summary numSequencePoints="24" visitedSequencePoints="0" numBranchPoints="0" visitedBranchPoints="0" sequenceCoverage="0.0" branchCoverage="0.0" maxCyclomaticComplexity="0" minCyclomaticComplexity="0" maxCrapScore="0" minCrapScore="0" visitedClasses="0" numClasses="1" visitedMethods="0" numMethods="2" />
          <FullName>Invector.vExtensions</FullName>
          <Methods>
            <Method visited="false" cyclomaticComplexity="0" nPathComplexity="0" sequenceCoverage="0.0" branchCoverage="0" crapScore="0" isConstructor="false" isStatic="true" isGetter="false" isSetter="false">
              <Summary numSequencePoints="12" visitedSequencePoints="0" numBranchPoints="0" visitedBranchPoints="0" sequenceCoverage="0.0" branchCoverage="0" maxCyclomaticComplexity="0" minCyclomaticComplexity="0" maxCrapScore="0" minCrapScore="0" visitedClasses="0" numClasses="0" visitedMethods="0" numMethods="1" />
              <MetadataToken>100664145</MetadataToken>
              <Name>static Invector.vExtensions::Append[T](, )</Name>
              <FileRef uid="158" />
              <SequencePoints>
                <SequencePoint vc="0" uspid="161989" ordinal="0" offset="0" sl="10" sc="0" el="10" ec="0" bec="0" bev="0" fileid="158" />
                <SequencePoint vc="0" uspid="161990" ordinal="0" offset="1" sl="11" sc="0" el="11" ec="0" bec="0" bev="0" fileid="158" />
                <SequencePoint vc="0" uspid="161991" ordinal="0" offset="9" sl="12" sc="0" el="12" ec="0" bec="0" bev="0" fileid="158" />
                <SequencePoint vc="0" uspid="161992" ordinal="0" offset="10" sl="13" sc="0" el="13" ec="0" bec="0" bev="0" fileid="158" />
                <SequencePoint vc="0" uspid="161993" ordinal="0" offset="21" sl="15" sc="0" el="15" ec="0" bec="0" bev="0" fileid="158" />
                <SequencePoint vc="0" uspid="161994" ordinal="0" offset="45" sl="16" sc="0" el="16" ec="0" bec="0" bev="0" fileid="158" />
                <SequencePoint vc="0" uspid="161995" ordinal="0" offset="46" sl="17" sc="0" el="17" ec="0" bec="0" bev="0" fileid="158" />
                <SequencePoint vc="0" uspid="161996" ordinal="0" offset="57" sl="19" sc="0" el="19" ec="0" bec="0" bev="0" fileid="158" />
                <SequencePoint vc="0" uspid="161997" ordinal="0" offset="70" sl="20" sc="0" el="20" ec="0" bec="0" bev="0" fileid="158" />
                <SequencePoint vc="0" uspid="161998" ordinal="0" offset="79" sl="21" sc="0" el="21" ec="0" bec="0" bev="0" fileid="158" />
                <SequencePoint vc="0" uspid="161999" ordinal="0" offset="90" sl="23" sc="0" el="23" ec="0" bec="0" bev="0" fileid="158" />
                <SequencePoint vc="0" uspid="162000" ordinal="0" offset="94" sl="24" sc="0" el="24" ec="0" bec="0" bev="0" fileid="158" />
              </SequencePoints>
              <BranchPoints />
            </Method>
            <Method visited="false" cyclomaticComplexity="0" nPathComplexity="0" sequenceCoverage="0.0" branchCoverage="0" crapScore="0" isConstructor="false" isStatic="true" isGetter="false" isSetter="false">
              <Summary numSequencePoints="12" visitedSequencePoints="0" numBranchPoints="0" visitedBranchPoints="0" sequenceCoverage="0.0" branchCoverage="0" maxCyclomaticComplexity="0" minCyclomaticComplexity="0" maxCrapScore="0" minCrapScore="0" visitedClasses="0" numClasses="0" visitedMethods="0" numMethods="1" />
              <MetadataToken>100664146</MetadataToken>
              <Name>static Invector.vExtensions::vToArray[T](System.Collections.Generic.List[T])</Name>
              <FileRef uid="158" />
              <SequencePoints>
                <SequencePoint vc="0" uspid="162001" ordinal="0" offset="0" sl="27" sc="0" el="27" ec="0" bec="0" bev="0" fileid="158" />
                <SequencePoint vc="0" uspid="162002" ordinal="0" offset="1" sl="28" sc="0" el="28" ec="0" bec="0" bev="0" fileid="158" />
                <SequencePoint vc="0" uspid="162003" ordinal="0" offset="13" sl="29" sc="0" el="29" ec="0" bec="0" bev="0" fileid="158" />
                <SequencePoint vc="0" uspid="162004" ordinal="0" offset="32" sl="29" sc="0" el="29" ec="0" bec="0" bev="0" fileid="158" />
                <SequencePoint vc="0" uspid="162005" ordinal="0" offset="36" sl="30" sc="0" el="30" ec="0" bec="0" bev="0" fileid="158" />
                <SequencePoint vc="0" uspid="162006" ordinal="0" offset="40" sl="31" sc="0" el="31" ec="0" bec="0" bev="0" fileid="158" />
                <SequencePoint vc="0" uspid="162007" ordinal="0" offset="41" sl="32" sc="0" el="32" ec="0" bec="0" bev="0" fileid="158" />
                <SequencePoint vc="0" uspid="162008" ordinal="0" offset="55" sl="33" sc="0" el="33" ec="0" bec="0" bev="0" fileid="158" />
                <SequencePoint vc="0" uspid="162009" ordinal="0" offset="56" sl="30" sc="0" el="30" ec="0" bec="0" bev="0" fileid="158" />
                <SequencePoint vc="0" uspid="162010" ordinal="0" offset="60" sl="30" sc="0" el="30" ec="0" bec="0" bev="0" fileid="158" />
                <SequencePoint vc="0" uspid="162011" ordinal="0" offset="75" sl="34" sc="0" el="34" ec="0" bec="0" bev="0" fileid="158" />
                <SequencePoint vc="0" uspid="162012" ordinal="0" offset="79" sl="35" sc="0" el="35" ec="0" bec="0" bev="0" fileid="158" />
              </SequencePoints>
              <BranchPoints />
            </Method>
          </Methods>
        </Class>
      </Classes>
    </Module>
    <Module>
      <Summary numSequencePoints="420" visitedSequencePoints="0" numBranchPoints="0" visitedBranchPoints="0" sequenceCoverage="0.0" branchCoverage="0.0" maxCyclomaticComplexity="0" minCyclomaticComplexity="0" maxCrapScore="0" minCrapScore="0" visitedClasses="0" numClasses="11" visitedMethods="0" numMethods="51" />
      <ModuleTime>0001-01-01T00:00:00</ModuleTime>
      <ModuleName>Fusion.Unity</ModuleName>
      <Files>
        <File uid="181" fullPath="D:/Project The Apocalypse_Gloom Haze_Local/The Apocalypse_Gloom Haze/Assets/Photon/Fusion/Runtime/Fusion.Unity.cs" />
        <File uid="182" fullPath="D:/Project The Apocalypse_Gloom Haze_Local/The Apocalypse_Gloom Haze/Assets/Photon/Fusion/Runtime/FusionAddressablePrefabsPreloader.cs" />
        <File uid="183" fullPath="D:/Project The Apocalypse_Gloom Haze_Local/The Apocalypse_Gloom Haze/Assets/Photon/Fusion/Runtime/FusionBasicBillboard.cs" />
        <File uid="184" fullPath="D:/Project The Apocalypse_Gloom Haze_Local/The Apocalypse_Gloom Haze/Assets/Photon/Fusion/Runtime/FusionBootstrap.cs" />
        <File uid="185" fullPath="D:/Project The Apocalypse_Gloom Haze_Local/The Apocalypse_Gloom Haze/Assets/Photon/Fusion/Runtime/FusionBootstrapDebugGUI.cs" />
        <File uid="186" fullPath="D:/Project The Apocalypse_Gloom Haze_Local/The Apocalypse_Gloom Haze/Assets/Photon/Fusion/Runtime/NetworkCharacterController.cs" />
        <File uid="187" fullPath="D:/Project The Apocalypse_Gloom Haze_Local/The Apocalypse_Gloom Haze/Assets/Photon/Fusion/Runtime/NetworkObjectProviderDefault.cs" />
        <File uid="188" fullPath="D:/Project The Apocalypse_Gloom Haze_Local/The Apocalypse_Gloom Haze/Assets/Photon/Fusion/Runtime/NetworkSceneManagerDefault.cs" />
        <File uid="189" fullPath="D:/Project The Apocalypse_Gloom Haze_Local/The Apocalypse_Gloom Haze/Assets/Photon/Fusion/Runtime/Utilities/RunnerVisibility/EnableOnSingleRunner.cs" />
        <File uid="190" fullPath="D:/Project The Apocalypse_Gloom Haze_Local/The Apocalypse_Gloom Haze/Assets/Photon/Fusion/Runtime/Utilities/RunnerVisibility/RunnerAOIGizmos.cs" />
        <File uid="191" fullPath="D:/Project The Apocalypse_Gloom Haze_Local/The Apocalypse_Gloom Haze/Assets/Photon/Fusion/Runtime/Utilities/RunnerVisibility/RunnerEnableVisibility.cs" />
        <File uid="192" fullPath="D:/Project The Apocalypse_Gloom Haze_Local/The Apocalypse_Gloom Haze/Assets/Photon/Fusion/Runtime/Utilities/RunnerVisibility/RunnerLagCompensationGizmos.cs" />
        <File uid="193" fullPath="D:/Project The Apocalypse_Gloom Haze_Local/The Apocalypse_Gloom Haze/Assets/Photon/Fusion/Runtime/Utilities/RunnerVisibility/RunnerVisibilityLink.cs" />
        <File uid="194" fullPath="D:/Project The Apocalypse_Gloom Haze_Local/The Apocalypse_Gloom Haze/Assets/Photon/Fusion/Runtime/Utilities/RunnerVisibility/RunnerVisibilityLinksRoot.cs" />
        <File uid="195" fullPath="D:/Project The Apocalypse_Gloom Haze_Local/The Apocalypse_Gloom Haze/Assets/Photon/Fusion/Runtime/Statistics/FusionNetworkObjectStatistics.cs" />
        <File uid="196" fullPath="D:/Project The Apocalypse_Gloom Haze_Local/The Apocalypse_Gloom Haze/Assets/Photon/Fusion/Runtime/Statistics/FusionNetworkObjectStatsGraph.cs" />
        <File uid="197" fullPath="D:/Project The Apocalypse_Gloom Haze_Local/The Apocalypse_Gloom Haze/Assets/Photon/Fusion/Runtime/Statistics/FusionNetworkObjectStatsGraphCombine.cs" />
        <File uid="198" fullPath="D:/Project The Apocalypse_Gloom Haze_Local/The Apocalypse_Gloom Haze/Assets/Photon/Fusion/Runtime/Statistics/FusionStatistics.cs" />
        <File uid="199" fullPath="D:/Project The Apocalypse_Gloom Haze_Local/The Apocalypse_Gloom Haze/Assets/Photon/Fusion/Runtime/Statistics/FusionStatsCanvas.cs" />
        <File uid="200" fullPath="D:/Project The Apocalypse_Gloom Haze_Local/The Apocalypse_Gloom Haze/Assets/Photon/Fusion/Runtime/Statistics/FusionStatsConfig.cs" />
        <File uid="201" fullPath="D:/Project The Apocalypse_Gloom Haze_Local/The Apocalypse_Gloom Haze/Assets/Photon/Fusion/Runtime/Statistics/FusionStatsGraphDefault.cs" />
        <File uid="202" fullPath="D:/Project The Apocalypse_Gloom Haze_Local/The Apocalypse_Gloom Haze/Assets/Photon/Fusion/Runtime/Statistics/FusionStatsPanelHeader.cs" />
        <File uid="203" fullPath="D:/Project The Apocalypse_Gloom Haze_Local/The Apocalypse_Gloom Haze/Assets/Photon/Fusion/Runtime/Statistics/FusionStatsWorldAnchor.cs" />
      </Files>
      <Classes>
        <Class>
          <Summary numSequencePoints="93" visitedSequencePoints="0" numBranchPoints="0" visitedBranchPoints="0" sequenceCoverage="0.0" branchCoverage="0.0" maxCyclomaticComplexity="0" minCyclomaticComplexity="0" maxCrapScore="0" minCrapScore="0" visitedClasses="0" numClasses="1" visitedMethods="0" numMethods="11" />
          <FullName>Fusion.NetworkAssetSourceAddressable[T]</FullName>
          <Methods>
            <Method visited="false" cyclomaticComplexity="0" nPathComplexity="0" sequenceCoverage="0.0" branchCoverage="0" crapScore="0" isConstructor="false" isStatic="false" isGetter="true" isSetter="false">
              <Summary numSequencePoints="6" visitedSequencePoints="0" numBranchPoints="0" visitedBranchPoints="0" sequenceCoverage="0.0" branchCoverage="0" maxCyclomaticComplexity="0" minCyclomaticComplexity="0" maxCrapScore="0" minCrapScore="0" visitedClasses="0" numClasses="0" visitedMethods="0" numMethods="1" />
              <MetadataToken>100663299</MetadataToken>
              <Name>UnityEngine.AddressableAssets.AssetReference Fusion.NetworkAssetSourceAddressable[T]::get_Address()</Name>
              <FileRef uid="181" />
              <SequencePoints>
                <SequencePoint vc="0" uspid="164000" ordinal="0" offset="0" sl="27" sc="0" el="27" ec="0" bec="0" bev="0" fileid="181" />
                <SequencePoint vc="0" uspid="164001" ordinal="0" offset="1" sl="28" sc="0" el="28" ec="0" bec="0" bev="0" fileid="181" />
                <SequencePoint vc="0" uspid="164002" ordinal="0" offset="16" sl="28" sc="0" el="28" ec="0" bec="0" bev="0" fileid="181" />
                <SequencePoint vc="0" uspid="164003" ordinal="0" offset="17" sl="29" sc="0" el="29" ec="0" bec="0" bev="0" fileid="181" />
                <SequencePoint vc="0" uspid="164004" ordinal="0" offset="21" sl="31" sc="0" el="31" ec="0" bec="0" bev="0" fileid="181" />
                <SequencePoint vc="0" uspid="164005" ordinal="0" offset="35" sl="32" sc="0" el="32" ec="0" bec="0" bev="0" fileid="181" />
              </SequencePoints>
              <BranchPoints />
            </Method>
            <Method visited="false" cyclomaticComplexity="0" nPathComplexity="0" sequenceCoverage="0.0" branchCoverage="0" crapScore="0" isConstructor="false" isStatic="false" isGetter="false" isSetter="true">
              <Summary numSequencePoints="9" visitedSequencePoints="0" numBranchPoints="0" visitedBranchPoints="0" sequenceCoverage="0.0" branchCoverage="0" maxCyclomaticComplexity="0" minCyclomaticComplexity="0" maxCrapScore="0" minCrapScore="0" visitedClasses="0" numClasses="0" visitedMethods="0" numMethods="1" />
              <MetadataToken>100663300</MetadataToken>
              <Name>System.Void Fusion.NetworkAssetSourceAddressable[T]::set_Address(UnityEngine.AddressableAssets.AssetReference)</Name>
              <FileRef uid="181" />
              <SequencePoints>
                <SequencePoint vc="0" uspid="164006" ordinal="0" offset="0" sl="33" sc="0" el="33" ec="0" bec="0" bev="0" fileid="181" />
                <SequencePoint vc="0" uspid="164007" ordinal="0" offset="1" sl="34" sc="0" el="34" ec="0" bec="0" bev="0" fileid="181" />
                <SequencePoint vc="0" uspid="164008" ordinal="0" offset="11" sl="34" sc="0" el="34" ec="0" bec="0" bev="0" fileid="181" />
                <SequencePoint vc="0" uspid="164009" ordinal="0" offset="12" sl="35" sc="0" el="35" ec="0" bec="0" bev="0" fileid="181" />
                <SequencePoint vc="0" uspid="164010" ordinal="0" offset="29" sl="36" sc="0" el="36" ec="0" bec="0" bev="0" fileid="181" />
                <SequencePoint vc="0" uspid="164011" ordinal="0" offset="32" sl="36" sc="0" el="36" ec="0" bec="0" bev="0" fileid="181" />
                <SequencePoint vc="0" uspid="164012" ordinal="0" offset="33" sl="37" sc="0" el="37" ec="0" bec="0" bev="0" fileid="181" />
                <SequencePoint vc="0" uspid="164013" ordinal="0" offset="44" sl="38" sc="0" el="38" ec="0" bec="0" bev="0" fileid="181" />
                <SequencePoint vc="0" uspid="164014" ordinal="0" offset="45" sl="39" sc="0" el="39" ec="0" bec="0" bev="0" fileid="181" />
              </SequencePoints>
              <BranchPoints />
            </Method>
            <Method visited="false" cyclomaticComplexity="0" nPathComplexity="0" sequenceCoverage="0.0" branchCoverage="0" crapScore="0" isConstructor="false" isStatic="false" isGetter="false" isSetter="false">
              <Summary numSequencePoints="7" visitedSequencePoints="0" numBranchPoints="0" visitedBranchPoints="0" sequenceCoverage="0.0" branchCoverage="0" maxCyclomaticComplexity="0" minCyclomaticComplexity="0" maxCrapScore="0" minCrapScore="0" visitedClasses="0" numClasses="0" visitedMethods="0" numMethods="1" />
              <MetadataToken>100663301</MetadataToken>
              <Name>System.Void Fusion.NetworkAssetSourceAddressable[T]::Acquire(System.Boolean)</Name>
              <FileRef uid="181" />
              <SequencePoints>
                <SequencePoint vc="0" uspid="164015" ordinal="0" offset="0" sl="55" sc="0" el="55" ec="0" bec="0" bev="0" fileid="181" />
                <SequencePoint vc="0" uspid="164016" ordinal="0" offset="1" sl="56" sc="0" el="56" ec="0" bec="0" bev="0" fileid="181" />
                <SequencePoint vc="0" uspid="164017" ordinal="0" offset="14" sl="56" sc="0" el="56" ec="0" bec="0" bev="0" fileid="181" />
                <SequencePoint vc="0" uspid="164018" ordinal="0" offset="15" sl="57" sc="0" el="57" ec="0" bec="0" bev="0" fileid="181" />
                <SequencePoint vc="0" uspid="164019" ordinal="0" offset="23" sl="58" sc="0" el="58" ec="0" bec="0" bev="0" fileid="181" />
                <SequencePoint vc="0" uspid="164020" ordinal="0" offset="24" sl="59" sc="0" el="59" ec="0" bec="0" bev="0" fileid="181" />
                <SequencePoint vc="0" uspid="164021" ordinal="0" offset="38" sl="60" sc="0" el="60" ec="0" bec="0" bev="0" fileid="181" />
              </SequencePoints>
              <BranchPoints />
            </Method>
            <Method visited="false" cyclomaticComplexity="0" nPathComplexity="0" sequenceCoverage="0.0" branchCoverage="0" crapScore="0" isConstructor="false" isStatic="false" isGetter="false" isSetter="false">
              <Summary numSequencePoints="9" visitedSequencePoints="0" numBranchPoints="0" visitedBranchPoints="0" sequenceCoverage="0.0" branchCoverage="0" maxCyclomaticComplexity="0" minCyclomaticComplexity="0" maxCrapScore="0" minCrapScore="0" visitedClasses="0" numClasses="0" visitedMethods="0" numMethods="1" />
              <MetadataToken>100663302</MetadataToken>
              <Name>System.Void Fusion.NetworkAssetSourceAddressable[T]::Release()</Name>
              <FileRef uid="181" />
              <SequencePoints>
                <SequencePoint vc="0" uspid="164022" ordinal="0" offset="0" sl="63" sc="0" el="63" ec="0" bec="0" bev="0" fileid="181" />
                <SequencePoint vc="0" uspid="164023" ordinal="0" offset="1" sl="64" sc="0" el="64" ec="0" bec="0" bev="0" fileid="181" />
                <SequencePoint vc="0" uspid="164024" ordinal="0" offset="17" sl="64" sc="0" el="64" ec="0" bec="0" bev="0" fileid="181" />
                <SequencePoint vc="0" uspid="164025" ordinal="0" offset="18" sl="65" sc="0" el="65" ec="0" bec="0" bev="0" fileid="181" />
                <SequencePoint vc="0" uspid="164026" ordinal="0" offset="29" sl="67" sc="0" el="67" ec="0" bec="0" bev="0" fileid="181" />
                <SequencePoint vc="0" uspid="164027" ordinal="0" offset="53" sl="67" sc="0" el="67" ec="0" bec="0" bev="0" fileid="181" />
                <SequencePoint vc="0" uspid="164028" ordinal="0" offset="54" sl="68" sc="0" el="68" ec="0" bec="0" bev="0" fileid="181" />
                <SequencePoint vc="0" uspid="164029" ordinal="0" offset="61" sl="69" sc="0" el="69" ec="0" bec="0" bev="0" fileid="181" />
                <SequencePoint vc="0" uspid="164030" ordinal="0" offset="62" sl="70" sc="0" el="70" ec="0" bec="0" bev="0" fileid="181" />
              </SequencePoints>
              <BranchPoints />
            </Method>
            <Method visited="false" cyclomaticComplexity="0" nPathComplexity="0" sequenceCoverage="0.0" branchCoverage="0" crapScore="0" isConstructor="false" isStatic="false" isGetter="true" isSetter="false">
              <Summary numSequencePoints="1" visitedSequencePoints="0" numBranchPoints="0" visitedBranchPoints="0" sequenceCoverage="0.0" branchCoverage="0" maxCyclomaticComplexity="0" minCyclomaticComplexity="0" maxCrapScore="0" minCrapScore="0" visitedClasses="0" numClasses="0" visitedMethods="0" numMethods="1" />
              <MetadataToken>100663303</MetadataToken>
              <Name>System.Boolean Fusion.NetworkAssetSourceAddressable[T]::get_IsCompleted()</Name>
              <FileRef uid="181" />
              <SequencePoints>
                <SequencePoint vc="0" uspid="164031" ordinal="0" offset="0" sl="73" sc="0" el="73" ec="0" bec="0" bev="0" fileid="181" />
              </SequencePoints>
              <BranchPoints />
            </Method>
            <Method visited="false" cyclomaticComplexity="0" nPathComplexity="0" sequenceCoverage="0.0" branchCoverage="0" crapScore="0" isConstructor="false" isStatic="false" isGetter="false" isSetter="false">
              <Summary numSequencePoints="18" visitedSequencePoints="0" numBranchPoints="0" visitedBranchPoints="0" sequenceCoverage="0.0" branchCoverage="0" maxCyclomaticComplexity="0" minCyclomaticComplexity="0" maxCrapScore="0" minCrapScore="0" visitedClasses="0" numClasses="0" visitedMethods="0" numMethods="1" />
              <MetadataToken>100663304</MetadataToken>
              <Name>T Fusion.NetworkAssetSourceAddressable[T]::WaitForResult()</Name>
              <FileRef uid="181" />
              <SequencePoints>
                <SequencePoint vc="0" uspid="164032" ordinal="0" offset="0" sl="76" sc="0" el="76" ec="0" bec="0" bev="0" fileid="181" />
                <SequencePoint vc="0" uspid="164033" ordinal="0" offset="1" sl="77" sc="0" el="77" ec="0" bec="0" bev="0" fileid="181" />
                <SequencePoint vc="0" uspid="164034" ordinal="0" offset="23" sl="78" sc="0" el="78" ec="0" bec="0" bev="0" fileid="181" />
                <SequencePoint vc="0" uspid="164035" ordinal="0" offset="41" sl="78" sc="0" el="78" ec="0" bec="0" bev="0" fileid="181" />
                <SequencePoint vc="0" uspid="164036" ordinal="0" offset="42" sl="79" sc="0" el="79" ec="0" bec="0" bev="0" fileid="181" />
                <SequencePoint vc="0" uspid="164037" ordinal="0" offset="43" sl="80" sc="0" el="80" ec="0" bec="0" bev="0" fileid="181" />
                <SequencePoint vc="0" uspid="164038" ordinal="0" offset="55" sl="81" sc="0" el="81" ec="0" bec="0" bev="0" fileid="181" />
                <SequencePoint vc="0" uspid="164039" ordinal="0" offset="71" sl="81" sc="0" el="81" ec="0" bec="0" bev="0" fileid="181" />
                <SequencePoint vc="0" uspid="164040" ordinal="0" offset="110" sl="81" sc="0" el="81" ec="0" bec="0" bev="0" fileid="181" />
                <SequencePoint vc="0" uspid="164041" ordinal="0" offset="111" sl="82" sc="0" el="82" ec="0" bec="0" bev="0" fileid="181" />
                <SequencePoint vc="0" uspid="164042" ordinal="0" offset="149" sl="84" sc="0" el="84" ec="0" bec="0" bev="0" fileid="181" />
                <SequencePoint vc="0" uspid="164043" ordinal="0" offset="151" sl="86" sc="0" el="86" ec="0" bec="0" bev="0" fileid="181" />
                <SequencePoint vc="0" uspid="164044" ordinal="0" offset="152" sl="88" sc="0" el="88" ec="0" bec="0" bev="0" fileid="181" />
                <SequencePoint vc="0" uspid="164045" ordinal="0" offset="170" sl="88" sc="0" el="88" ec="0" bec="0" bev="0" fileid="181" />
                <SequencePoint vc="0" uspid="164046" ordinal="0" offset="171" sl="89" sc="0" el="89" ec="0" bec="0" bev="0" fileid="181" />
                <SequencePoint vc="0" uspid="164047" ordinal="0" offset="204" sl="92" sc="0" el="92" ec="0" bec="0" bev="0" fileid="181" />
                <SequencePoint vc="0" uspid="164048" ordinal="0" offset="229" sl="93" sc="0" el="93" ec="0" bec="0" bev="0" fileid="181" />
                <SequencePoint vc="0" uspid="164049" ordinal="0" offset="250" sl="94" sc="0" el="94" ec="0" bec="0" bev="0" fileid="181" />
              </SequencePoints>
              <BranchPoints />
            </Method>
            <Method visited="false" cyclomaticComplexity="0" nPathComplexity="0" sequenceCoverage="0.0" branchCoverage="0" crapScore="0" isConstructor="false" isStatic="false" isGetter="false" isSetter="false">
              <Summary numSequencePoints="14" visitedSequencePoints="0" numBranchPoints="0" visitedBranchPoints="0" sequenceCoverage="0.0" branchCoverage="0" maxCyclomaticComplexity="0" minCyclomaticComplexity="0" maxCrapScore="0" minCrapScore="0" visitedClasses="0" numClasses="0" visitedMethods="0" numMethods="1" />
              <MetadataToken>100663305</MetadataToken>
              <Name>System.Void Fusion.NetworkAssetSourceAddressable[T]::LoadInternal(System.Boolean)</Name>
              <FileRef uid="181" />
              <SequencePoints>
                <SequencePoint vc="0" uspid="164050" ordinal="0" offset="0" sl="96" sc="0" el="96" ec="0" bec="0" bev="0" fileid="181" />
                <SequencePoint vc="0" uspid="164051" ordinal="0" offset="1" sl="97" sc="0" el="97" ec="0" bec="0" bev="0" fileid="181" />
                <SequencePoint vc="0" uspid="164052" ordinal="0" offset="26" sl="99" sc="0" el="99" ec="0" bec="0" bev="0" fileid="181" />
                <SequencePoint vc="0" uspid="164053" ordinal="0" offset="48" sl="100" sc="0" el="100" ec="0" bec="0" bev="0" fileid="181" />
                <SequencePoint vc="0" uspid="164054" ordinal="0" offset="66" sl="100" sc="0" el="100" ec="0" bec="0" bev="0" fileid="181" />
                <SequencePoint vc="0" uspid="164055" ordinal="0" offset="67" sl="101" sc="0" el="101" ec="0" bec="0" bev="0" fileid="181" />
                <SequencePoint vc="0" uspid="164056" ordinal="0" offset="89" sl="103" sc="0" el="103" ec="0" bec="0" bev="0" fileid="181" />
                <SequencePoint vc="0" uspid="164057" ordinal="0" offset="107" sl="103" sc="0" el="103" ec="0" bec="0" bev="0" fileid="181" />
                <SequencePoint vc="0" uspid="164058" ordinal="0" offset="108" sl="104" sc="0" el="104" ec="0" bec="0" bev="0" fileid="181" />
                <SequencePoint vc="0" uspid="164059" ordinal="0" offset="141" sl="107" sc="0" el="107" ec="0" bec="0" bev="0" fileid="181" />
                <SequencePoint vc="0" uspid="164060" ordinal="0" offset="146" sl="107" sc="0" el="107" ec="0" bec="0" bev="0" fileid="181" />
                <SequencePoint vc="0" uspid="164061" ordinal="0" offset="147" sl="108" sc="0" el="108" ec="0" bec="0" bev="0" fileid="181" />
                <SequencePoint vc="0" uspid="164062" ordinal="0" offset="159" sl="109" sc="0" el="109" ec="0" bec="0" bev="0" fileid="181" />
                <SequencePoint vc="0" uspid="164063" ordinal="0" offset="160" sl="110" sc="0" el="110" ec="0" bec="0" bev="0" fileid="181" />
              </SequencePoints>
              <BranchPoints />
            </Method>
            <Method visited="false" cyclomaticComplexity="0" nPathComplexity="0" sequenceCoverage="0.0" branchCoverage="0" crapScore="0" isConstructor="false" isStatic="false" isGetter="false" isSetter="false">
              <Summary numSequencePoints="8" visitedSequencePoints="0" numBranchPoints="0" visitedBranchPoints="0" sequenceCoverage="0.0" branchCoverage="0" maxCyclomaticComplexity="0" minCyclomaticComplexity="0" maxCrapScore="0" minCrapScore="0" visitedClasses="0" numClasses="0" visitedMethods="0" numMethods="1" />
              <MetadataToken>100663306</MetadataToken>
              <Name>System.Void Fusion.NetworkAssetSourceAddressable[T]::UnloadInternal()</Name>
              <FileRef uid="181" />
              <SequencePoints>
                <SequencePoint vc="0" uspid="164064" ordinal="0" offset="0" sl="112" sc="0" el="112" ec="0" bec="0" bev="0" fileid="181" />
                <SequencePoint vc="0" uspid="164065" ordinal="0" offset="1" sl="113" sc="0" el="113" ec="0" bec="0" bev="0" fileid="181" />
                <SequencePoint vc="0" uspid="164066" ordinal="0" offset="16" sl="113" sc="0" el="113" ec="0" bec="0" bev="0" fileid="181" />
                <SequencePoint vc="0" uspid="164067" ordinal="0" offset="17" sl="114" sc="0" el="114" ec="0" bec="0" bev="0" fileid="181" />
                <SequencePoint vc="0" uspid="164068" ordinal="0" offset="24" sl="115" sc="0" el="115" ec="0" bec="0" bev="0" fileid="181" />
                <SequencePoint vc="0" uspid="164069" ordinal="0" offset="36" sl="116" sc="0" el="116" ec="0" bec="0" bev="0" fileid="181" />
                <SequencePoint vc="0" uspid="164070" ordinal="0" offset="43" sl="117" sc="0" el="117" ec="0" bec="0" bev="0" fileid="181" />
                <SequencePoint vc="0" uspid="164071" ordinal="0" offset="44" sl="118" sc="0" el="118" ec="0" bec="0" bev="0" fileid="181" />
              </SequencePoints>
              <BranchPoints />
            </Method>
            <Method visited="false" cyclomaticComplexity="0" nPathComplexity="0" sequenceCoverage="0.0" branchCoverage="0" crapScore="0" isConstructor="false" isStatic="false" isGetter="false" isSetter="false">
              <Summary numSequencePoints="19" visitedSequencePoints="0" numBranchPoints="0" visitedBranchPoints="0" sequenceCoverage="0.0" branchCoverage="0" maxCyclomaticComplexity="0" minCyclomaticComplexity="0" maxCrapScore="0" minCrapScore="0" visitedClasses="0" numClasses="0" visitedMethods="0" numMethods="1" />
              <MetadataToken>100663307</MetadataToken>
              <Name>T Fusion.NetworkAssetSourceAddressable[T]::ValidateResult(System.Object)</Name>
              <FileRef uid="181" />
              <SequencePoints>
                <SequencePoint vc="0" uspid="164072" ordinal="0" offset="0" sl="120" sc="0" el="120" ec="0" bec="0" bev="0" fileid="181" />
                <SequencePoint vc="0" uspid="164073" ordinal="0" offset="1" sl="121" sc="0" el="121" ec="0" bec="0" bev="0" fileid="181" />
                <SequencePoint vc="0" uspid="164074" ordinal="0" offset="9" sl="121" sc="0" el="121" ec="0" bec="0" bev="0" fileid="181" />
                <SequencePoint vc="0" uspid="164075" ordinal="0" offset="10" sl="122" sc="0" el="122" ec="0" bec="0" bev="0" fileid="181" />
                <SequencePoint vc="0" uspid="164076" ordinal="0" offset="37" sl="124" sc="0" el="124" ec="0" bec="0" bev="0" fileid="181" />
                <SequencePoint vc="0" uspid="164077" ordinal="0" offset="66" sl="124" sc="0" el="124" ec="0" bec="0" bev="0" fileid="181" />
                <SequencePoint vc="0" uspid="164078" ordinal="0" offset="67" sl="125" sc="0" el="125" ec="0" bec="0" bev="0" fileid="181" />
                <SequencePoint vc="0" uspid="164079" ordinal="0" offset="87" sl="125" sc="0" el="125" ec="0" bec="0" bev="0" fileid="181" />
                <SequencePoint vc="0" uspid="164080" ordinal="0" offset="88" sl="126" sc="0" el="126" ec="0" bec="0" bev="0" fileid="181" />
                <SequencePoint vc="0" uspid="164081" ordinal="0" offset="116" sl="129" sc="0" el="129" ec="0" bec="0" bev="0" fileid="181" />
                <SequencePoint vc="0" uspid="164082" ordinal="0" offset="129" sl="130" sc="0" el="130" ec="0" bec="0" bev="0" fileid="181" />
                <SequencePoint vc="0" uspid="164083" ordinal="0" offset="150" sl="130" sc="0" el="130" ec="0" bec="0" bev="0" fileid="181" />
                <SequencePoint vc="0" uspid="164084" ordinal="0" offset="151" sl="131" sc="0" el="131" ec="0" bec="0" bev="0" fileid="181" />
                <SequencePoint vc="0" uspid="164085" ordinal="0" offset="183" sl="134" sc="0" el="134" ec="0" bec="0" bev="0" fileid="181" />
                <SequencePoint vc="0" uspid="164086" ordinal="0" offset="189" sl="137" sc="0" el="137" ec="0" bec="0" bev="0" fileid="181" />
                <SequencePoint vc="0" uspid="164087" ordinal="0" offset="216" sl="137" sc="0" el="137" ec="0" bec="0" bev="0" fileid="181" />
                <SequencePoint vc="0" uspid="164088" ordinal="0" offset="217" sl="138" sc="0" el="138" ec="0" bec="0" bev="0" fileid="181" />
                <SequencePoint vc="0" uspid="164089" ordinal="0" offset="222" sl="141" sc="0" el="141" ec="0" bec="0" bev="0" fileid="181" />
                <SequencePoint vc="0" uspid="164090" ordinal="0" offset="260" sl="142" sc="0" el="142" ec="0" bec="0" bev="0" fileid="181" />
              </SequencePoints>
              <BranchPoints />
            </Method>
            <Method visited="false" cyclomaticComplexity="0" nPathComplexity="0" sequenceCoverage="0.0" branchCoverage="0" crapScore="0" isConstructor="false" isStatic="false" isGetter="true" isSetter="false">
              <Summary numSequencePoints="1" visitedSequencePoints="0" numBranchPoints="0" visitedBranchPoints="0" sequenceCoverage="0.0" branchCoverage="0" maxCyclomaticComplexity="0" minCyclomaticComplexity="0" maxCrapScore="0" minCrapScore="0" visitedClasses="0" numClasses="0" visitedMethods="0" numMethods="1" />
              <MetadataToken>100663308</MetadataToken>
              <Name>System.String Fusion.NetworkAssetSourceAddressable[T]::get_Description()</Name>
              <FileRef uid="181" />
              <SequencePoints>
                <SequencePoint vc="0" uspid="164091" ordinal="0" offset="0" sl="145" sc="0" el="145" ec="0" bec="0" bev="0" fileid="181" />
              </SequencePoints>
              <BranchPoints />
            </Method>
            <Method visited="false" cyclomaticComplexity="0" nPathComplexity="0" sequenceCoverage="0.0" branchCoverage="0" crapScore="0" isConstructor="false" isStatic="false" isGetter="true" isSetter="false">
              <Summary numSequencePoints="1" visitedSequencePoints="0" numBranchPoints="0" visitedBranchPoints="0" sequenceCoverage="0.0" branchCoverage="0" maxCyclomaticComplexity="0" minCyclomaticComplexity="0" maxCrapScore="0" minCrapScore="0" visitedClasses="0" numClasses="0" visitedMethods="0" numMethods="1" />
              <MetadataToken>100663309</MetadataToken>
              <Name>T Fusion.NetworkAssetSourceAddressable[T]::get_EditorInstance()</Name>
              <FileRef uid="181" />
              <SequencePoints>
                <SequencePoint vc="0" uspid="164092" ordinal="0" offset="0" sl="149" sc="0" el="149" ec="0" bec="0" bev="0" fileid="181" />
              </SequencePoints>
              <BranchPoints />
            </Method>
          </Methods>
        </Class>
        <Class>
          <Summary numSequencePoints="110" visitedSequencePoints="0" numBranchPoints="0" visitedBranchPoints="0" sequenceCoverage="0.0" branchCoverage="0.0" maxCyclomaticComplexity="0" minCyclomaticComplexity="0" maxCrapScore="0" minCrapScore="0" visitedClasses="0" numClasses="1" visitedMethods="0" numMethods="10" />
          <FullName>Fusion.NetworkAssetSourceResource[T]</FullName>
          <Methods>
            <Method visited="false" cyclomaticComplexity="0" nPathComplexity="0" sequenceCoverage="0.0" branchCoverage="0" crapScore="0" isConstructor="false" isStatic="false" isGetter="false" isSetter="false">
              <Summary numSequencePoints="7" visitedSequencePoints="0" numBranchPoints="0" visitedBranchPoints="0" sequenceCoverage="0.0" branchCoverage="0" maxCyclomaticComplexity="0" minCyclomaticComplexity="0" maxCrapScore="0" minCrapScore="0" visitedClasses="0" numClasses="0" visitedMethods="0" numMethods="1" />
              <MetadataToken>100663311</MetadataToken>
              <Name>System.Void Fusion.NetworkAssetSourceResource[T]::Acquire(System.Boolean)</Name>
              <FileRef uid="181" />
              <SequencePoints>
                <SequencePoint vc="0" uspid="164093" ordinal="0" offset="0" sl="193" sc="0" el="193" ec="0" bec="0" bev="0" fileid="181" />
                <SequencePoint vc="0" uspid="164094" ordinal="0" offset="1" sl="194" sc="0" el="194" ec="0" bec="0" bev="0" fileid="181" />
                <SequencePoint vc="0" uspid="164095" ordinal="0" offset="14" sl="194" sc="0" el="194" ec="0" bec="0" bev="0" fileid="181" />
                <SequencePoint vc="0" uspid="164096" ordinal="0" offset="15" sl="195" sc="0" el="195" ec="0" bec="0" bev="0" fileid="181" />
                <SequencePoint vc="0" uspid="164097" ordinal="0" offset="23" sl="196" sc="0" el="196" ec="0" bec="0" bev="0" fileid="181" />
                <SequencePoint vc="0" uspid="164098" ordinal="0" offset="24" sl="197" sc="0" el="197" ec="0" bec="0" bev="0" fileid="181" />
                <SequencePoint vc="0" uspid="164099" ordinal="0" offset="38" sl="198" sc="0" el="198" ec="0" bec="0" bev="0" fileid="181" />
              </SequencePoints>
              <BranchPoints />
            </Method>
            <Method visited="false" cyclomaticComplexity="0" nPathComplexity="0" sequenceCoverage="0.0" branchCoverage="0" crapScore="0" isConstructor="false" isStatic="false" isGetter="false" isSetter="false">
              <Summary numSequencePoints="9" visitedSequencePoints="0" numBranchPoints="0" visitedBranchPoints="0" sequenceCoverage="0.0" branchCoverage="0" maxCyclomaticComplexity="0" minCyclomaticComplexity="0" maxCrapScore="0" minCrapScore="0" visitedClasses="0" numClasses="0" visitedMethods="0" numMethods="1" />
              <MetadataToken>100663312</MetadataToken>
              <Name>System.Void Fusion.NetworkAssetSourceResource[T]::Release()</Name>
              <FileRef uid="181" />
              <SequencePoints>
                <SequencePoint vc="0" uspid="164100" ordinal="0" offset="0" sl="205" sc="0" el="205" ec="0" bec="0" bev="0" fileid="181" />
                <SequencePoint vc="0" uspid="164101" ordinal="0" offset="1" sl="206" sc="0" el="206" ec="0" bec="0" bev="0" fileid="181" />
                <SequencePoint vc="0" uspid="164102" ordinal="0" offset="17" sl="206" sc="0" el="206" ec="0" bec="0" bev="0" fileid="181" />
                <SequencePoint vc="0" uspid="164103" ordinal="0" offset="18" sl="207" sc="0" el="207" ec="0" bec="0" bev="0" fileid="181" />
                <SequencePoint vc="0" uspid="164104" ordinal="0" offset="29" sl="209" sc="0" el="209" ec="0" bec="0" bev="0" fileid="181" />
                <SequencePoint vc="0" uspid="164105" ordinal="0" offset="53" sl="209" sc="0" el="209" ec="0" bec="0" bev="0" fileid="181" />
                <SequencePoint vc="0" uspid="164106" ordinal="0" offset="54" sl="210" sc="0" el="210" ec="0" bec="0" bev="0" fileid="181" />
                <SequencePoint vc="0" uspid="164107" ordinal="0" offset="61" sl="211" sc="0" el="211" ec="0" bec="0" bev="0" fileid="181" />
                <SequencePoint vc="0" uspid="164108" ordinal="0" offset="62" sl="212" sc="0" el="212" ec="0" bec="0" bev="0" fileid="181" />
              </SequencePoints>
              <BranchPoints />
            </Method>
            <Method visited="false" cyclomaticComplexity="0" nPathComplexity="0" sequenceCoverage="0.0" branchCoverage="0" crapScore="0" isConstructor="false" isStatic="false" isGetter="true" isSetter="false">
              <Summary numSequencePoints="9" visitedSequencePoints="0" numBranchPoints="0" visitedBranchPoints="0" sequenceCoverage="0.0" branchCoverage="0" maxCyclomaticComplexity="0" minCyclomaticComplexity="0" maxCrapScore="0" minCrapScore="0" visitedClasses="0" numClasses="0" visitedMethods="0" numMethods="1" />
              <MetadataToken>100663313</MetadataToken>
              <Name>System.Boolean Fusion.NetworkAssetSourceResource[T]::get_IsCompleted()</Name>
              <FileRef uid="181" />
              <SequencePoints>
                <SequencePoint vc="0" uspid="164109" ordinal="0" offset="0" sl="218" sc="0" el="218" ec="0" bec="0" bev="0" fileid="181" />
                <SequencePoint vc="0" uspid="164110" ordinal="0" offset="1" sl="219" sc="0" el="219" ec="0" bec="0" bev="0" fileid="181" />
                <SequencePoint vc="0" uspid="164111" ordinal="0" offset="14" sl="219" sc="0" el="219" ec="0" bec="0" bev="0" fileid="181" />
                <SequencePoint vc="0" uspid="164112" ordinal="0" offset="15" sl="221" sc="0" el="221" ec="0" bec="0" bev="0" fileid="181" />
                <SequencePoint vc="0" uspid="164113" ordinal="0" offset="19" sl="224" sc="0" el="224" ec="0" bec="0" bev="0" fileid="181" />
                <SequencePoint vc="0" uspid="164114" ordinal="0" offset="50" sl="224" sc="0" el="224" ec="0" bec="0" bev="0" fileid="181" />
                <SequencePoint vc="0" uspid="164115" ordinal="0" offset="51" sl="226" sc="0" el="226" ec="0" bec="0" bev="0" fileid="181" />
                <SequencePoint vc="0" uspid="164116" ordinal="0" offset="55" sl="229" sc="0" el="229" ec="0" bec="0" bev="0" fileid="181" />
                <SequencePoint vc="0" uspid="164117" ordinal="0" offset="59" sl="230" sc="0" el="230" ec="0" bec="0" bev="0" fileid="181" />
              </SequencePoints>
              <BranchPoints />
            </Method>
            <Method visited="false" cyclomaticComplexity="0" nPathComplexity="0" sequenceCoverage="0.0" branchCoverage="0" crapScore="0" isConstructor="false" isStatic="false" isGetter="false" isSetter="false">
              <Summary numSequencePoints="25" visitedSequencePoints="0" numBranchPoints="0" visitedBranchPoints="0" sequenceCoverage="0.0" branchCoverage="0" maxCyclomaticComplexity="0" minCyclomaticComplexity="0" maxCrapScore="0" minCrapScore="0" visitedClasses="0" numClasses="0" visitedMethods="0" numMethods="1" />
              <MetadataToken>100663314</MetadataToken>
              <Name>T Fusion.NetworkAssetSourceResource[T]::WaitForResult()</Name>
              <FileRef uid="181" />
              <SequencePoints>
                <SequencePoint vc="0" uspid="164118" ordinal="0" offset="0" sl="237" sc="0" el="237" ec="0" bec="0" bev="0" fileid="181" />
                <SequencePoint vc="0" uspid="164119" ordinal="0" offset="1" sl="238" sc="0" el="238" ec="0" bec="0" bev="0" fileid="181" />
                <SequencePoint vc="0" uspid="164120" ordinal="0" offset="21" sl="239" sc="0" el="239" ec="0" bec="0" bev="0" fileid="181" />
                <SequencePoint vc="0" uspid="164121" ordinal="0" offset="41" sl="239" sc="0" el="239" ec="0" bec="0" bev="0" fileid="181" />
                <SequencePoint vc="0" uspid="164122" ordinal="0" offset="42" sl="240" sc="0" el="240" ec="0" bec="0" bev="0" fileid="181" />
                <SequencePoint vc="0" uspid="164123" ordinal="0" offset="54" sl="240" sc="0" el="240" ec="0" bec="0" bev="0" fileid="181" />
                <SequencePoint vc="0" uspid="164124" ordinal="0" offset="55" sl="241" sc="0" el="241" ec="0" bec="0" bev="0" fileid="181" />
                <SequencePoint vc="0" uspid="164125" ordinal="0" offset="63" sl="242" sc="0" el="242" ec="0" bec="0" bev="0" fileid="181" />
                <SequencePoint vc="0" uspid="164126" ordinal="0" offset="66" sl="242" sc="0" el="242" ec="0" bec="0" bev="0" fileid="181" />
                <SequencePoint vc="0" uspid="164127" ordinal="0" offset="67" sl="244" sc="0" el="244" ec="0" bec="0" bev="0" fileid="181" />
                <SequencePoint vc="0" uspid="164128" ordinal="0" offset="74" sl="245" sc="0" el="245" ec="0" bec="0" bev="0" fileid="181" />
                <SequencePoint vc="0" uspid="164129" ordinal="0" offset="82" sl="246" sc="0" el="246" ec="0" bec="0" bev="0" fileid="181" />
                <SequencePoint vc="0" uspid="164130" ordinal="0" offset="83" sl="247" sc="0" el="247" ec="0" bec="0" bev="0" fileid="181" />
                <SequencePoint vc="0" uspid="164131" ordinal="0" offset="84" sl="249" sc="0" el="249" ec="0" bec="0" bev="0" fileid="181" />
                <SequencePoint vc="0" uspid="164132" ordinal="0" offset="99" sl="249" sc="0" el="249" ec="0" bec="0" bev="0" fileid="181" />
                <SequencePoint vc="0" uspid="164133" ordinal="0" offset="100" sl="250" sc="0" el="250" ec="0" bec="0" bev="0" fileid="181" />
                <SequencePoint vc="0" uspid="164134" ordinal="0" offset="138" sl="253" sc="0" el="253" ec="0" bec="0" bev="0" fileid="181" />
                <SequencePoint vc="0" uspid="164135" ordinal="0" offset="170" sl="253" sc="0" el="253" ec="0" bec="0" bev="0" fileid="181" />
                <SequencePoint vc="0" uspid="164136" ordinal="0" offset="171" sl="254" sc="0" el="254" ec="0" bec="0" bev="0" fileid="181" />
                <SequencePoint vc="0" uspid="164137" ordinal="0" offset="176" sl="257" sc="0" el="257" ec="0" bec="0" bev="0" fileid="181" />
                <SequencePoint vc="0" uspid="164138" ordinal="0" offset="198" sl="257" sc="0" el="257" ec="0" bec="0" bev="0" fileid="181" />
                <SequencePoint vc="0" uspid="164139" ordinal="0" offset="199" sl="258" sc="0" el="258" ec="0" bec="0" bev="0" fileid="181" />
                <SequencePoint vc="0" uspid="164140" ordinal="0" offset="206" sl="259" sc="0" el="259" ec="0" bec="0" bev="0" fileid="181" />
                <SequencePoint vc="0" uspid="164141" ordinal="0" offset="212" sl="262" sc="0" el="262" ec="0" bec="0" bev="0" fileid="181" />
                <SequencePoint vc="0" uspid="164142" ordinal="0" offset="250" sl="263" sc="0" el="263" ec="0" bec="0" bev="0" fileid="181" />
              </SequencePoints>
              <BranchPoints />
            </Method>
            <Method visited="false" cyclomaticComplexity="0" nPathComplexity="0" sequenceCoverage="0.0" branchCoverage="0" crapScore="0" isConstructor="false" isStatic="false" isGetter="false" isSetter="false">
              <Summary numSequencePoints="15" visitedSequencePoints="0" numBranchPoints="0" visitedBranchPoints="0" sequenceCoverage="0.0" branchCoverage="0" maxCyclomaticComplexity="0" minCyclomaticComplexity="0" maxCrapScore="0" minCrapScore="0" visitedClasses="0" numClasses="0" visitedMethods="0" numMethods="1" />
              <MetadataToken>100663315</MetadataToken>
              <Name>System.Void Fusion.NetworkAssetSourceResource[T]::FinishAsyncOp(UnityEngine.ResourceRequest)</Name>
              <FileRef uid="181" />
              <SequencePoints>
                <SequencePoint vc="0" uspid="164143" ordinal="0" offset="0" sl="265" sc="0" el="265" ec="0" bec="0" bev="0" fileid="181" />
                <SequencePoint vc="0" uspid="164144" ordinal="0" offset="1" sl="266" sc="0" el="266" ec="0" bec="0" bev="0" fileid="181" />
                <SequencePoint vc="0" uspid="164145" ordinal="0" offset="2" sl="267" sc="0" el="267" ec="0" bec="0" bev="0" fileid="181" />
                <SequencePoint vc="0" uspid="164146" ordinal="0" offset="46" sl="268" sc="0" el="268" ec="0" bec="0" bev="0" fileid="181" />
                <SequencePoint vc="0" uspid="164147" ordinal="0" offset="56" sl="268" sc="0" el="268" ec="0" bec="0" bev="0" fileid="181" />
                <SequencePoint vc="0" uspid="164148" ordinal="0" offset="57" sl="269" sc="0" el="269" ec="0" bec="0" bev="0" fileid="181" />
                <SequencePoint vc="0" uspid="164149" ordinal="0" offset="64" sl="270" sc="0" el="270" ec="0" bec="0" bev="0" fileid="181" />
                <SequencePoint vc="0" uspid="164150" ordinal="0" offset="67" sl="270" sc="0" el="270" ec="0" bec="0" bev="0" fileid="181" />
                <SequencePoint vc="0" uspid="164151" ordinal="0" offset="68" sl="271" sc="0" el="271" ec="0" bec="0" bev="0" fileid="181" />
                <SequencePoint vc="0" uspid="164152" ordinal="0" offset="101" sl="273" sc="0" el="273" ec="0" bec="0" bev="0" fileid="181" />
                <SequencePoint vc="0" uspid="164153" ordinal="0" offset="104" sl="273" sc="0" el="273" ec="0" bec="0" bev="0" fileid="181" />
                <SequencePoint vc="0" uspid="164154" ordinal="0" offset="105" sl="273" sc="0" el="273" ec="0" bec="0" bev="0" fileid="181" />
                <SequencePoint vc="0" uspid="164155" ordinal="0" offset="106" sl="274" sc="0" el="274" ec="0" bec="0" bev="0" fileid="181" />
                <SequencePoint vc="0" uspid="164156" ordinal="0" offset="118" sl="275" sc="0" el="275" ec="0" bec="0" bev="0" fileid="181" />
                <SequencePoint vc="0" uspid="164157" ordinal="0" offset="121" sl="276" sc="0" el="276" ec="0" bec="0" bev="0" fileid="181" />
              </SequencePoints>
              <BranchPoints />
            </Method>
            <Method visited="false" cyclomaticComplexity="0" nPathComplexity="0" sequenceCoverage="0.0" branchCoverage="0" crapScore="0" isConstructor="false" isStatic="true" isGetter="false" isSetter="false">
              <Summary numSequencePoints="13" visitedSequencePoints="0" numBranchPoints="0" visitedBranchPoints="0" sequenceCoverage="0.0" branchCoverage="0" maxCyclomaticComplexity="0" minCyclomaticComplexity="0" maxCrapScore="0" minCrapScore="0" visitedClasses="0" numClasses="0" visitedMethods="0" numMethods="1" />
              <MetadataToken>100663316</MetadataToken>
              <Name>static T Fusion.NetworkAssetSourceResource[T]::LoadNamedResource(System.String, System.String)</Name>
              <FileRef uid="181" />
              <SequencePoints>
                <SequencePoint vc="0" uspid="164158" ordinal="0" offset="0" sl="278" sc="0" el="278" ec="0" bec="0" bev="0" fileid="181" />
                <SequencePoint vc="0" uspid="164159" ordinal="0" offset="1" sl="279" sc="0" el="279" ec="0" bec="0" bev="0" fileid="181" />
                <SequencePoint vc="0" uspid="164160" ordinal="0" offset="8" sl="281" sc="0" el="281" ec="0" bec="0" bev="0" fileid="181" />
                <SequencePoint vc="0" uspid="164161" ordinal="0" offset="12" sl="281" sc="0" el="281" ec="0" bec="0" bev="0" fileid="181" />
                <SequencePoint vc="0" uspid="164162" ordinal="0" offset="13" sl="282" sc="0" el="282" ec="0" bec="0" bev="0" fileid="181" />
                <SequencePoint vc="0" uspid="164163" ordinal="0" offset="21" sl="283" sc="0" el="283" ec="0" bec="0" bev="0" fileid="181" />
                <SequencePoint vc="0" uspid="164164" ordinal="0" offset="43" sl="283" sc="0" el="283" ec="0" bec="0" bev="0" fileid="181" />
                <SequencePoint vc="0" uspid="164165" ordinal="0" offset="44" sl="284" sc="0" el="284" ec="0" bec="0" bev="0" fileid="181" />
                <SequencePoint vc="0" uspid="164166" ordinal="0" offset="49" sl="286" sc="0" el="286" ec="0" bec="0" bev="0" fileid="181" />
                <SequencePoint vc="0" uspid="164167" ordinal="0" offset="50" sl="281" sc="0" el="281" ec="0" bec="0" bev="0" fileid="181" />
                <SequencePoint vc="0" uspid="164168" ordinal="0" offset="54" sl="281" sc="0" el="281" ec="0" bec="0" bev="0" fileid="181" />
                <SequencePoint vc="0" uspid="164169" ordinal="0" offset="66" sl="288" sc="0" el="288" ec="0" bec="0" bev="0" fileid="181" />
                <SequencePoint vc="0" uspid="164170" ordinal="0" offset="80" sl="289" sc="0" el="289" ec="0" bec="0" bev="0" fileid="181" />
              </SequencePoints>
              <BranchPoints />
            </Method>
            <Method visited="false" cyclomaticComplexity="0" nPathComplexity="0" sequenceCoverage="0.0" branchCoverage="0" crapScore="0" isConstructor="false" isStatic="false" isGetter="false" isSetter="false">
              <Summary numSequencePoints="20" visitedSequencePoints="0" numBranchPoints="0" visitedBranchPoints="0" sequenceCoverage="0.0" branchCoverage="0" maxCyclomaticComplexity="0" minCyclomaticComplexity="0" maxCrapScore="0" minCrapScore="0" visitedClasses="0" numClasses="0" visitedMethods="0" numMethods="1" />
              <MetadataToken>100663317</MetadataToken>
              <Name>System.Void Fusion.NetworkAssetSourceResource[T]::LoadInternal(System.Boolean)</Name>
              <FileRef uid="181" />
              <SequencePoints>
                <SequencePoint vc="0" uspid="164171" ordinal="0" offset="0" sl="291" sc="0" el="291" ec="0" bec="0" bev="0" fileid="181" />
                <SequencePoint vc="0" uspid="164172" ordinal="0" offset="1" sl="292" sc="0" el="292" ec="0" bec="0" bev="0" fileid="181" />
                <SequencePoint vc="0" uspid="164173" ordinal="0" offset="21" sl="293" sc="0" el="293" ec="0" bec="0" bev="0" fileid="181" />
                <SequencePoint vc="0" uspid="164174" ordinal="0" offset="22" sl="294" sc="0" el="294" ec="0" bec="0" bev="0" fileid="181" />
                <SequencePoint vc="0" uspid="164175" ordinal="0" offset="27" sl="294" sc="0" el="294" ec="0" bec="0" bev="0" fileid="181" />
                <SequencePoint vc="0" uspid="164176" ordinal="0" offset="28" sl="295" sc="0" el="295" ec="0" bec="0" bev="0" fileid="181" />
                <SequencePoint vc="0" uspid="164177" ordinal="0" offset="82" sl="296" sc="0" el="296" ec="0" bec="0" bev="0" fileid="181" />
                <SequencePoint vc="0" uspid="164178" ordinal="0" offset="85" sl="296" sc="0" el="296" ec="0" bec="0" bev="0" fileid="181" />
                <SequencePoint vc="0" uspid="164179" ordinal="0" offset="86" sl="297" sc="0" el="297" ec="0" bec="0" bev="0" fileid="181" />
                <SequencePoint vc="0" uspid="164180" ordinal="0" offset="103" sl="298" sc="0" el="298" ec="0" bec="0" bev="0" fileid="181" />
                <SequencePoint vc="0" uspid="164181" ordinal="0" offset="104" sl="300" sc="0" el="300" ec="0" bec="0" bev="0" fileid="181" />
                <SequencePoint vc="0" uspid="164182" ordinal="0" offset="117" sl="300" sc="0" el="300" ec="0" bec="0" bev="0" fileid="181" />
                <SequencePoint vc="0" uspid="164183" ordinal="0" offset="118" sl="301" sc="0" el="301" ec="0" bec="0" bev="0" fileid="181" />
                <SequencePoint vc="0" uspid="164184" ordinal="0" offset="156" sl="302" sc="0" el="302" ec="0" bec="0" bev="0" fileid="181" />
                <SequencePoint vc="0" uspid="164185" ordinal="0" offset="157" sl="303" sc="0" el="303" ec="0" bec="0" bev="0" fileid="181" />
                <SequencePoint vc="0" uspid="164186" ordinal="0" offset="160" sl="303" sc="0" el="303" ec="0" bec="0" bev="0" fileid="181" />
                <SequencePoint vc="0" uspid="164187" ordinal="0" offset="161" sl="303" sc="0" el="303" ec="0" bec="0" bev="0" fileid="181" />
                <SequencePoint vc="0" uspid="164188" ordinal="0" offset="162" sl="304" sc="0" el="304" ec="0" bec="0" bev="0" fileid="181" />
[...]
              <FileRef uid="214" />
              <SequencePoints>
                <SequencePoint vc="0" uspid="183666" ordinal="0" offset="0" sl="6190" sc="0" el="6190" ec="0" bec="0" bev="0" fileid="214" />
                <SequencePoint vc="0" uspid="183667" ordinal="0" offset="1" sl="6191" sc="0" el="6191" ec="0" bec="0" bev="0" fileid="214" />
                <SequencePoint vc="0" uspid="183668" ordinal="0" offset="13" sl="6192" sc="0" el="6192" ec="0" bec="0" bev="0" fileid="214" />
                <SequencePoint vc="0" uspid="183669" ordinal="0" offset="25" sl="6193" sc="0" el="6193" ec="0" bec="0" bev="0" fileid="214" />
                <SequencePoint vc="0" uspid="183670" ordinal="0" offset="33" sl="6194" sc="0" el="6194" ec="0" bec="0" bev="0" fileid="214" />
                <SequencePoint vc="0" uspid="183671" ordinal="0" offset="41" sl="6195" sc="0" el="6195" ec="0" bec="0" bev="0" fileid="214" />
                <SequencePoint vc="0" uspid="183672" ordinal="0" offset="45" sl="6196" sc="0" el="6196" ec="0" bec="0" bev="0" fileid="214" />
              </SequencePoints>
              <BranchPoints />
            </Method>
            <Method visited="false" cyclomaticComplexity="0" nPathComplexity="0" sequenceCoverage="0.0" branchCoverage="0" crapScore="0" isConstructor="false" isStatic="true" isGetter="false" isSetter="false">
              <Summary numSequencePoints="11" visitedSequencePoints="0" numBranchPoints="0" visitedBranchPoints="0" sequenceCoverage="0.0" branchCoverage="0" maxCyclomaticComplexity="0" minCyclomaticComplexity="0" maxCrapScore="0" minCrapScore="0" visitedClasses="0" numClasses="0" visitedMethods="0" numMethods="1" />
              <MetadataToken>100663687</MetadataToken>
              <Name>static Mono.Cecil.MethodReference Fusion.CodeGen.MonoCecilExtensions::ImportMethod[TResult](Mono.Cecil.ModuleDefinition, System.Linq.Expressions.Expression[Func`1], Mono.Cecil.TypeReference)</Name>
              <FileRef uid="214" />
              <SequencePoints>
                <SequencePoint vc="0" uspid="183673" ordinal="0" offset="0" sl="6198" sc="0" el="6198" ec="0" bec="0" bev="0" fileid="214" />
                <SequencePoint vc="0" uspid="183674" ordinal="0" offset="1" sl="6200" sc="0" el="6200" ec="0" bec="0" bev="0" fileid="214" />
                <SequencePoint vc="0" uspid="183675" ordinal="0" offset="39" sl="6202" sc="0" el="6202" ec="0" bec="0" bev="0" fileid="214" />
                <SequencePoint vc="0" uspid="183676" ordinal="0" offset="46" sl="6203" sc="0" el="6203" ec="0" bec="0" bev="0" fileid="214" />
                <SequencePoint vc="0" uspid="183677" ordinal="0" offset="50" sl="6205" sc="0" el="6205" ec="0" bec="0" bev="0" fileid="214" />
                <SequencePoint vc="0" uspid="183678" ordinal="0" offset="57" sl="6206" sc="0" el="6206" ec="0" bec="0" bev="0" fileid="214" />
                <SequencePoint vc="0" uspid="183679" ordinal="0" offset="59" sl="6208" sc="0" el="6208" ec="0" bec="0" bev="0" fileid="214" />
                <SequencePoint vc="0" uspid="183680" ordinal="0" offset="86" sl="6211" sc="0" el="6211" ec="0" bec="0" bev="0" fileid="214" />
                <SequencePoint vc="0" uspid="183681" ordinal="0" offset="94" sl="6212" sc="0" el="6212" ec="0" bec="0" bev="0" fileid="214" />
                <SequencePoint vc="0" uspid="183682" ordinal="0" offset="102" sl="6213" sc="0" el="6213" ec="0" bec="0" bev="0" fileid="214" />
                <SequencePoint vc="0" uspid="183683" ordinal="0" offset="107" sl="6214" sc="0" el="6214" ec="0" bec="0" bev="0" fileid="214" />
              </SequencePoints>
              <BranchPoints />
            </Method>
            <Method visited="false" cyclomaticComplexity="0" nPathComplexity="0" sequenceCoverage="0.0" branchCoverage="0" crapScore="0" isConstructor="false" isStatic="true" isGetter="false" isSetter="false">
              <Summary numSequencePoints="6" visitedSequencePoints="0" numBranchPoints="0" visitedBranchPoints="0" sequenceCoverage="0.0" branchCoverage="0" maxCyclomaticComplexity="0" minCyclomaticComplexity="0" maxCrapScore="0" minCrapScore="0" visitedClasses="0" numClasses="0" visitedMethods="0" numMethods="1" />
              <MetadataToken>100663688</MetadataToken>
              <Name>static Mono.Cecil.MethodReference Fusion.CodeGen.MonoCecilExtensions::ImportMethod[T, TResult](Mono.Cecil.ModuleDefinition, System.Linq.Expressions.Expression[Func`2], Mono.Cecil.TypeReference)</Name>
              <FileRef uid="214" />
              <SequencePoints>
                <SequencePoint vc="0" uspid="183684" ordinal="0" offset="0" sl="6216" sc="0" el="6216" ec="0" bec="0" bev="0" fileid="214" />
                <SequencePoint vc="0" uspid="183685" ordinal="0" offset="1" sl="6217" sc="0" el="6217" ec="0" bec="0" bev="0" fileid="214" />
                <SequencePoint vc="0" uspid="183686" ordinal="0" offset="13" sl="6218" sc="0" el="6218" ec="0" bec="0" bev="0" fileid="214" />
                <SequencePoint vc="0" uspid="183687" ordinal="0" offset="26" sl="6219" sc="0" el="6219" ec="0" bec="0" bev="0" fileid="214" />
                <SequencePoint vc="0" uspid="183688" ordinal="0" offset="34" sl="6220" sc="0" el="6220" ec="0" bec="0" bev="0" fileid="214" />
                <SequencePoint vc="0" uspid="183689" ordinal="0" offset="38" sl="6221" sc="0" el="6221" ec="0" bec="0" bev="0" fileid="214" />
              </SequencePoints>
              <BranchPoints />
            </Method>
            <Method visited="false" cyclomaticComplexity="0" nPathComplexity="0" sequenceCoverage="0.0" branchCoverage="0" crapScore="0" isConstructor="false" isStatic="true" isGetter="false" isSetter="false">
              <Summary numSequencePoints="6" visitedSequencePoints="0" numBranchPoints="0" visitedBranchPoints="0" sequenceCoverage="0.0" branchCoverage="0" maxCyclomaticComplexity="0" minCyclomaticComplexity="0" maxCrapScore="0" minCrapScore="0" visitedClasses="0" numClasses="0" visitedMethods="0" numMethods="1" />
              <MetadataToken>100663689</MetadataToken>
              <Name>static Mono.Cecil.MethodReference Fusion.CodeGen.MonoCecilExtensions::ImportMethod[T](Mono.Cecil.ModuleDefinition, System.Linq.Expressions.Expression[Action`1], Mono.Cecil.TypeReference)</Name>
              <FileRef uid="214" />
              <SequencePoints>
                <SequencePoint vc="0" uspid="183690" ordinal="0" offset="0" sl="6223" sc="0" el="6223" ec="0" bec="0" bev="0" fileid="214" />
                <SequencePoint vc="0" uspid="183691" ordinal="0" offset="1" sl="6224" sc="0" el="6224" ec="0" bec="0" bev="0" fileid="214" />
                <SequencePoint vc="0" uspid="183692" ordinal="0" offset="13" sl="6225" sc="0" el="6225" ec="0" bec="0" bev="0" fileid="214" />
                <SequencePoint vc="0" uspid="183693" ordinal="0" offset="26" sl="6226" sc="0" el="6226" ec="0" bec="0" bev="0" fileid="214" />
                <SequencePoint vc="0" uspid="183694" ordinal="0" offset="34" sl="6227" sc="0" el="6227" ec="0" bec="0" bev="0" fileid="214" />
                <SequencePoint vc="0" uspid="183695" ordinal="0" offset="38" sl="6228" sc="0" el="6228" ec="0" bec="0" bev="0" fileid="214" />
              </SequencePoints>
              <BranchPoints />
            </Method>
            <Method visited="false" cyclomaticComplexity="0" nPathComplexity="0" sequenceCoverage="0.0" branchCoverage="0" crapScore="0" isConstructor="false" isStatic="true" isGetter="false" isSetter="false">
              <Summary numSequencePoints="3" visitedSequencePoints="0" numBranchPoints="0" visitedBranchPoints="0" sequenceCoverage="0.0" branchCoverage="0" maxCyclomaticComplexity="0" minCyclomaticComplexity="0" maxCrapScore="0" minCrapScore="0" visitedClasses="0" numClasses="0" visitedMethods="0" numMethods="1" />
              <MetadataToken>100663692</MetadataToken>
              <Name>static Mono.Cecil.TypeReference Fusion.CodeGen.MonoCecilExtensions::ImportType[T](Mono.Cecil.ModuleDefinition)</Name>
              <FileRef uid="214" />
              <SequencePoints>
                <SequencePoint vc="0" uspid="183733" ordinal="0" offset="0" sl="6269" sc="0" el="6269" ec="0" bec="0" bev="0" fileid="214" />
                <SequencePoint vc="0" uspid="183734" ordinal="0" offset="1" sl="6270" sc="0" el="6270" ec="0" bec="0" bev="0" fileid="214" />
                <SequencePoint vc="0" uspid="183735" ordinal="0" offset="20" sl="6271" sc="0" el="6271" ec="0" bec="0" bev="0" fileid="214" />
              </SequencePoints>
              <BranchPoints />
            </Method>
          </Methods>
        </Class>
        <Class>
          <Summary numSequencePoints="18" visitedSequencePoints="0" numBranchPoints="0" visitedBranchPoints="0" sequenceCoverage="0.0" branchCoverage="0.0" maxCyclomaticComplexity="0" minCyclomaticComplexity="0" maxCrapScore="0" minCrapScore="0" visitedClasses="0" numClasses="1" visitedMethods="0" numMethods="3" />
          <FullName>Fusion.CodeGen.NetworkTypeInfoRegistry</FullName>
          <Methods>
            <Method visited="false" cyclomaticComplexity="0" nPathComplexity="0" sequenceCoverage="0.0" branchCoverage="0" crapScore="0" isConstructor="false" isStatic="false" isGetter="false" isSetter="false">
              <Summary numSequencePoints="1" visitedSequencePoints="0" numBranchPoints="0" visitedBranchPoints="0" sequenceCoverage="0.0" branchCoverage="0" maxCyclomaticComplexity="0" minCyclomaticComplexity="0" maxCrapScore="0" minCrapScore="0" visitedClasses="0" numClasses="0" visitedMethods="0" numMethods="1" />
              <MetadataToken>100663729</MetadataToken>
              <Name>Fusion.CodeGen.NetworkTypeInfo Fusion.CodeGen.NetworkTypeInfoRegistry::GetInfo[T]()</Name>
              <FileRef uid="214" />
              <SequencePoints>
                <SequencePoint vc="0" uspid="183980" ordinal="0" offset="0" sl="6659" sc="0" el="6659" ec="0" bec="0" bev="0" fileid="214" />
              </SequencePoints>
              <BranchPoints />
            </Method>
            <Method visited="false" cyclomaticComplexity="0" nPathComplexity="0" sequenceCoverage="0.0" branchCoverage="0" crapScore="0" isConstructor="false" isStatic="false" isGetter="false" isSetter="false">
              <Summary numSequencePoints="14" visitedSequencePoints="0" numBranchPoints="0" visitedBranchPoints="0" sequenceCoverage="0.0" branchCoverage="0" maxCyclomaticComplexity="0" minCyclomaticComplexity="0" maxCrapScore="0" minCrapScore="0" visitedClasses="0" numClasses="0" visitedMethods="0" numMethods="1" />
              <MetadataToken>100663741</MetadataToken>
              <Name>System.Void Fusion.CodeGen.NetworkTypeInfoRegistry::AddBuiltInType[T](Mono.Cecil.MethodReference, Mono.Cecil.MethodReference, System.Boolean)</Name>
              <FileRef uid="214" />
              <SequencePoints>
                <SequencePoint vc="0" uspid="184144" ordinal="0" offset="20" sl="7070" sc="0" el="7070" ec="0" bec="0" bev="0" fileid="214" />
                <SequencePoint vc="0" uspid="184145" ordinal="0" offset="21" sl="7072" sc="0" el="7072" ec="0" bec="0" bev="0" fileid="214" />
                <SequencePoint vc="0" uspid="184146" ordinal="0" offset="43" sl="7074" sc="0" el="7074" ec="0" bec="0" bev="0" fileid="214" />
                <SequencePoint vc="0" uspid="184147" ordinal="0" offset="50" sl="7075" sc="0" el="7075" ec="0" bec="0" bev="0" fileid="214" />
                <SequencePoint vc="0" uspid="184148" ordinal="0" offset="65" sl="7077" sc="0" el="7077" ec="0" bec="0" bev="0" fileid="214" />
                <SequencePoint vc="0" uspid="184149" ordinal="0" offset="78" sl="7077" sc="0" el="7077" ec="0" bec="0" bev="0" fileid="214" />
                <SequencePoint vc="0" uspid="184150" ordinal="0" offset="79" sl="7078" sc="0" el="7078" ec="0" bec="0" bev="0" fileid="214" />
                <SequencePoint vc="0" uspid="184151" ordinal="0" offset="102" sl="7079" sc="0" el="7079" ec="0" bec="0" bev="0" fileid="214" />
                <SequencePoint vc="0" uspid="184152" ordinal="0" offset="103" sl="7080" sc="0" el="7080" ec="0" bec="0" bev="0" fileid="214" />
                <SequencePoint vc="0" uspid="184153" ordinal="0" offset="118" sl="7080" sc="0" el="7080" ec="0" bec="0" bev="0" fileid="214" />
                <SequencePoint vc="0" uspid="184154" ordinal="0" offset="119" sl="7081" sc="0" el="7081" ec="0" bec="0" bev="0" fileid="214" />
                <SequencePoint vc="0" uspid="184155" ordinal="0" offset="142" sl="7082" sc="0" el="7082" ec="0" bec="0" bev="0" fileid="214" />
                <SequencePoint vc="0" uspid="184156" ordinal="0" offset="143" sl="7084" sc="0" el="7084" ec="0" bec="0" bev="0" fileid="214" />
                <SequencePoint vc="0" uspid="184157" ordinal="0" offset="225" sl="7098" sc="0" el="7098" ec="0" bec="0" bev="0" fileid="214" />
              </SequencePoints>
              <BranchPoints />
            </Method>
            <Method visited="false" cyclomaticComplexity="0" nPathComplexity="0" sequenceCoverage="0.0" branchCoverage="0" crapScore="0" isConstructor="false" isStatic="false" isGetter="false" isSetter="false">
              <Summary numSequencePoints="3" visitedSequencePoints="0" numBranchPoints="0" visitedBranchPoints="0" sequenceCoverage="0.0" branchCoverage="0" maxCyclomaticComplexity="0" minCyclomaticComplexity="0" maxCrapScore="0" minCrapScore="0" visitedClasses="0" numClasses="0" visitedMethods="0" numMethods="1" />
              <MetadataToken>100663742</MetadataToken>
              <Name>System.Void Fusion.CodeGen.NetworkTypeInfoRegistry::AddUnityType[T]()</Name>
              <FileRef uid="214" />
              <SequencePoints>
                <SequencePoint vc="0" uspid="184158" ordinal="0" offset="0" sl="7101" sc="0" el="7101" ec="0" bec="0" bev="0" fileid="214" />
                <SequencePoint vc="0" uspid="184159" ordinal="0" offset="1" sl="7102" sc="0" el="7102" ec="0" bec="0" bev="0" fileid="214" />
                <SequencePoint vc="0" uspid="184160" ordinal="0" offset="44" sl="7103" sc="0" el="7103" ec="0" bec="0" bev="0" fileid="214" />
              </SequencePoints>
              <BranchPoints />
            </Method>
          </Methods>
        </Class>
        <Class>
          <Summary numSequencePoints="1" visitedSequencePoints="0" numBranchPoints="0" visitedBranchPoints="0" sequenceCoverage="0.0" branchCoverage="0.0" maxCyclomaticComplexity="0" minCyclomaticComplexity="0" maxCrapScore="0" minCrapScore="0" visitedClasses="0" numClasses="1" visitedMethods="0" numMethods="1" />
          <FullName>Fusion.CodeGen.MonoCecilExtensions&lt;&gt;c__DisplayClass11_0[T]</FullName>
          <Methods>
            <Method visited="false" cyclomaticComplexity="0" nPathComplexity="0" sequenceCoverage="0.0" branchCoverage="0" crapScore="0" isConstructor="false" isStatic="false" isGetter="false" isSetter="false">
              <Summary numSequencePoints="1" visitedSequencePoints="0" numBranchPoints="0" visitedBranchPoints="0" sequenceCoverage="0.0" branchCoverage="0" maxCyclomaticComplexity="0" minCyclomaticComplexity="0" maxCrapScore="0" minCrapScore="0" visitedClasses="0" numClasses="0" visitedMethods="0" numMethods="1" />
              <MetadataToken>100663891</MetadataToken>
              <Name>System.Boolean Fusion.CodeGen.MonoCecilExtensions&lt;&gt;c__DisplayClass11_0[T]::&lt;TryGetAttributeProperty&gt;b__0(Mono.Cecil.CustomAttributeNamedArgument)</Name>
              <FileRef uid="214" />
              <SequencePoints>
                <SequencePoint vc="0" uspid="184665" ordinal="0" offset="0" sl="6050" sc="0" el="6050" ec="0" bec="0" bev="0" fileid="214" />
              </SequencePoints>
              <BranchPoints />
            </Method>
          </Methods>
        </Class>
        <Class>
          <Summary numSequencePoints="11" visitedSequencePoints="0" numBranchPoints="0" visitedBranchPoints="0" sequenceCoverage="0.0" branchCoverage="0.0" maxCyclomaticComplexity="0" minCyclomaticComplexity="0" maxCrapScore="0" minCrapScore="0" visitedClasses="0" numClasses="1" visitedMethods="0" numMethods="2" />
          <FullName>Fusion.CodeGen.NetworkTypeInfoRegistry&lt;&gt;c__DisplayClass31_0[T]</FullName>
          <Methods>
            <Method visited="false" cyclomaticComplexity="0" nPathComplexity="0" sequenceCoverage="0.0" branchCoverage="0" crapScore="0" isConstructor="false" isStatic="false" isGetter="false" isSetter="false">
              <Summary numSequencePoints="5" visitedSequencePoints="0" numBranchPoints="0" visitedBranchPoints="0" sequenceCoverage="0.0" branchCoverage="0" maxCyclomaticComplexity="0" minCyclomaticComplexity="0" maxCrapScore="0" minCrapScore="0" visitedClasses="0" numClasses="0" visitedMethods="0" numMethods="1" />
              <MetadataToken>100663969</MetadataToken>
              <Name>System.Void Fusion.CodeGen.NetworkTypeInfoRegistry&lt;&gt;c__DisplayClass31_0[T]::&lt;AddBuiltInType&gt;b__0(Mono.Cecil.ICustomAttributeProvider, Mono.Cecil.Cil.ILProcessor, Fusion.CodeGen.MethodContext)</Name>
              <FileRef uid="214" />
              <SequencePoints>
                <SequencePoint vc="0" uspid="184860" ordinal="0" offset="0" sl="7085" sc="0" el="7085" ec="0" bec="0" bev="0" fileid="214" />
                <SequencePoint vc="0" uspid="184861" ordinal="0" offset="1" sl="7086" sc="0" el="7086" ec="0" bec="0" bev="0" fileid="214" />
                <SequencePoint vc="0" uspid="184862" ordinal="0" offset="17" sl="7087" sc="0" el="7087" ec="0" bec="0" bev="0" fileid="214" />
                <SequencePoint vc="0" uspid="184863" ordinal="0" offset="35" sl="7088" sc="0" el="7088" ec="0" bec="0" bev="0" fileid="214" />
                <SequencePoint vc="0" uspid="184864" ordinal="0" offset="57" sl="7089" sc="0" el="7089" ec="0" bec="0" bev="0" fileid="214" />
              </SequencePoints>
              <BranchPoints />
            </Method>
            <Method visited="false" cyclomaticComplexity="0" nPathComplexity="0" sequenceCoverage="0.0" branchCoverage="0" crapScore="0" isConstructor="false" isStatic="false" isGetter="false" isSetter="false">
              <Summary numSequencePoints="6" visitedSequencePoints="0" numBranchPoints="0" visitedBranchPoints="0" sequenceCoverage="0.0" branchCoverage="0" maxCyclomaticComplexity="0" minCyclomaticComplexity="0" maxCrapScore="0" minCrapScore="0" visitedClasses="0" numClasses="0" visitedMethods="0" numMethods="1" />
              <MetadataToken>100663970</MetadataToken>
              <Name>System.Void Fusion.CodeGen.NetworkTypeInfoRegistry&lt;&gt;c__DisplayClass31_0[T]::&lt;AddBuiltInType&gt;b__1(Mono.Cecil.ICustomAttributeProvider, Mono.Cecil.Cil.ILProcessor, Fusion.CodeGen.MethodContext)</Name>
              <FileRef uid="214" />
              <SequencePoints>
                <SequencePoint vc="0" uspid="184865" ordinal="0" offset="0" sl="7090" sc="0" el="7090" ec="0" bec="0" bev="0" fileid="214" />
                <SequencePoint vc="0" uspid="184866" ordinal="0" offset="1" sl="7091" sc="0" el="7091" ec="0" bec="0" bev="0" fileid="214" />
                <SequencePoint vc="0" uspid="184867" ordinal="0" offset="17" sl="7092" sc="0" el="7092" ec="0" bec="0" bev="0" fileid="214" />
                <SequencePoint vc="0" uspid="184868" ordinal="0" offset="33" sl="7093" sc="0" el="7093" ec="0" bec="0" bev="0" fileid="214" />
                <SequencePoint vc="0" uspid="184869" ordinal="0" offset="51" sl="7094" sc="0" el="7094" ec="0" bec="0" bev="0" fileid="214" />
                <SequencePoint vc="0" uspid="184870" ordinal="0" offset="73" sl="7095" sc="0" el="7095" ec="0" bec="0" bev="0" fileid="214" />
              </SequencePoints>
              <BranchPoints />
            </Method>
          </Methods>
        </Class>
      </Classes>
    </Module>
  </Modules>
</CoverageSession>