<?xml version="1.0" encoding="utf-8"?>
<CoverageSession xmlns:xsd="http://www.w3.org/2001/XMLSchema" xmlns:xsi="http://www.w3.org/2001/XMLSchema-instance" Version="0.0.0.0">
  <Summary numSequencePoints="271" visitedSequencePoints="0" numBranchPoints="0" visitedBranchPoints="0" sequenceCoverage="0.0" branchCoverage="0.0" maxCyclomaticComplexity="0" minCyclomaticComplexity="0" maxCrapScore="0" minCrapScore="0" visitedClasses="0" numClasses="12" visitedMethods="0" numMethods="53" />
  <Modules>
    <Module>
      <Summary numSequencePoints="16" visitedSequencePoints="0" numBranchPoints="0" visitedBranchPoints="0" sequenceCoverage="0.0" branchCoverage="0.0" maxCyclomaticComplexity="0" minCyclomaticComplexity="0" maxCrapScore="0" minCrapScore="0" visitedClasses="0" numClasses="1" visitedMethods="0" numMethods="2" />
      <ModuleTime>0001-01-01T00:00:00</ModuleTime>
      <ModuleName>Assembly-CSharp</ModuleName>
      <Files>
        <File uid="18" fullPath="D:/Project The Apocalypse_Gloom Haze_Local/The Apocalypse_Gloom Haze/Assets/Assets/CameraFollow.cs" />
        <File uid="19" fullPath="D:/Project The Apocalypse_Gloom Haze_Local/The Apocalypse_Gloom Haze/Assets/Assets/Camera_Switcher/Camera_Switcher.cs" />
        <File uid="20" fullPath="D:/Project The Apocalypse_Gloom Haze_Local/The Apocalypse_Gloom Haze/Assets/Assets/Camera_Switcher/NightVision.cs" />
        <File uid="21" fullPath="D:/Project The Apocalypse_Gloom Haze_Local/The Apocalypse_Gloom Haze/Assets/Assets/Camera_Switcher/NightVisionBattery.cs" />
        <File uid="22" fullPath="D:/Project The Apocalypse_Gloom Haze_Local/The Apocalypse_Gloom Haze/Assets/Assets/FlashlightController.cs" />
        <File uid="23" fullPath="D:/Project The Apocalypse_Gloom Haze_Local/The Apocalypse_Gloom Haze/Assets/Assets/IFV_Scripts/IFV_EnterTrigger.cs" />
        <File uid="24" fullPath="D:/Project The Apocalypse_Gloom Haze_Local/The Apocalypse_Gloom Haze/Assets/Assets/IFV_Scripts/IFV_Movement.cs" />
        <File uid="25" fullPath="D:/Project The Apocalypse_Gloom Haze_Local/The Apocalypse_Gloom Haze/Assets/Assets/InteractPrompt.cs" />
        <File uid="26" fullPath="D:/Project The Apocalypse_Gloom Haze_Local/The Apocalypse_Gloom Haze/Assets/Assets/ItemCounter.cs" />
        <File uid="27" fullPath="D:/Project The Apocalypse_Gloom Haze_Local/The Apocalypse_Gloom Haze/Assets/Assets/NetworkItem.cs" />
        <File uid="28" fullPath="D:/Project The Apocalypse_Gloom Haze_Local/The Apocalypse_Gloom Haze/Assets/Assets/Puma_IFV/Scripts/GunFireRaycast.cs" />
        <File uid="29" fullPath="D:/Project The Apocalypse_Gloom Haze_Local/The Apocalypse_Gloom Haze/Assets/Assets/Scripts/AttributesManager.cs" />
        <File uid="30" fullPath="D:/Project The Apocalypse_Gloom Haze_Local/The Apocalypse_Gloom Haze/Assets/Assets/Scripts/Audio_Scripts/ActionSound.cs" />
        <File uid="31" fullPath="D:/Project The Apocalypse_Gloom Haze_Local/The Apocalypse_Gloom Haze/Assets/Assets/Scripts/Audio_Scripts/AmbientSound.cs" />
        <File uid="32" fullPath="D:/Project The Apocalypse_Gloom Haze_Local/The Apocalypse_Gloom Haze/Assets/Assets/Scripts/Audio_Scripts/BackgroundMusic.cs" />
        <File uid="33" fullPath="D:/Project The Apocalypse_Gloom Haze_Local/The Apocalypse_Gloom Haze/Assets/Assets/Scripts/Audio_Scripts/DialogueSound.cs" />
        <File uid="34" fullPath="D:/Project The Apocalypse_Gloom Haze_Local/The Apocalypse_Gloom Haze/Assets/Assets/Scripts/Audio_Scripts/DynamicSound.cs" />
        <File uid="35" fullPath="D:/Project The Apocalypse_Gloom Haze_Local/The Apocalypse_Gloom Haze/Assets/Assets/Scripts/Audio_Scripts/ImpactSound.cs" />
        <File uid="36" fullPath="D:/Project The Apocalypse_Gloom Haze_Local/The Apocalypse_Gloom Haze/Assets/Assets/Scripts/Audio_Scripts/SpatialSound.cs" />
        <File uid="37" fullPath="D:/Project The Apocalypse_Gloom Haze_Local/The Apocalypse_Gloom Haze/Assets/Assets/Scripts/Audio_Scripts/UISound.cs" />
        <File uid="38" fullPath="D:/Project The Apocalypse_Gloom Haze_Local/The Apocalypse_Gloom Haze/Assets/Assets/Scripts/DamagePopUpAnimation.cs" />
        <File uid="39" fullPath="D:/Project The Apocalypse_Gloom Haze_Local/The Apocalypse_Gloom Haze/Assets/Assets/Scripts/DamagePoUpGenerator.cs" />
        <File uid="40" fullPath="D:/Project The Apocalypse_Gloom Haze_Local/The Apocalypse_Gloom Haze/Assets/Assets/Scripts/DamageTester.cs" />
        <File uid="41" fullPath="D:/Project The Apocalypse_Gloom Haze_Local/The Apocalypse_Gloom Haze/Assets/Assets/Scripts/Drone_System/DroneFollowPlayer.cs" />
        <File uid="42" fullPath="D:/Project The Apocalypse_Gloom Haze_Local/The Apocalypse_Gloom Haze/Assets/Assets/Scripts/Drone_System/DroneGun.cs" />
        <File uid="43" fullPath="D:/Project The Apocalypse_Gloom Haze_Local/The Apocalypse_Gloom Haze/Assets/Assets/Scripts/Drone_System/LaserSight.cs" />
        <File uid="44" fullPath="D:/Project The Apocalypse_Gloom Haze_Local/The Apocalypse_Gloom Haze/Assets/Assets/Scripts/EnemyAI.cs" />
        <File uid="45" fullPath="D:/Project The Apocalypse_Gloom Haze_Local/The Apocalypse_Gloom Haze/Assets/Assets/Scripts/EnemyHealth.cs" />
        <File uid="46" fullPath="D:/Project The Apocalypse_Gloom Haze_Local/The Apocalypse_Gloom Haze/Assets/Assets/Scripts/Exit.cs" />
        <File uid="47" fullPath="D:/Project The Apocalypse_Gloom Haze_Local/The Apocalypse_Gloom Haze/Assets/Assets/Scripts/Inventory_System/InventoryManager.cs" />
        <File uid="48" fullPath="D:/Project The Apocalypse_Gloom Haze_Local/The Apocalypse_Gloom Haze/Assets/Assets/Scripts/Inventory_System/ItemPickup.cs" />
        <File uid="49" fullPath="D:/Project The Apocalypse_Gloom Haze_Local/The Apocalypse_Gloom Haze/Assets/Assets/Scripts/Inventory_System/ItemUIController.cs" />
        <File uid="50" fullPath="D:/Project The Apocalypse_Gloom Haze_Local/The Apocalypse_Gloom Haze/Assets/Assets/Scripts/JetAI.cs" />
        <File uid="51" fullPath="D:/Project The Apocalypse_Gloom Haze_Local/The Apocalypse_Gloom Haze/Assets/Assets/Scripts/Magic_Attack/MagicAttackController.cs" />
        <File uid="52" fullPath="D:/Project The Apocalypse_Gloom Haze_Local/The Apocalypse_Gloom Haze/Assets/Assets/Scripts/MainMenuManager.cs" />
        <File uid="53" fullPath="D:/Project The Apocalypse_Gloom Haze_Local/The Apocalypse_Gloom Haze/Assets/Assets/Scripts/MiniMapPlayerIcon.cs" />
        <File uid="54" fullPath="D:/Project The Apocalypse_Gloom Haze_Local/The Apocalypse_Gloom Haze/Assets/Assets/Scripts/MouseLook.cs" />
        <File uid="55" fullPath="D:/Project The Apocalypse_Gloom Haze_Local/The Apocalypse_Gloom Haze/Assets/Assets/Scripts/NPC_System/NPC_System.cs" />
        <File uid="56" fullPath="D:/Project The Apocalypse_Gloom Haze_Local/The Apocalypse_Gloom Haze/Assets/Assets/Scripts/OptionsScaleEffect.cs" />
        <File uid="57" fullPath="D:/Project The Apocalypse_Gloom Haze_Local/The Apocalypse_Gloom Haze/Assets/Assets/Scripts/Play.cs" />
        <File uid="58" fullPath="D:/Project The Apocalypse_Gloom Haze_Local/The Apocalypse_Gloom Haze/Assets/Assets/Scripts/PlayButtonSound.cs" />
        <File uid="59" fullPath="D:/Project The Apocalypse_Gloom Haze_Local/The Apocalypse_Gloom Haze/Assets/Assets/Scripts/PlayerController.cs" />
        <File uid="60" fullPath="D:/Project The Apocalypse_Gloom Haze_Local/The Apocalypse_Gloom Haze/Assets/Assets/Scripts/PlayerHealth.cs" />
        <File uid="61" fullPath="D:/Project The Apocalypse_Gloom Haze_Local/The Apocalypse_Gloom Haze/Assets/Assets/Scripts/Player_Prefabs/savegame.cs" />
        <File uid="62" fullPath="D:/Project The Apocalypse_Gloom Haze_Local/The Apocalypse_Gloom Haze/Assets/Assets/Scripts/PolicePatrollerController.cs" />
        <File uid="63" fullPath="D:/Project The Apocalypse_Gloom Haze_Local/The Apocalypse_Gloom Haze/Assets/Assets/Scripts/RealTimeClock.cs" />
        <File uid="64" fullPath="D:/Project The Apocalypse_Gloom Haze_Local/The Apocalypse_Gloom Haze/Assets/Assets/Scripts/ShowVersion.cs" />
        <File uid="65" fullPath="D:/Project The Apocalypse_Gloom Haze_Local/The Apocalypse_Gloom Haze/Assets/Assets/Scripts/SubmarineAI.cs" />
        <File uid="66" fullPath="D:/Project The Apocalypse_Gloom Haze_Local/The Apocalypse_Gloom Haze/Assets/Assets/Scripts/TerrainController/Biome/BiomeHeightModifier.cs" />
        <File uid="67" fullPath="D:/Project The Apocalypse_Gloom Haze_Local/The Apocalypse_Gloom Haze/Assets/Assets/Scripts/TerrainController/Biome/BiomeMapGenerator.cs" />
        <File uid="68" fullPath="D:/Project The Apocalypse_Gloom Haze_Local/The Apocalypse_Gloom Haze/Assets/Assets/Scripts/TerrainController/Biome/BiomeRule.cs" />
        <File uid="69" fullPath="D:/Project The Apocalypse_Gloom Haze_Local/The Apocalypse_Gloom Haze/Assets/Assets/Scripts/TerrainController/Biome/BiomeType.cs" />
        <File uid="70" fullPath="D:/Project The Apocalypse_Gloom Haze_Local/The Apocalypse_Gloom Haze/Assets/Assets/Scripts/TerrainController/Core/TerrainConfig.cs" />
        <File uid="71" fullPath="D:/Project The Apocalypse_Gloom Haze_Local/The Apocalypse_Gloom Haze/Assets/Assets/Scripts/TerrainController/Core/TerrainContext.cs" />
        <File uid="72" fullPath="D:/Project The Apocalypse_Gloom Haze_Local/The Apocalypse_Gloom Haze/Assets/Assets/Scripts/TerrainController/Core/TerrainController.cs" />
        <File uid="73" fullPath="D:/Project The Apocalypse_Gloom Haze_Local/The Apocalypse_Gloom Haze/Assets/Assets/Scripts/TerrainController/Decoration/DeadVegetationSpawner.cs" />
        <File uid="74" fullPath="D:/Project The Apocalypse_Gloom Haze_Local/The Apocalypse_Gloom Haze/Assets/Assets/Scripts/TerrainController/Decoration/DecalPainter.cs" />
        <File uid="75" fullPath="D:/Project The Apocalypse_Gloom Haze_Local/The Apocalypse_Gloom Haze/Assets/Assets/Scripts/TerrainController/Decoration/EnvironmentDecorator.cs" />
        <File uid="76" fullPath="D:/Project The Apocalypse_Gloom Haze_Local/The Apocalypse_Gloom Haze/Assets/Assets/Scripts/TerrainController/Decoration/PropSpawner.cs" />
        <File uid="77" fullPath="D:/Project The Apocalypse_Gloom Haze_Local/The Apocalypse_Gloom Haze/Assets/Assets/Scripts/TerrainController/Destruction/CollapseMask.cs" />
        <File uid="78" fullPath="D:/Project The Apocalypse_Gloom Haze_Local/The Apocalypse_Gloom Haze/Assets/Assets/Scripts/TerrainController/Destruction/CraterGenerator.cs" />
        <File uid="79" fullPath="D:/Project The Apocalypse_Gloom Haze_Local/The Apocalypse_Gloom Haze/Assets/Assets/Scripts/TerrainController/Destruction/ErosionSimulator.cs" />
        <File uid="80" fullPath="D:/Project The Apocalypse_Gloom Haze_Local/The Apocalypse_Gloom Haze/Assets/Assets/Scripts/TerrainController/Destruction/FaultLineGenerator.cs" />
        <File uid="81" fullPath="D:/Project The Apocalypse_Gloom Haze_Local/The Apocalypse_Gloom Haze/Assets/Assets/Scripts/TerrainController/GamePlay/DangerLevelCalculator.cs" />
        <File uid="82" fullPath="D:/Project The Apocalypse_Gloom Haze_Local/The Apocalypse_Gloom Haze/Assets/Assets/Scripts/TerrainController/GamePlay/SpawnInfluenceMap.cs" />
        <File uid="83" fullPath="D:/Project The Apocalypse_Gloom Haze_Local/The Apocalypse_Gloom Haze/Assets/Assets/Scripts/TerrainController/GamePlay/ZombieZoneMap.cs" />
        <File uid="84" fullPath="D:/Project The Apocalypse_Gloom Haze_Local/The Apocalypse_Gloom Haze/Assets/Assets/Scripts/TerrainController/HeightMap/FalloffMapGenerator.cs" />
        <File uid="85" fullPath="D:/Project The Apocalypse_Gloom Haze_Local/The Apocalypse_Gloom Haze/Assets/Assets/Scripts/TerrainController/HeightMap/HeightCombiner.cs" />
        <File uid="86" fullPath="D:/Project The Apocalypse_Gloom Haze_Local/The Apocalypse_Gloom Haze/Assets/Assets/Scripts/TerrainController/Structures/BuildingPlacer.cs" />
        <File uid="87" fullPath="D:/Project The Apocalypse_Gloom Haze_Local/The Apocalypse_Gloom Haze/Assets/Assets/Scripts/TerrainController/Structures/RoadGenerator.cs" />
        <File uid="88" fullPath="D:/Project The Apocalypse_Gloom Haze_Local/The Apocalypse_Gloom Haze/Assets/Assets/Scripts/TerrainController/Structures/RuinCityGenerator.cs" />
        <File uid="89" fullPath="D:/Project The Apocalypse_Gloom Haze_Local/The Apocalypse_Gloom Haze/Assets/Assets/Scripts/TerrainController/Structures/StructureMask.cs" />
        <File uid="90" fullPath="D:/Project The Apocalypse_Gloom Haze_Local/The Apocalypse_Gloom Haze/Assets/Assets/Scripts/TerrainController/Utils/DebugGizmos.cs" />
        <File uid="91" fullPath="D:/Project The Apocalypse_Gloom Haze_Local/The Apocalypse_Gloom Haze/Assets/Assets/Scripts/TerrainController/Utils/MapUtils.cs" />
        <File uid="92" fullPath="D:/Project The Apocalypse_Gloom Haze_Local/The Apocalypse_Gloom Haze/Assets/Assets/Scripts/TerrainController/Utils/NoiseUtils.cs" />
        <File uid="93" fullPath="D:/Project The Apocalypse_Gloom Haze_Local/The Apocalypse_Gloom Haze/Assets/Assets/Scripts/TerrainController/Utils/SeedManager.cs" />
        <File uid="94" fullPath="D:/Project The Apocalypse_Gloom Haze_Local/The Apocalypse_Gloom Haze/Assets/Assets/Scripts/TerrainGenerator/TerrainGenerator.cs" />
        <File uid="95" fullPath="D:/Project The Apocalypse_Gloom Haze_Local/The Apocalypse_Gloom Haze/Assets/Assets/Scripts/TerrainGenerator/TreeGeneration.cs" />
        <File uid="96" fullPath="D:/Project The Apocalypse_Gloom Haze_Local/The Apocalypse_Gloom Haze/Assets/Assets/Scripts/TimeController.cs" />
        <File uid="97" fullPath="D:/Project The Apocalypse_Gloom Haze_Local/The Apocalypse_Gloom Haze/Assets/Assets/Scripts/Ubillboarding.cs" />
        <File uid="98" fullPath="D:/Project The Apocalypse_Gloom Haze_Local/The Apocalypse_Gloom Haze/Assets/Assets/Scripts/Underwater.cs" />
        <File uid="99" fullPath="D:/Project The Apocalypse_Gloom Haze_Local/The Apocalypse_Gloom Haze/Assets/Assets/Scripts/VehicleInteract.cs" />
        <File uid="100" fullPath="D:/Project The Apocalypse_Gloom Haze_Local/The Apocalypse_Gloom Haze/Assets/Assets/Scripts/WeaponAttributes.cs" />
        <File uid="101" fullPath="D:/Project The Apocalypse_Gloom Haze_Local/The Apocalypse_Gloom Haze/Assets/Assets/Scripts/WeaponColliderToggle.cs" />
        <File uid="102" fullPath="D:/Project The Apocalypse_Gloom Haze_Local/The Apocalypse_Gloom Haze/Assets/Assets/Scripts/WeaponDamage.cs" />
        <File uid="103" fullPath="D:/Project The Apocalypse_Gloom Haze_Local/The Apocalypse_Gloom Haze/Assets/Assets/Scripts/Weapons/WeaponManager.cs" />
        <File uid="104" fullPath="D:/Project The Apocalypse_Gloom Haze_Local/The Apocalypse_Gloom Haze/Assets/Assets/Scripts/Weapons/WeaponSway.cs" />
        <File uid="105" fullPath="D:/Project The Apocalypse_Gloom Haze_Local/The Apocalypse_Gloom Haze/Assets/Assets/UI_UX/PauseManager.cs" />
        <File uid="106" fullPath="D:/Project The Apocalypse_Gloom Haze_Local/The Apocalypse_Gloom Haze/Assets/CartoonMilitaryModelPack/Scripts/csDemoScene.cs" />
        <File uid="107" fullPath="D:/Project The Apocalypse_Gloom Haze_Local/The Apocalypse_Gloom Haze/Assets/CartoonMilitaryModelPack/Scripts/csMouseOrbit.cs" />
        <File uid="108" fullPath="D:/Project The Apocalypse_Gloom Haze_Local/The Apocalypse_Gloom Haze/Assets/Invector-3rdPersonController_LITE/Scripts/Camera/vThirdPersonCamera.cs" />
        <File uid="109" fullPath="D:/Project The Apocalypse_Gloom Haze_Local/The Apocalypse_Gloom Haze/Assets/Invector-3rdPersonController_LITE/Scripts/Generic/Utils/vPickupItem.cs" />
        <File uid="110" fullPath="D:/Project The Apocalypse_Gloom Haze_Local/The Apocalypse_Gloom Haze/Assets/Mosasaurus/MosasaurusAI.cs" />
        <File uid="111" fullPath="D:/Project The Apocalypse_Gloom Haze_Local/The Apocalypse_Gloom Haze/Assets/MyInventoryAssets/Sprite/Invenrory_UI.cs" />
        <File uid="112" fullPath="D:/Project The Apocalypse_Gloom Haze_Local/The Apocalypse_Gloom Haze/Assets/MyInventoryAssets/Sprite/Inventory.cs" />
        <File uid="113" fullPath="D:/Project The Apocalypse_Gloom Haze_Local/The Apocalypse_Gloom Haze/Assets/MyInventoryAssets/Sprite/ItemSlotUI.cs" />
        <File uid="114" fullPath="D:/Project The Apocalypse_Gloom Haze_Local/The Apocalypse_Gloom Haze/Assets/Prototype_3DGameDevelopment/Scripts/NPC_Van.cs" />
        <File uid="115" fullPath="D:/Project The Apocalypse_Gloom Haze_Local/The Apocalypse_Gloom Haze/Assets/Prototype_3DGameDevelopment/Scripts/PoliceLights.cs" />
        <File uid="116" fullPath="D:/Project The Apocalypse_Gloom Haze_Local/The Apocalypse_Gloom Haze/Assets/Prototype_3DGameDevelopment/Scripts/PolicePatrolVehicle.cs" />
        <File uid="117" fullPath="D:/Project The Apocalypse_Gloom Haze_Local/The Apocalypse_Gloom Haze/Assets/Scripts/Accounts.cs" />
        <File uid="118" fullPath="D:/Project The Apocalypse_Gloom Haze_Local/The Apocalypse_Gloom Haze/Assets/Scripts/Character.cs" />
        <File uid="119" fullPath="D:/Project The Apocalypse_Gloom Haze_Local/The Apocalypse_Gloom Haze/Assets/Scripts/Login.cs" />
        <File uid="120" fullPath="D:/Project The Apocalypse_Gloom Haze_Local/The Apocalypse_Gloom Haze/Assets/Scripts/Register.cs" />
        <File uid="121" fullPath="D:/Project The Apocalypse_Gloom Haze_Local/The Apocalypse_Gloom Haze/Assets/TextMesh Pro/Examples &amp; Extras/Scripts/ChatController.cs" />
        <File uid="122" fullPath="D:/Project The Apocalypse_Gloom Haze_Local/The Apocalypse_Gloom Haze/Assets/TextMesh Pro/Examples &amp; Extras/Scripts/DropdownSample.cs" />
        <File uid="123" fullPath="D:/Project The Apocalypse_Gloom Haze_Local/The Apocalypse_Gloom Haze/Assets/TextMesh Pro/Examples &amp; Extras/Scripts/EnvMapAnimator.cs" />
        <File uid="124" fullPath="D:/Project The Apocalypse_Gloom Haze_Local/The Apocalypse_Gloom Haze/Assets/TextMesh Pro/Examples &amp; Extras/Scripts/TMP_DigitValidator.cs" />
        <File uid="125" fullPath="D:/Project The Apocalypse_Gloom Haze_Local/The Apocalypse_Gloom Haze/Assets/TextMesh Pro/Examples &amp; Extras/Scripts/TMP_PhoneNumberValidator.cs" />
        <File uid="126" fullPath="D:/Project The Apocalypse_Gloom Haze_Local/The Apocalypse_Gloom Haze/Assets/TextMesh Pro/Examples &amp; Extras/Scripts/TMP_TextEventHandler.cs" />
        <File uid="127" fullPath="D:/Project The Apocalypse_Gloom Haze_Local/The Apocalypse_Gloom Haze/Assets/TextMesh Pro/Examples &amp; Extras/Scripts/Benchmark01.cs" />
        <File uid="128" fullPath="D:/Project The Apocalypse_Gloom Haze_Local/The Apocalypse_Gloom Haze/Assets/TextMesh Pro/Examples &amp; Extras/Scripts/Benchmark01_UGUI.cs" />
        <File uid="129" fullPath="D:/Project The Apocalypse_Gloom Haze_Local/The Apocalypse_Gloom Haze/Assets/TextMesh Pro/Examples &amp; Extras/Scripts/Benchmark02.cs" />
        <File uid="130" fullPath="D:/Project The Apocalypse_Gloom Haze_Local/The Apocalypse_Gloom Haze/Assets/TextMesh Pro/Examples &amp; Extras/Scripts/Benchmark03.cs" />
        <File uid="131" fullPath="D:/Project The Apocalypse_Gloom Haze_Local/The Apocalypse_Gloom Haze/Assets/TextMesh Pro/Examples &amp; Extras/Scripts/Benchmark04.cs" />
        <File uid="132" fullPath="D:/Project The Apocalypse_Gloom Haze_Local/The Apocalypse_Gloom Haze/Assets/TextMesh Pro/Examples &amp; Extras/Scripts/CameraController.cs" />
        <File uid="133" fullPath="D:/Project The Apocalypse_Gloom Haze_Local/The Apocalypse_Gloom Haze/Assets/TextMesh Pro/Examples &amp; Extras/Scripts/ObjectSpin.cs" />
        <File uid="134" fullPath="D:/Project The Apocalypse_Gloom Haze_Local/The Apocalypse_Gloom Haze/Assets/TextMesh Pro/Examples &amp; Extras/Scripts/ShaderPropAnimator.cs" />
        <File uid="135" fullPath="D:/Project The Apocalypse_Gloom Haze_Local/The Apocalypse_Gloom Haze/Assets/TextMesh Pro/Examples &amp; Extras/Scripts/SimpleScript.cs" />
        <File uid="136" fullPath="D:/Project The Apocalypse_Gloom Haze_Local/The Apocalypse_Gloom Haze/Assets/TextMesh Pro/Examples &amp; Extras/Scripts/SkewTextExample.cs" />
        <File uid="137" fullPath="D:/Project The Apocalypse_Gloom Haze_Local/The Apocalypse_Gloom Haze/Assets/TextMesh Pro/Examples &amp; Extras/Scripts/TeleType.cs" />
        <File uid="138" fullPath="D:/Project The Apocalypse_Gloom Haze_Local/The Apocalypse_Gloom Haze/Assets/TextMesh Pro/Examples &amp; Extras/Scripts/TextConsoleSimulator.cs" />
        <File uid="139" fullPath="D:/Project The Apocalypse_Gloom Haze_Local/The Apocalypse_Gloom Haze/Assets/TextMesh Pro/Examples &amp; Extras/Scripts/TextMeshProFloatingText.cs" />
        <File uid="140" fullPath="D:/Project The Apocalypse_Gloom Haze_Local/The Apocalypse_Gloom Haze/Assets/TextMesh Pro/Examples &amp; Extras/Scripts/TextMeshSpawner.cs" />
        <File uid="141" fullPath="D:/Project The Apocalypse_Gloom Haze_Local/The Apocalypse_Gloom Haze/Assets/TextMesh Pro/Examples &amp; Extras/Scripts/TMPro_InstructionOverlay.cs" />
        <File uid="142" fullPath="D:/Project The Apocalypse_Gloom Haze_Local/The Apocalypse_Gloom Haze/Assets/TextMesh Pro/Examples &amp; Extras/Scripts/TMP_ExampleScript_01.cs" />
        <File uid="143" fullPath="D:/Project The Apocalypse_Gloom Haze_Local/The Apocalypse_Gloom Haze/Assets/TextMesh Pro/Examples &amp; Extras/Scripts/TMP_FrameRateCounter.cs" />
        <File uid="144" fullPath="D:/Project The Apocalypse_Gloom Haze_Local/The Apocalypse_Gloom Haze/Assets/TextMesh Pro/Examples &amp; Extras/Scripts/TMP_TextEventCheck.cs" />
        <File uid="145" fullPath="D:/Project The Apocalypse_Gloom Haze_Local/The Apocalypse_Gloom Haze/Assets/TextMesh Pro/Examples &amp; Extras/Scripts/TMP_TextInfoDebugTool.cs" />
        <File uid="146" fullPath="D:/Project The Apocalypse_Gloom Haze_Local/The Apocalypse_Gloom Haze/Assets/TextMesh Pro/Examples &amp; Extras/Scripts/TMP_TextSelector_A.cs" />
        <File uid="147" fullPath="D:/Project The Apocalypse_Gloom Haze_Local/The Apocalypse_Gloom Haze/Assets/TextMesh Pro/Examples &amp; Extras/Scripts/TMP_TextSelector_B.cs" />
        <File uid="148" fullPath="D:/Project The Apocalypse_Gloom Haze_Local/The Apocalypse_Gloom Haze/Assets/TextMesh Pro/Examples &amp; Extras/Scripts/TMP_UiFrameRateCounter.cs" />
        <File uid="149" fullPath="D:/Project The Apocalypse_Gloom Haze_Local/The Apocalypse_Gloom Haze/Assets/TextMesh Pro/Examples &amp; Extras/Scripts/VertexColorCycler.cs" />
        <File uid="150" fullPath="D:/Project The Apocalypse_Gloom Haze_Local/The Apocalypse_Gloom Haze/Assets/TextMesh Pro/Examples &amp; Extras/Scripts/VertexJitter.cs" />
        <File uid="151" fullPath="D:/Project The Apocalypse_Gloom Haze_Local/The Apocalypse_Gloom Haze/Assets/TextMesh Pro/Examples &amp; Extras/Scripts/VertexShakeA.cs" />
        <File uid="152" fullPath="D:/Project The Apocalypse_Gloom Haze_Local/The Apocalypse_Gloom Haze/Assets/TextMesh Pro/Examples &amp; Extras/Scripts/VertexShakeB.cs" />
        <File uid="153" fullPath="D:/Project The Apocalypse_Gloom Haze_Local/The Apocalypse_Gloom Haze/Assets/TextMesh Pro/Examples &amp; Extras/Scripts/VertexZoom.cs" />
        <File uid="154" fullPath="D:/Project The Apocalypse_Gloom Haze_Local/The Apocalypse_Gloom Haze/Assets/TextMesh Pro/Examples &amp; Extras/Scripts/WarpTextExample.cs" />
        <File uid="155" fullPath="D:/Project The Apocalypse_Gloom Haze_Local/The Apocalypse_Gloom Haze/Assets/Invector-3rdPersonController_LITE/3D Models/Others/HealthItem/vAnimateUV.cs" />
        <File uid="156" fullPath="D:/Project The Apocalypse_Gloom Haze_Local/The Apocalypse_Gloom Haze/Assets/Invector-3rdPersonController_LITE/Scripts/Generic/Utils/vExtensions.cs" />
        <File uid="157" fullPath="D:/Project The Apocalypse_Gloom Haze_Local/The Apocalypse_Gloom Haze/Assets/Invector-3rdPersonController_LITE/Scripts/Generic/Utils/vComment.cs" />
        <File uid="158" fullPath="D:/Project The Apocalypse_Gloom Haze_Local/The Apocalypse_Gloom Haze/Assets/Invector-3rdPersonController_LITE/Scripts/CharacterController/vThirdPersonAnimator.cs" />
        <File uid="159" fullPath="D:/Project The Apocalypse_Gloom Haze_Local/The Apocalypse_Gloom Haze/Assets/Invector-3rdPersonController_LITE/Scripts/CharacterController/vThirdPersonController.cs" />
        <File uid="160" fullPath="D:/Project The Apocalypse_Gloom Haze_Local/The Apocalypse_Gloom Haze/Assets/Invector-3rdPersonController_LITE/Scripts/CharacterController/vThirdPersonInput.cs" />
        <File uid="161" fullPath="D:/Project The Apocalypse_Gloom Haze_Local/The Apocalypse_Gloom Haze/Assets/Invector-3rdPersonController_LITE/Scripts/CharacterController/vThirdPersonMotor.cs" />
        <File uid="162" fullPath="D:/Project The Apocalypse_Gloom Haze_Local/The Apocalypse_Gloom Haze/Assets/DialogueEditor/Assets/Scripts/Condition.cs" />
        <File uid="163" fullPath="D:/Project The Apocalypse_Gloom Haze_Local/The Apocalypse_Gloom Haze/Assets/DialogueEditor/Assets/Scripts/Connection.cs" />
        <File uid="164" fullPath="D:/Project The Apocalypse_Gloom Haze_Local/The Apocalypse_Gloom Haze/Assets/DialogueEditor/Assets/Scripts/Conversation.cs" />
        <File uid="165" fullPath="D:/Project The Apocalypse_Gloom Haze_Local/The Apocalypse_Gloom Haze/Assets/DialogueEditor/Assets/Scripts/ConversationNode.cs" />
        <File uid="166" fullPath="D:/Project The Apocalypse_Gloom Haze_Local/The Apocalypse_Gloom Haze/Assets/DialogueEditor/Assets/Scripts/EditableCondition.cs" />
        <File uid="167" fullPath="D:/Project The Apocalypse_Gloom Haze_Local/The Apocalypse_Gloom Haze/Assets/DialogueEditor/Assets/Scripts/EditableConnection.cs" />
        <File uid="168" fullPath="D:/Project The Apocalypse_Gloom Haze_Local/The Apocalypse_Gloom Haze/Assets/DialogueEditor/Assets/Scripts/EditableConversation.cs" />
        <File uid="169" fullPath="D:/Project The Apocalypse_Gloom Haze_Local/The Apocalypse_Gloom Haze/Assets/DialogueEditor/Assets/Scripts/EditableNode.cs" />
        <File uid="170" fullPath="D:/Project The Apocalypse_Gloom Haze_Local/The Apocalypse_Gloom Haze/Assets/DialogueEditor/Assets/Scripts/EditableParameter.cs" />
        <File uid="171" fullPath="D:/Project The Apocalypse_Gloom Haze_Local/The Apocalypse_Gloom Haze/Assets/DialogueEditor/Assets/Scripts/EditableSetParamAction.cs" />
        <File uid="172" fullPath="D:/Project The Apocalypse_Gloom Haze_Local/The Apocalypse_Gloom Haze/Assets/DialogueEditor/Assets/Scripts/NPCConversation.cs" />
        <File uid="173" fullPath="D:/Project The Apocalypse_Gloom Haze_Local/The Apocalypse_Gloom Haze/Assets/DialogueEditor/Assets/Scripts/Parameter.cs" />
        <File uid="174" fullPath="D:/Project The Apocalypse_Gloom Haze_Local/The Apocalypse_Gloom Haze/Assets/DialogueEditor/Assets/Scripts/SetParamAction.cs" />
        <File uid="175" fullPath="D:/Project The Apocalypse_Gloom Haze_Local/The Apocalypse_Gloom Haze/Assets/DialogueEditor/Assets/Scripts/UI/ConversationManager.cs" />
        <File uid="176" fullPath="D:/Project The Apocalypse_Gloom Haze_Local/The Apocalypse_Gloom Haze/Assets/DialogueEditor/Assets/Scripts/UI/UIConversationButton.cs" />
        <File uid="177" fullPath="D:/Project The Apocalypse_Gloom Haze_Local/The Apocalypse_Gloom Haze/Assets/DialogueEditor/Example/ExampleInputManager.cs" />
        <File uid="178" fullPath="D:/Project The Apocalypse_Gloom Haze_Local/The Apocalypse_Gloom Haze/Assets/AC Little Enchant Mesh VFX/Demo/Demo Script/DemoScript.cs" />
      </Files>
      <Classes>
        <Class>
          <Summary numSequencePoints="16" visitedSequencePoints="0" numBranchPoints="0" visitedBranchPoints="0" sequenceCoverage="0.0" branchCoverage="0.0" maxCyclomaticComplexity="0" minCyclomaticComplexity="0" maxCrapScore="0" minCrapScore="0" visitedClasses="0" numClasses="1" visitedMethods="0" numMethods="2" />
          <FullName>Invector.vExtensions</FullName>
          <Methods>
            <Method visited="false" cyclomaticComplexity="0" nPathComplexity="0" sequenceCoverage="0.0" branchCoverage="0" crapScore="0" isConstructor="false" isStatic="true" isGetter="false" isSetter="false">
              <Summary numSequencePoints="8" visitedSequencePoints="0" numBranchPoints="0" visitedBranchPoints="0" sequenceCoverage="0.0" branchCoverage="0" maxCyclomaticComplexity="0" minCyclomaticComplexity="0" maxCrapScore="0" minCrapScore="0" visitedClasses="0" numClasses="0" visitedMethods="0" numMethods="1" />
              <MetadataToken>100664135</MetadataToken>
              <Name>static Invector.vExtensions::Append[T](, )</Name>
              <FileRef uid="156" />
              <SequencePoints>
                <SequencePoint vc="0" uspid="16102" ordinal="0" offset="0" sl="11" sc="0" el="11" ec="0" bec="0" bev="0" fileid="156" />
                <SequencePoint vc="0" uspid="16103" ordinal="0" offset="3" sl="13" sc="0" el="13" ec="0" bec="0" bev="0" fileid="156" />
                <SequencePoint vc="0" uspid="16104" ordinal="0" offset="14" sl="15" sc="0" el="15" ec="0" bec="0" bev="0" fileid="156" />
                <SequencePoint vc="0" uspid="16105" ordinal="0" offset="30" sl="17" sc="0" el="17" ec="0" bec="0" bev="0" fileid="156" />
                <SequencePoint vc="0" uspid="16106" ordinal="0" offset="41" sl="19" sc="0" el="19" ec="0" bec="0" bev="0" fileid="156" />
                <SequencePoint vc="0" uspid="16107" ordinal="0" offset="54" sl="20" sc="0" el="20" ec="0" bec="0" bev="0" fileid="156" />
                <SequencePoint vc="0" uspid="16108" ordinal="0" offset="62" sl="21" sc="0" el="21" ec="0" bec="0" bev="0" fileid="156" />
                <SequencePoint vc="0" uspid="16109" ordinal="0" offset="72" sl="23" sc="0" el="23" ec="0" bec="0" bev="0" fileid="156" />
              </SequencePoints>
              <BranchPoints />
            </Method>
            <Method visited="false" cyclomaticComplexity="0" nPathComplexity="0" sequenceCoverage="0.0" branchCoverage="0" crapScore="0" isConstructor="false" isStatic="true" isGetter="false" isSetter="false">
              <Summary numSequencePoints="8" visitedSequencePoints="0" numBranchPoints="0" visitedBranchPoints="0" sequenceCoverage="0.0" branchCoverage="0" maxCyclomaticComplexity="0" minCyclomaticComplexity="0" maxCrapScore="0" minCrapScore="0" visitedClasses="0" numClasses="0" visitedMethods="0" numMethods="1" />
              <MetadataToken>100664136</MetadataToken>
              <Name>static Invector.vExtensions::vToArray[T](System.Collections.Generic.List[T])</Name>
              <FileRef uid="156" />
              <SequencePoints>
                <SequencePoint vc="0" uspid="16110" ordinal="0" offset="0" sl="28" sc="0" el="28" ec="0" bec="0" bev="0" fileid="156" />
                <SequencePoint vc="0" uspid="16111" ordinal="0" offset="12" sl="29" sc="0" el="29" ec="0" bec="0" bev="0" fileid="156" />
                <SequencePoint vc="0" uspid="16112" ordinal="0" offset="23" sl="29" sc="0" el="29" ec="0" bec="0" bev="0" fileid="156" />
                <SequencePoint vc="0" uspid="16113" ordinal="0" offset="25" sl="30" sc="0" el="30" ec="0" bec="0" bev="0" fileid="156" />
                <SequencePoint vc="0" uspid="16114" ordinal="0" offset="29" sl="32" sc="0" el="32" ec="0" bec="0" bev="0" fileid="156" />
                <SequencePoint vc="0" uspid="16115" ordinal="0" offset="43" sl="30" sc="0" el="30" ec="0" bec="0" bev="0" fileid="156" />
                <SequencePoint vc="0" uspid="16116" ordinal="0" offset="47" sl="30" sc="0" el="30" ec="0" bec="0" bev="0" fileid="156" />
                <SequencePoint vc="0" uspid="16117" ordinal="0" offset="56" sl="34" sc="0" el="34" ec="0" bec="0" bev="0" fileid="156" />
              </SequencePoints>
              <BranchPoints />
            </Method>
          </Methods>
        </Class>
      </Classes>
    </Module>
    <Module>
      <Summary numSequencePoints="255" visitedSequencePoints="0" numBranchPoints="0" visitedBranchPoints="0" sequenceCoverage="0.0" branchCoverage="0.0" maxCyclomaticComplexity="0" minCyclomaticComplexity="0" maxCrapScore="0" minCrapScore="0" visitedClasses="0" numClasses="11" visitedMethods="0" numMethods="51" />
      <ModuleTime>0001-01-01T00:00:00</ModuleTime>
      <ModuleName>Fusion.Unity</ModuleName>
      <Files>
        <File uid="179" fullPath="D:/Project The Apocalypse_Gloom Haze_Local/The Apocalypse_Gloom Haze/Assets/Photon/Fusion/Runtime/Fusion.Unity.cs" />
        <File uid="180" fullPath="D:/Project The Apocalypse_Gloom Haze_Local/The Apocalypse_Gloom Haze/Assets/Photon/Fusion/Runtime/FusionAddressablePrefabsPreloader.cs" />
        <File uid="181" fullPath="D:/Project The Apocalypse_Gloom Haze_Local/The Apocalypse_Gloom Haze/Assets/Photon/Fusion/Runtime/FusionBasicBillboard.cs" />
        <File uid="182" fullPath="D:/Project The Apocalypse_Gloom Haze_Local/The Apocalypse_Gloom Haze/Assets/Photon/Fusion/Runtime/FusionBootstrap.cs" />
        <File uid="183" fullPath="D:/Project The Apocalypse_Gloom Haze_Local/The Apocalypse_Gloom Haze/Assets/Photon/Fusion/Runtime/FusionBootstrapDebugGUI.cs" />
        <File uid="184" fullPath="D:/Project The Apocalypse_Gloom Haze_Local/The Apocalypse_Gloom Haze/Assets/Photon/Fusion/Runtime/NetworkCharacterController.cs" />
        <File uid="185" fullPath="D:/Project The Apocalypse_Gloom Haze_Local/The Apocalypse_Gloom Haze/Assets/Photon/Fusion/Runtime/NetworkObjectProviderDefault.cs" />
        <File uid="186" fullPath="D:/Project The Apocalypse_Gloom Haze_Local/The Apocalypse_Gloom Haze/Assets/Photon/Fusion/Runtime/NetworkSceneManagerDefault.cs" />
        <File uid="187" fullPath="D:/Project The Apocalypse_Gloom Haze_Local/The Apocalypse_Gloom Haze/Assets/Photon/Fusion/Runtime/Utilities/RunnerVisibility/EnableOnSingleRunner.cs" />
        <File uid="188" fullPath="D:/Project The Apocalypse_Gloom Haze_Local/The Apocalypse_Gloom Haze/Assets/Photon/Fusion/Runtime/Utilities/RunnerVisibility/RunnerAOIGizmos.cs" />
        <File uid="189" fullPath="D:/Project The Apocalypse_Gloom Haze_Local/The Apocalypse_Gloom Haze/Assets/Photon/Fusion/Runtime/Utilities/RunnerVisibility/RunnerEnableVisibility.cs" />
        <File uid="190" fullPath="D:/Project The Apocalypse_Gloom Haze_Local/The Apocalypse_Gloom Haze/Assets/Photon/Fusion/Runtime/Utilities/RunnerVisibility/RunnerLagCompensationGizmos.cs" />
        <File uid="191" fullPath="D:/Project The Apocalypse_Gloom Haze_Local/The Apocalypse_Gloom Haze/Assets/Photon/Fusion/Runtime/Utilities/RunnerVisibility/RunnerVisibilityLink.cs" />
        <File uid="192" fullPath="D:/Project The Apocalypse_Gloom Haze_Local/The Apocalypse_Gloom Haze/Assets/Photon/Fusion/Runtime/Utilities/RunnerVisibility/RunnerVisibilityLinksRoot.cs" />
        <File uid="193" fullPath="D:/Project The Apocalypse_Gloom Haze_Local/The Apocalypse_Gloom Haze/Assets/Photon/Fusion/Runtime/Statistics/FusionNetworkObjectStatistics.cs" />
        <File uid="194" fullPath="D:/Project The Apocalypse_Gloom Haze_Local/The Apocalypse_Gloom Haze/Assets/Photon/Fusion/Runtime/Statistics/FusionNetworkObjectStatsGraph.cs" />
        <File uid="195" fullPath="D:/Project The Apocalypse_Gloom Haze_Local/The Apocalypse_Gloom Haze/Assets/Photon/Fusion/Runtime/Statistics/FusionNetworkObjectStatsGraphCombine.cs" />
        <File uid="196" fullPath="D:/Project The Apocalypse_Gloom Haze_Local/The Apocalypse_Gloom Haze/Assets/Photon/Fusion/Runtime/Statistics/FusionStatistics.cs" />
        <File uid="197" fullPath="D:/Project The Apocalypse_Gloom Haze_Local/The Apocalypse_Gloom Haze/Assets/Photon/Fusion/Runtime/Statistics/FusionStatsCanvas.cs" />
        <File uid="198" fullPath="D:/Project The Apocalypse_Gloom Haze_Local/The Apocalypse_Gloom Haze/Assets/Photon/Fusion/Runtime/Statistics/FusionStatsConfig.cs" />
        <File uid="199" fullPath="D:/Project The Apocalypse_Gloom Haze_Local/The Apocalypse_Gloom Haze/Assets/Photon/Fusion/Runtime/Statistics/FusionStatsGraphDefault.cs" />
        <File uid="200" fullPath="D:/Project The Apocalypse_Gloom Haze_Local/The Apocalypse_Gloom Haze/Assets/Photon/Fusion/Runtime/Statistics/FusionStatsPanelHeader.cs" />
        <File uid="201" fullPath="D:/Project The Apocalypse_Gloom Haze_Local/The Apocalypse_Gloom Haze/Assets/Photon/Fusion/Runtime/Statistics/FusionStatsWorldAnchor.cs" />
      </Files>
      <Classes>
        <Class>
          <Summary numSequencePoints="56" visitedSequencePoints="0" numBranchPoints="0" visitedBranchPoints="0" sequenceCoverage="0.0" branchCoverage="0.0" maxCyclomaticComplexity="0" minCyclomaticComplexity="0" maxCrapScore="0" minCrapScore="0" visitedClasses="0" numClasses="1" visitedMethods="0" numMethods="11" />
          <FullName>Fusion.NetworkAssetSourceAddressable[T]</FullName>
          <Methods>
            <Method visited="false" cyclomaticComplexity="0" nPathComplexity="0" sequenceCoverage="0.0" branchCoverage="0" crapScore="0" isConstructor="false" isStatic="false" isGetter="true" isSetter="false">
              <Summary numSequencePoints="3" visitedSequencePoints="0" numBranchPoints="0" visitedBranchPoints="0" sequenceCoverage="0.0" branchCoverage="0" maxCyclomaticComplexity="0" minCyclomaticComplexity="0" maxCrapScore="0" minCrapScore="0" visitedClasses="0" numClasses="0" visitedMethods="0" numMethods="1" />
              <MetadataToken>100663299</MetadataToken>
              <Name>UnityEngine.AddressableAssets.AssetReference Fusion.NetworkAssetSourceAddressable[T]::get_Address()</Name>
              <FileRef uid="179" />
              <SequencePoints>
                <SequencePoint vc="0" uspid="17465" ordinal="0" offset="0" sl="28" sc="0" el="28" ec="0" bec="0" bev="0" fileid="179" />
                <SequencePoint vc="0" uspid="17466" ordinal="0" offset="13" sl="29" sc="0" el="29" ec="0" bec="0" bev="0" fileid="179" />
                <SequencePoint vc="0" uspid="17467" ordinal="0" offset="15" sl="31" sc="0" el="31" ec="0" bec="0" bev="0" fileid="179" />
              </SequencePoints>
              <BranchPoints />
            </Method>
            <Method visited="false" cyclomaticComplexity="0" nPathComplexity="0" sequenceCoverage="0.0" branchCoverage="0" crapScore="0" isConstructor="false" isStatic="false" isGetter="false" isSetter="true">
              <Summary numSequencePoints="4" visitedSequencePoints="0" numBranchPoints="0" visitedBranchPoints="0" sequenceCoverage="0.0" branchCoverage="0" maxCyclomaticComplexity="0" minCyclomaticComplexity="0" maxCrapScore="0" minCrapScore="0" visitedClasses="0" numClasses="0" visitedMethods="0" numMethods="1" />
              <MetadataToken>100663300</MetadataToken>
              <Name>System.Void Fusion.NetworkAssetSourceAddressable[T]::set_Address(UnityEngine.AddressableAssets.AssetReference)</Name>
              <FileRef uid="179" />
              <SequencePoints>
                <SequencePoint vc="0" uspid="17468" ordinal="0" offset="0" sl="34" sc="0" el="34" ec="0" bec="0" bev="0" fileid="179" />
                <SequencePoint vc="0" uspid="17469" ordinal="0" offset="8" sl="35" sc="0" el="35" ec="0" bec="0" bev="0" fileid="179" />
                <SequencePoint vc="0" uspid="17470" ordinal="0" offset="26" sl="37" sc="0" el="37" ec="0" bec="0" bev="0" fileid="179" />
                <SequencePoint vc="0" uspid="17471" ordinal="0" offset="37" sl="39" sc="0" el="39" ec="0" bec="0" bev="0" fileid="179" />
              </SequencePoints>
              <BranchPoints />
            </Method>
            <Method visited="false" cyclomaticComplexity="0" nPathComplexity="0" sequenceCoverage="0.0" branchCoverage="0" crapScore="0" isConstructor="false" isStatic="false" isGetter="false" isSetter="false">
              <Summary numSequencePoints="4" visitedSequencePoints="0" numBranchPoints="0" visitedBranchPoints="0" sequenceCoverage="0.0" branchCoverage="0" maxCyclomaticComplexity="0" minCyclomaticComplexity="0" maxCrapScore="0" minCrapScore="0" visitedClasses="0" numClasses="0" visitedMethods="0" numMethods="1" />
              <MetadataToken>100663301</MetadataToken>
              <Name>System.Void Fusion.NetworkAssetSourceAddressable[T]::Acquire(System.Boolean)</Name>
              <FileRef uid="179" />
              <SequencePoints>
                <SequencePoint vc="0" uspid="17472" ordinal="0" offset="0" sl="56" sc="0" el="56" ec="0" bec="0" bev="0" fileid="179" />
                <SequencePoint vc="0" uspid="17473" ordinal="0" offset="8" sl="57" sc="0" el="57" ec="0" bec="0" bev="0" fileid="179" />
                <SequencePoint vc="0" uspid="17474" ordinal="0" offset="15" sl="59" sc="0" el="59" ec="0" bec="0" bev="0" fileid="179" />
                <SequencePoint vc="0" uspid="17475" ordinal="0" offset="29" sl="60" sc="0" el="60" ec="0" bec="0" bev="0" fileid="179" />
              </SequencePoints>
              <BranchPoints />
            </Method>
            <Method visited="false" cyclomaticComplexity="0" nPathComplexity="0" sequenceCoverage="0.0" branchCoverage="0" crapScore="0" isConstructor="false" isStatic="false" isGetter="false" isSetter="false">
              <Summary numSequencePoints="5" visitedSequencePoints="0" numBranchPoints="0" visitedBranchPoints="0" sequenceCoverage="0.0" branchCoverage="0" maxCyclomaticComplexity="0" minCyclomaticComplexity="0" maxCrapScore="0" minCrapScore="0" visitedClasses="0" numClasses="0" visitedMethods="0" numMethods="1" />
              <MetadataToken>100663302</MetadataToken>
              <Name>System.Void Fusion.NetworkAssetSourceAddressable[T]::Release()</Name>
              <FileRef uid="179" />
              <SequencePoints>
                <SequencePoint vc="0" uspid="17476" ordinal="0" offset="0" sl="64" sc="0" el="64" ec="0" bec="0" bev="0" fileid="179" />
                <SequencePoint vc="0" uspid="17477" ordinal="0" offset="9" sl="65" sc="0" el="65" ec="0" bec="0" bev="0" fileid="179" />
                <SequencePoint vc="0" uspid="17478" ordinal="0" offset="20" sl="67" sc="0" el="67" ec="0" bec="0" bev="0" fileid="179" />
                <SequencePoint vc="0" uspid="17479" ordinal="0" offset="39" sl="68" sc="0" el="68" ec="0" bec="0" bev="0" fileid="179" />
                <SequencePoint vc="0" uspid="17480" ordinal="0" offset="45" sl="70" sc="0" el="70" ec="0" bec="0" bev="0" fileid="179" />
              </SequencePoints>
              <BranchPoints />
            </Method>
            <Method visited="false" cyclomaticComplexity="0" nPathComplexity="0" sequenceCoverage="0.0" branchCoverage="0" crapScore="0" isConstructor="false" isStatic="false" isGetter="true" isSetter="false">
              <Summary numSequencePoints="1" visitedSequencePoints="0" numBranchPoints="0" visitedBranchPoints="0" sequenceCoverage="0.0" branchCoverage="0" maxCyclomaticComplexity="0" minCyclomaticComplexity="0" maxCrapScore="0" minCrapScore="0" visitedClasses="0" numClasses="0" visitedMethods="0" numMethods="1" />
              <MetadataToken>100663303</MetadataToken>
              <Name>System.Boolean Fusion.NetworkAssetSourceAddressable[T]::get_IsCompleted()</Name>
              <FileRef uid="179" />
              <SequencePoints>
                <SequencePoint vc="0" uspid="17481" ordinal="0" offset="0" sl="73" sc="0" el="73" ec="0" bec="0" bev="0" fileid="179" />
              </SequencePoints>
              <BranchPoints />
            </Method>
            <Method visited="false" cyclomaticComplexity="0" nPathComplexity="0" sequenceCoverage="0.0" branchCoverage="0" crapScore="0" isConstructor="false" isStatic="false" isGetter="false" isSetter="false">
              <Summary numSequencePoints="11" visitedSequencePoints="0" numBranchPoints="0" visitedBranchPoints="0" sequenceCoverage="0.0" branchCoverage="0" maxCyclomaticComplexity="0" minCyclomaticComplexity="0" maxCrapScore="0" minCrapScore="0" visitedClasses="0" numClasses="0" visitedMethods="0" numMethods="1" />
              <MetadataToken>100663304</MetadataToken>
              <Name>T Fusion.NetworkAssetSourceAddressable[T]::WaitForResult()</Name>
              <FileRef uid="179" />
              <SequencePoints>
                <SequencePoint vc="0" uspid="17482" ordinal="0" offset="0" sl="77" sc="0" el="77" ec="0" bec="0" bev="0" fileid="179" />
                <SequencePoint vc="0" uspid="17483" ordinal="0" offset="21" sl="78" sc="0" el="78" ec="0" bec="0" bev="0" fileid="179" />
                <SequencePoint vc="0" uspid="17484" ordinal="0" offset="34" sl="80" sc="0" el="80" ec="0" bec="0" bev="0" fileid="179" />
                <SequencePoint vc="0" uspid="17485" ordinal="0" offset="46" sl="81" sc="0" el="81" ec="0" bec="0" bev="0" fileid="179" />
                <SequencePoint vc="0" uspid="17486" ordinal="0" offset="61" sl="81" sc="0" el="81" ec="0" bec="0" bev="0" fileid="179" />
                <SequencePoint vc="0" uspid="17487" ordinal="0" offset="98" sl="82" sc="0" el="82" ec="0" bec="0" bev="0" fileid="179" />
                <SequencePoint vc="0" uspid="17488" ordinal="0" offset="135" sl="84" sc="0" el="84" ec="0" bec="0" bev="0" fileid="179" />
                <SequencePoint vc="0" uspid="17489" ordinal="0" offset="137" sl="88" sc="0" el="88" ec="0" bec="0" bev="0" fileid="179" />
                <SequencePoint vc="0" uspid="17490" ordinal="0" offset="150" sl="89" sc="0" el="89" ec="0" bec="0" bev="0" fileid="179" />
                <SequencePoint vc="0" uspid="17491" ordinal="0" offset="183" sl="92" sc="0" el="92" ec="0" bec="0" bev="0" fileid="179" />
                <SequencePoint vc="0" uspid="17492" ordinal="0" offset="207" sl="93" sc="0" el="93" ec="0" bec="0" bev="0" fileid="179" />
              </SequencePoints>
              <BranchPoints />
            </Method>
            <Method visited="false" cyclomaticComplexity="0" nPathComplexity="0" sequenceCoverage="0.0" branchCoverage="0" crapScore="0" isConstructor="false" isStatic="false" isGetter="false" isSetter="false">
              <Summary numSequencePoints="9" visitedSequencePoints="0" numBranchPoints="0" visitedBranchPoints="0" sequenceCoverage="0.0" branchCoverage="0" maxCyclomaticComplexity="0" minCyclomaticComplexity="0" maxCrapScore="0" minCrapScore="0" visitedClasses="0" numClasses="0" visitedMethods="0" numMethods="1" />
              <MetadataToken>100663305</MetadataToken>
              <Name>System.Void Fusion.NetworkAssetSourceAddressable[T]::LoadInternal(System.Boolean)</Name>
              <FileRef uid="179" />
              <SequencePoints>
                <SequencePoint vc="0" uspid="17493" ordinal="0" offset="0" sl="97" sc="0" el="97" ec="0" bec="0" bev="0" fileid="179" />
                <SequencePoint vc="0" uspid="17494" ordinal="0" offset="24" sl="99" sc="0" el="99" ec="0" bec="0" bev="0" fileid="179" />
                <SequencePoint vc="0" uspid="17495" ordinal="0" offset="46" sl="100" sc="0" el="100" ec="0" bec="0" bev="0" fileid="179" />
                <SequencePoint vc="0" uspid="17496" ordinal="0" offset="59" sl="101" sc="0" el="101" ec="0" bec="0" bev="0" fileid="179" />
                <SequencePoint vc="0" uspid="17497" ordinal="0" offset="81" sl="103" sc="0" el="103" ec="0" bec="0" bev="0" fileid="179" />
                <SequencePoint vc="0" uspid="17498" ordinal="0" offset="95" sl="104" sc="0" el="104" ec="0" bec="0" bev="0" fileid="179" />
                <SequencePoint vc="0" uspid="17499" ordinal="0" offset="128" sl="107" sc="0" el="107" ec="0" bec="0" bev="0" fileid="179" />
                <SequencePoint vc="0" uspid="17500" ordinal="0" offset="131" sl="108" sc="0" el="108" ec="0" bec="0" bev="0" fileid="179" />
                <SequencePoint vc="0" uspid="17501" ordinal="0" offset="143" sl="110" sc="0" el="110" ec="0" bec="0" bev="0" fileid="179" />
              </SequencePoints>
              <BranchPoints />
            </Method>
            <Method visited="false" cyclomaticComplexity="0" nPathComplexity="0" sequenceCoverage="0.0" branchCoverage="0" crapScore="0" isConstructor="false" isStatic="false" isGetter="false" isSetter="false">
              <Summary numSequencePoints="5" visitedSequencePoints="0" numBranchPoints="0" visitedBranchPoints="0" sequenceCoverage="0.0" branchCoverage="0" maxCyclomaticComplexity="0" minCyclomaticComplexity="0" maxCrapScore="0" minCrapScore="0" visitedClasses="0" numClasses="0" visitedMethods="0" numMethods="1" />
              <MetadataToken>100663306</MetadataToken>
              <Name>System.Void Fusion.NetworkAssetSourceAddressable[T]::UnloadInternal()</Name>
              <FileRef uid="179" />
              <SequencePoints>
                <SequencePoint vc="0" uspid="17502" ordinal="0" offset="0" sl="113" sc="0" el="113" ec="0" bec="0" bev="0" fileid="179" />
                <SequencePoint vc="0" uspid="17503" ordinal="0" offset="13" sl="114" sc="0" el="114" ec="0" bec="0" bev="0" fileid="179" />
                <SequencePoint vc="0" uspid="17504" ordinal="0" offset="19" sl="115" sc="0" el="115" ec="0" bec="0" bev="0" fileid="179" />
                <SequencePoint vc="0" uspid="17505" ordinal="0" offset="31" sl="116" sc="0" el="116" ec="0" bec="0" bev="0" fileid="179" />
                <SequencePoint vc="0" uspid="17506" ordinal="0" offset="36" sl="118" sc="0" el="118" ec="0" bec="0" bev="0" fileid="179" />
              </SequencePoints>
              <BranchPoints />
            </Method>
            <Method visited="false" cyclomaticComplexity="0" nPathComplexity="0" sequenceCoverage="0.0" branchCoverage="0" crapScore="0" isConstructor="false" isStatic="false" isGetter="false" isSetter="false">
              <Summary numSequencePoints="12" visitedSequencePoints="0" numBranchPoints="0" visitedBranchPoints="0" sequenceCoverage="0.0" branchCoverage="0" maxCyclomaticComplexity="0" minCyclomaticComplexity="0" maxCrapScore="0" minCrapScore="0" visitedClasses="0" numClasses="0" visitedMethods="0" numMethods="1" />
              <MetadataToken>100663307</MetadataToken>
              <Name>T Fusion.NetworkAssetSourceAddressable[T]::ValidateResult(System.Object)</Name>
              <FileRef uid="179" />
              <SequencePoints>
                <SequencePoint vc="0" uspid="17507" ordinal="0" offset="0" sl="121" sc="0" el="121" ec="0" bec="0" bev="0" fileid="179" />
                <SequencePoint vc="0" uspid="17508" ordinal="0" offset="3" sl="122" sc="0" el="122" ec="0" bec="0" bev="0" fileid="179" />
                <SequencePoint vc="0" uspid="17509" ordinal="0" offset="30" sl="124" sc="0" el="124" ec="0" bec="0" bev="0" fileid="179" />
                <SequencePoint vc="0" uspid="17510" ordinal="0" offset="57" sl="125" sc="0" el="125" ec="0" bec="0" bev="0" fileid="179" />
                <SequencePoint vc="0" uspid="17511" ordinal="0" offset="65" sl="126" sc="0" el="126" ec="0" bec="0" bev="0" fileid="179" />
                <SequencePoint vc="0" uspid="17512" ordinal="0" offset="93" sl="129" sc="0" el="129" ec="0" bec="0" bev="0" fileid="179" />
                <SequencePoint vc="0" uspid="17513" ordinal="0" offset="104" sl="130" sc="0" el="130" ec="0" bec="0" bev="0" fileid="179" />
                <SequencePoint vc="0" uspid="17514" ordinal="0" offset="117" sl="131" sc="0" el="131" ec="0" bec="0" bev="0" fileid="179" />
                <SequencePoint vc="0" uspid="17515" ordinal="0" offset="149" sl="134" sc="0" el="134" ec="0" bec="0" bev="0" fileid="179" />
                <SequencePoint vc="0" uspid="17516" ordinal="0" offset="150" sl="137" sc="0" el="137" ec="0" bec="0" bev="0" fileid="179" />
                <SequencePoint vc="0" uspid="17517" ordinal="0" offset="170" sl="138" sc="0" el="138" ec="0" bec="0" bev="0" fileid="179" />
                <SequencePoint vc="0" uspid="17518" ordinal="0" offset="172" sl="141" sc="0" el="141" ec="0" bec="0" bev="0" fileid="179" />
              </SequencePoints>
              <BranchPoints />
            </Method>
            <Method visited="false" cyclomaticComplexity="0" nPathComplexity="0" sequenceCoverage="0.0" branchCoverage="0" crapScore="0" isConstructor="false" isStatic="false" isGetter="true" isSetter="false">
              <Summary numSequencePoints="1" visitedSequencePoints="0" numBranchPoints="0" visitedBranchPoints="0" sequenceCoverage="0.0" branchCoverage="0" maxCyclomaticComplexity="0" minCyclomaticComplexity="0" maxCrapScore="0" minCrapScore="0" visitedClasses="0" numClasses="0" visitedMethods="0" numMethods="1" />
              <MetadataToken>100663308</MetadataToken>
              <Name>System.String Fusion.NetworkAssetSourceAddressable[T]::get_Description()</Name>
              <FileRef uid="179" />
              <SequencePoints>
                <SequencePoint vc="0" uspid="17519" ordinal="0" offset="0" sl="145" sc="0" el="145" ec="0" bec="0" bev="0" fileid="179" />
              </SequencePoints>
              <BranchPoints />
            </Method>
            <Method visited="false" cyclomaticComplexity="0" nPathComplexity="0" sequenceCoverage="0.0" branchCoverage="0" crapScore="0" isConstructor="false" isStatic="false" isGetter="true" isSetter="false">
              <Summary numSequencePoints="1" visitedSequencePoints="0" numBranchPoints="0" visitedBranchPoints="0" sequenceCoverage="0.0" branchCoverage="0" maxCyclomaticComplexity="0" minCyclomaticComplexity="0" maxCrapScore="0" minCrapScore="0" visitedClasses="0" numClasses="0" visitedMethods="0" numMethods="1" />
              <MetadataToken>100663309</MetadataToken>
              <Name>T Fusion.NetworkAssetSourceAddressable[T]::get_EditorInstance()</Name>
              <FileRef uid="179" />
              <SequencePoints>
                <SequencePoint vc="0" uspid="17520" ordinal="0" offset="0" sl="149" sc="0" el="149" ec="0" bec="0" bev="0" fileid="179" />
              </SequencePoints>
              <BranchPoints />
            </Method>
          </Methods>
        </Class>
        <Class>
          <Summary numSequencePoints="63" visitedSequencePoints="0" numBranchPoints="0" visitedBranchPoints="0" sequenceCoverage="0.0" branchCoverage="0.0" maxCyclomaticComplexity="0" minCyclomaticComplexity="0" maxCrapScore="0" minCrapScore="0" visitedClasses="0" numClasses="1" visitedMethods="0" numMethods="10" />
          <FullName>Fusion.NetworkAssetSourceResource[T]</FullName>
          <Methods>
            <Method visited="false" cyclomaticComplexity="0" nPathComplexity="0" sequenceCoverage="0.0" branchCoverage="0" crapScore="0" isConstructor="false" isStatic="false" isGetter="false" isSetter="false">
              <Summary numSequencePoints="4" visitedSequencePoints="0" numBranchPoints="0" visitedBranchPoints="0" sequenceCoverage="0.0" branchCoverage="0" maxCyclomaticComplexity="0" minCyclomaticComplexity="0" maxCrapScore="0" minCrapScore="0" visitedClasses="0" numClasses="0" visitedMethods="0" numMethods="1" />
              <MetadataToken>100663311</MetadataToken>
              <Name>System.Void Fusion.NetworkAssetSourceResource[T]::Acquire(System.Boolean)</Name>
              <FileRef uid="179" />
              <SequencePoints>
                <SequencePoint vc="0" uspid="17521" ordinal="0" offset="0" sl="194" sc="0" el="194" ec="0" bec="0" bev="0" fileid="179" />
                <SequencePoint vc="0" uspid="17522" ordinal="0" offset="8" sl="195" sc="0" el="195" ec="0" bec="0" bev="0" fileid="179" />
                <SequencePoint vc="0" uspid="17523" ordinal="0" offset="15" sl="197" sc="0" el="197" ec="0" bec="0" bev="0" fileid="179" />
                <SequencePoint vc="0" uspid="17524" ordinal="0" offset="29" sl="198" sc="0" el="198" ec="0" bec="0" bev="0" fileid="179" />
              </SequencePoints>
              <BranchPoints />
            </Method>
            <Method visited="false" cyclomaticComplexity="0" nPathComplexity="0" sequenceCoverage="0.0" branchCoverage="0" crapScore="0" isConstructor="false" isStatic="false" isGetter="false" isSetter="false">
              <Summary numSequencePoints="5" visitedSequencePoints="0" numBranchPoints="0" visitedBranchPoints="0" sequenceCoverage="0.0" branchCoverage="0" maxCyclomaticComplexity="0" minCyclomaticComplexity="0" maxCrapScore="0" minCrapScore="0" visitedClasses="0" numClasses="0" visitedMethods="0" numMethods="1" />
              <MetadataToken>100663312</MetadataToken>
              <Name>System.Void Fusion.NetworkAssetSourceResource[T]::Release()</Name>
              <FileRef uid="179" />
              <SequencePoints>
                <SequencePoint vc="0" uspid="17525" ordinal="0" offset="0" sl="206" sc="0" el="206" ec="0" bec="0" bev="0" fileid="179" />
                <SequencePoint vc="0" uspid="17526" ordinal="0" offset="9" sl="207" sc="0" el="207" ec="0" bec="0" bev="0" fileid="179" />
                <SequencePoint vc="0" uspid="17527" ordinal="0" offset="20" sl="209" sc="0" el="209" ec="0" bec="0" bev="0" fileid="179" />
                <SequencePoint vc="0" uspid="17528" ordinal="0" offset="39" sl="210" sc="0" el="210" ec="0" bec="0" bev="0" fileid="179" />
                <SequencePoint vc="0" uspid="17529" ordinal="0" offset="45" sl="212" sc="0" el="212" ec="0" bec="0" bev="0" fileid="179" />
              </SequencePoints>
              <BranchPoints />
            </Method>
            <Method visited="false" cyclomaticComplexity="0" nPathComplexity="0" sequenceCoverage="0.0" branchCoverage="0" crapScore="0" isConstructor="false" isStatic="false" isGetter="true" isSetter="false">
              <Summary numSequencePoints="5" visitedSequencePoints="0" numBranchPoints="0" visitedBranchPoints="0" sequenceCoverage="0.0" branchCoverage="0" maxCyclomaticComplexity="0" minCyclomaticComplexity="0" maxCrapScore="0" minCrapScore="0" visitedClasses="0" numClasses="0" visitedMethods="0" numMethods="1" />
              <MetadataToken>100663313</MetadataToken>
              <Name>System.Boolean Fusion.NetworkAssetSourceResource[T]::get_IsCompleted()</Name>
              <FileRef uid="179" />
              <SequencePoints>
                <SequencePoint vc="0" uspid="17530" ordinal="0" offset="0" sl="219" sc="0" el="219" ec="0" bec="0" bev="0" fileid="179" />
                <SequencePoint vc="0" uspid="17531" ordinal="0" offset="8" sl="221" sc="0" el="221" ec="0" bec="0" bev="0" fileid="179" />
                <SequencePoint vc="0" uspid="17532" ordinal="0" offset="10" sl="224" sc="0" el="224" ec="0" bec="0" bev="0" fileid="179" />
                <SequencePoint vc="0" uspid="17533" ordinal="0" offset="33" sl="226" sc="0" el="226" ec="0" bec="0" bev="0" fileid="179" />
                <SequencePoint vc="0" uspid="17534" ordinal="0" offset="35" sl="229" sc="0" el="229" ec="0" bec="0" bev="0" fileid="179" />
              </SequencePoints>
              <BranchPoints />
            </Method>
            <Method visited="false" cyclomaticComplexity="0" nPathComplexity="0" sequenceCoverage="0.0" branchCoverage="0" crapScore="0" isConstructor="false" isStatic="false" isGetter="false" isSetter="false">
              <Summary numSequencePoints="14" visitedSequencePoints="0" numBranchPoints="0" visitedBranchPoints="0" sequenceCoverage="0.0" branchCoverage="0" maxCyclomaticComplexity="0" minCyclomaticComplexity="0" maxCrapScore="0" minCrapScore="0" visitedClasses="0" numClasses="0" visitedMethods="0" numMethods="1" />
              <MetadataToken>100663314</MetadataToken>
              <Name>T Fusion.NetworkAssetSourceResource[T]::WaitForResult()</Name>
              <FileRef uid="179" />
              <SequencePoints>
                <SequencePoint vc="0" uspid="17535" ordinal="0" offset="0" sl="238" sc="0" el="238" ec="0" bec="0" bev="0" fileid="179" />
                <SequencePoint vc="0" uspid="17536" ordinal="0" offset="19" sl="239" sc="0" el="239" ec="0" bec="0" bev="0" fileid="179" />
                <SequencePoint vc="0" uspid="17537" ordinal="0" offset="34" sl="240" sc="0" el="240" ec="0" bec="0" bev="0" fileid="179" />
                <SequencePoint vc="0" uspid="17538" ordinal="0" offset="42" sl="241" sc="0" el="241" ec="0" bec="0" bev="0" fileid="179" />
                <SequencePoint vc="0" uspid="17539" ordinal="0" offset="51" sl="244" sc="0" el="244" ec="0" bec="0" bev="0" fileid="179" />
                <SequencePoint vc="0" uspid="17540" ordinal="0" offset="58" sl="245" sc="0" el="245" ec="0" bec="0" bev="0" fileid="179" />
                <SequencePoint vc="0" uspid="17541" ordinal="0" offset="65" sl="249" sc="0" el="249" ec="0" bec="0" bev="0" fileid="179" />
                <SequencePoint vc="0" uspid="17542" ordinal="0" offset="73" sl="250" sc="0" el="250" ec="0" bec="0" bev="0" fileid="179" />
                <SequencePoint vc="0" uspid="17543" ordinal="0" offset="111" sl="253" sc="0" el="253" ec="0" bec="0" bev="0" fileid="179" />
                <SequencePoint vc="0" uspid="17544" ordinal="0" offset="136" sl="254" sc="0" el="254" ec="0" bec="0" bev="0" fileid="179" />
                <SequencePoint vc="0" uspid="17545" ordinal="0" offset="138" sl="257" sc="0" el="257" ec="0" bec="0" bev="0" fileid="179" />
                <SequencePoint vc="0" uspid="17546" ordinal="0" offset="153" sl="258" sc="0" el="258" ec="0" bec="0" bev="0" fileid="179" />
                <SequencePoint vc="0" uspid="17547" ordinal="0" offset="159" sl="259" sc="0" el="259" ec="0" bec="0" bev="0" fileid="179" />
                <SequencePoint vc="0" uspid="17548" ordinal="0" offset="165" sl="262" sc="0" el="262" ec="0" bec="0" bev="0" fileid="179" />
              </SequencePoints>
              <BranchPoints />
            </Method>
            <Method visited="false" cyclomaticComplexity="0" nPathComplexity="0" sequenceCoverage="0.0" branchCoverage="0" crapScore="0" isConstructor="false" isStatic="false" isGetter="false" isSetter="false">
              <Summary numSequencePoints="9" visitedSequencePoints="0" numBranchPoints="0" visitedBranchPoints="0" sequenceCoverage="0.0" branchCoverage="0" maxCyclomaticComplexity="0" minCyclomaticComplexity="0" maxCrapScore="0" minCrapScore="0" visitedClasses="0" numClasses="0" visitedMethods="0" numMethods="1" />
              <MetadataToken>100663315</MetadataToken>
              <Name>System.Void Fusion.NetworkAssetSourceResource[T]::FinishAsyncOp(UnityEngine.ResourceRequest)</Name>
              <FileRef uid="179" />
              <SequencePoints>
                <SequencePoint vc="0" uspid="17549" ordinal="0" offset="0" sl="267" sc="0" el="267" ec="0" bec="0" bev="0" fileid="179" />
                <SequencePoint vc="0" uspid="17550" ordinal="0" offset="44" sl="268" sc="0" el="268" ec="0" bec="0" bev="0" fileid="179" />
                <SequencePoint vc="0" uspid="17551" ordinal="0" offset="52" sl="269" sc="0" el="269" ec="0" bec="0" bev="0" fileid="179" />
                <SequencePoint vc="0" uspid="17552" ordinal="0" offset="61" sl="271" sc="0" el="271" ec="0" bec="0" bev="0" fileid="179" />
                <SequencePoint vc="0" uspid="17553" ordinal="0" offset="94" sl="273" sc="0" el="273" ec="0" bec="0" bev="0" fileid="179" />
                <SequencePoint vc="0" uspid="17554" ordinal="0" offset="96" sl="273" sc="0" el="273" ec="0" bec="0" bev="0" fileid="179" />
                <SequencePoint vc="0" uspid="17555" ordinal="0" offset="97" sl="274" sc="0" el="274" ec="0" bec="0" bev="0" fileid="179" />
                <SequencePoint vc="0" uspid="17556" ordinal="0" offset="109" sl="275" sc="0" el="275" ec="0" bec="0" bev="0" fileid="179" />
                <SequencePoint vc="0" uspid="17557" ordinal="0" offset="111" sl="276" sc="0" el="276" ec="0" bec="0" bev="0" fileid="179" />
              </SequencePoints>
              <BranchPoints />
            </Method>
            <Method visited="false" cyclomaticComplexity="0" nPathComplexity="0" sequenceCoverage="0.0" branchCoverage="0" crapScore="0" isConstructor="false" isStatic="true" isGetter="false" isSetter="false">
              <Summary numSequencePoints="8" visitedSequencePoints="0" numBranchPoints="0" visitedBranchPoints="0" sequenceCoverage="0.0" branchCoverage="0" maxCyclomaticComplexity="0" minCyclomaticComplexity="0" maxCrapScore="0" minCrapScore="0" visitedClasses="0" numClasses="0" visitedMethods="0" numMethods="1" />
              <MetadataToken>100663316</MetadataToken>
              <Name>static T Fusion.NetworkAssetSourceResource[T]::LoadNamedResource(System.String, System.String)</Name>
              <FileRef uid="179" />
              <SequencePoints>
                <SequencePoint vc="0" uspid="17558" ordinal="0" offset="0" sl="279" sc="0" el="279" ec="0" bec="0" bev="0" fileid="179" />
                <SequencePoint vc="0" uspid="17559" ordinal="0" offset="7" sl="281" sc="0" el="281" ec="0" bec="0" bev="0" fileid="179" />
                <SequencePoint vc="0" uspid="17560" ordinal="0" offset="11" sl="282" sc="0" el="282" ec="0" bec="0" bev="0" fileid="179" />
                <SequencePoint vc="0" uspid="17561" ordinal="0" offset="19" sl="283" sc="0" el="283" ec="0" bec="0" bev="0" fileid="179" />
                <SequencePoint vc="0" uspid="17562" ordinal="0" offset="39" sl="284" sc="0" el="284" ec="0" bec="0" bev="0" fileid="179" />
                <SequencePoint vc="0" uspid="17563" ordinal="0" offset="41" sl="281" sc="0" el="281" ec="0" bec="0" bev="0" fileid="179" />
                <SequencePoint vc="0" uspid="17564" ordinal="0" offset="45" sl="281" sc="0" el="281" ec="0" bec="0" bev="0" fileid="179" />
                <SequencePoint vc="0" uspid="17565" ordinal="0" offset="51" sl="288" sc="0" el="288" ec="0" bec="0" bev="0" fileid="179" />
              </SequencePoints>
              <BranchPoints />
            </Method>
            <Method visited="false" cyclomaticComplexity="0" nPathComplexity="0" sequenceCoverage="0.0" branchCoverage="0" crapScore="0" isConstructor="false" isStatic="false" isGetter="false" isSetter="false">
              <Summary numSequencePoints="11" visitedSequencePoints="0" numBranchPoints="0" visitedBranchPoints="0" sequenceCoverage="0.0" branchCoverage="0" maxCyclomaticComplexity="0" minCyclomaticComplexity="0" maxCrapScore="0" minCrapScore="0" visitedClasses="0" numClasses="0" visitedMethods="0" numMethods="1" />
              <MetadataToken>100663317</MetadataToken>
              <Name>System.Void Fusion.NetworkAssetSourceResource[T]::LoadInternal(System.Boolean)</Name>
              <FileRef uid="179" />
              <SequencePoints>
                <SequencePoint vc="0" uspid="17566" ordinal="0" offset="0" sl="292" sc="0" el="292" ec="0" bec="0" bev="0" fileid="179" />
                <SequencePoint vc="0" uspid="17567" ordinal="0" offset="19" sl="294" sc="0" el="294" ec="0" bec="0" bev="0" fileid="179" />
                <SequencePoint vc="0" uspid="17568" ordinal="0" offset="22" sl="295" sc="0" el="295" ec="0" bec="0" bev="0" fileid="179" />
                <SequencePoint vc="0" uspid="17569" ordinal="0" offset="78" sl="297" sc="0" el="297" ec="0" bec="0" bev="0" fileid="179" />
                <SequencePoint vc="0" uspid="17570" ordinal="0" offset="95" sl="300" sc="0" el="300" ec="0" bec="0" bev="0" fileid="179" />
                <SequencePoint vc="0" uspid="17571" ordinal="0" offset="103" sl="301" sc="0" el="301" ec="0" bec="0" bev="0" fileid="179" />
                <SequencePoint vc="0" uspid="17572" ordinal="0" offset="141" sl="303" sc="0" el="303" ec="0" bec="0" bev="0" fileid="179" />
                <SequencePoint vc="0" uspid="17573" ordinal="0" offset="143" sl="303" sc="0" el="303" ec="0" bec="0" bev="0" fileid="179" />
                <SequencePoint vc="0" uspid="17574" ordinal="0" offset="144" sl="304" sc="0" el="304" ec="0" bec="0" bev="0" fileid="179" />
                <SequencePoint vc="0" uspid="17575" ordinal="0" offset="156" sl="305" sc="0" el="305" ec="0" bec="0" bev="0" fileid="179" />
                <SequencePoint vc="0" uspid="17576" ordinal="0" offset="158" sl="306" sc="0" el="306" ec="0" bec="0" bev="0" fileid="179" />
              </SequencePoints>
              <BranchPoints />
            </Method>
            <Method visited="false" cyclomaticComplexity="0" nPathComplexity="0" sequenceCoverage="0.0" branchCoverage="0" crapScore="0" isConstructor="false" isStatic="false" isGetter="false" isSetter="false">
              <Summary numSequencePoints="5" visitedSequencePoints="0" numBranchPoints="0" visitedBranchPoints="0" sequenceCoverage="0.0" branchCoverage="0" maxCyclomaticComplexity="0" minCyclomaticComplexity="0" maxCrapScore="0" minCrapScore="0" visitedClasses="0" numClasses="0" visitedMethods="0" numMethods="1" />
              <MetadataToken>100663318</MetadataToken>
              <Name>System.Void Fusion.NetworkAssetSourceResource[T]::UnloadInternal()</Name>
              <FileRef uid="179" />
              <SequencePoints>
                <SequencePoint vc="0" uspid="17577" ordinal="0" offset="0" sl="309" sc="0" el="309" ec="0" bec="0" bev="0" fileid="179" />
                <SequencePoint vc="0" uspid="17578" ordinal="0" offset="15" sl="310" sc="0" el="310" ec="0" bec="0" bev="0" fileid="179" />
                <SequencePoint vc="0" uspid="17579" ordinal="0" offset="54" sl="313" sc="0" el="313" ec="0" bec="0" bev="0" fileid="179" />
                <SequencePoint vc="0" uspid="17580" ordinal="0" offset="66" sl="317" sc="0" el="317" ec="0" bec="0" bev="0" fileid="179" />
                <SequencePoint vc="0" uspid="17581" ordinal="0" offset="73" sl="318" sc="0" el="318" ec="0" bec="0" bev="0" fileid="179" />
              </SequencePoints>
              <BranchPoints />
            </Method>
            <Method visited="false" cyclomaticComplexity="0" nPathComplexity="0" sequenceCoverage="0.0" branchCoverage="0" crapScore="0" isConstructor="false" isStatic="false" isGetter="true" isSetter="false">
              <Summary numSequencePoints="1" visitedSequencePoints="0" numBranchPoints="0" visitedBranchPoints="0" sequenceCoverage="0.0" branchCoverage="0" maxCyclomaticComplexity="0" minCyclomaticComplexity="0" maxCrapScore="0" minCrapScore="0" visitedClasses="0" numClasses="0" visitedMethods="0" numMethods="1" />
              <MetadataToken>100663319</MetadataToken>
              <Name>System.String Fusion.NetworkAssetSourceResource[T]::get_Description()</Name>
              <FileRef uid="179" />
              <SequencePoints>
                <SequencePoint vc="0" uspid="17582" ordinal="0" offset="0" sl="323" sc="0" el="323" ec="0" bec="0" bev="0" fileid="179" />
              </SequencePoints>
              <BranchPoints />
            </Method>
            <Method visited="false" cyclomaticComplexity="0" nPathComplexity="0" sequenceCoverage="0.0" branchCoverage="0" crapScore="0" isConstructor="false" isStatic="false" isGetter="true" isSetter="false">
              <Summary numSequencePoints="1" visitedSequencePoints="0" numBranchPoints="0" visitedBranchPoints="0" sequenceCoverage="0.0" branchCoverage="0" maxCyclomaticComplexity="0" minCyclomaticComplexity="0" maxCrapScore="0" minCrapScore="0" visitedClasses="0" numClasses="0" visitedMethods="0" numMethods="1" />
              <MetadataToken>100663320</MetadataToken>
              <Name>T Fusion.NetworkAssetSourceResource[T]::get_EditorInstance()</Name>
              <FileRef uid="179" />
              <SequencePoints>
                <SequencePoint vc="0" uspid="17583" ordinal="0" offset="0" sl="329" sc="0" el="329" ec="0" bec="0" bev="0" fileid="179" />
              </SequencePoints>
              <BranchPoints />
            </Method>
          </Methods>
        </Class>
        <Class>
          <Summary numSequencePoints="14" visitedSequencePoints="0" numBranchPoints="0" visitedBranchPoints="0" sequenceCoverage="0.0" branchCoverage="0.0" maxCyclomaticComplexity="0" minCyclomaticComplexity="0" maxCrapScore="0" minCrapScore="0" visitedClasses="0" numClasses="1" visitedMethods="0" numMethods="8" />
          <FullName>Fusion.NetworkAssetSourceStatic[T]</FullName>
          <Methods>
            <Method visited="false" cyclomaticComplexity="0" nPathComplexity="0" sequenceCoverage="0.0" branchCoverage="0" crapScore="0" isConstructor="false" isStatic="false" isGetter="true" isSetter="false">
              <Summary numSequencePoints="1" visitedSequencePoints="0" numBranchPoints="0" visitedBranchPoints="0" sequenceCoverage="0.0" branchCoverage="0" maxCyclomaticComplexity="0" minCyclomaticComplexity="0" maxCrapScore="0" minCrapScore="0" visitedClasses="0" numClasses="0" visitedMethods="0" numMethods="1" />
              <MetadataToken>100663322</MetadataToken>
              <Name>T Fusion.NetworkAssetSourceStatic[T]::get_Prefab()</Name>
              <FileRef uid="179" />
              <SequencePoints>
                <SequencePoint vc="0" uspid="17584" ordinal="0" offset="0" sl="361" sc="0" el="361" ec="0" bec="0" bev="0" fileid="179" />
              </SequencePoints>
              <BranchPoints />
            </Method>
            <Method visited="false" cyclomaticComplexity="0" nPathComplexity="0" sequenceCoverage="0.0" branchCoverage="0" crapScore="0" isConstructor="false" isStatic="false" isGetter="false" isSetter="true">
              <Summary numSequencePoints="1" visitedSequencePoints="0" numBranchPoints="0" visitedBranchPoints="0" sequenceCoverage="0.0" branchCoverage="0" maxCyclomaticComplexity="0" minCyclomaticComplexity="0" maxCrapScore="0" minCrapScore="0" visitedClasses="0" numClasses="0" visitedMethods="0" numMethods="1" />
              <MetadataToken>100663323</MetadataToken>
              <Name>System.Void Fusion.NetworkAssetSourceStatic[T]::set_Prefab(T)</Name>
              <FileRef uid="179" />
              <SequencePoints>
                <SequencePoint vc="0" uspid="17585" ordinal="0" offset="0" sl="362" sc="0" el="362" ec="0" bec="0" bev="0" fileid="179" />
              </SequencePoints>
              <BranchPoints />
            </Method>
            <Method visited="false" cyclomaticComplexity="0" nPathComplexity="0" sequenceCoverage="0.0" branchCoverage="0" crapScore="0" isConstructor="false" isStatic="false" isGetter="true" isSetter="false">
              <Summary numSequencePoints="1" visitedSequencePoints="0" numBranchPoints="0" visitedBranchPoints="0" sequenceCoverage="0.0" branchCoverage="0" maxCyclomaticComplexity="0" minCyclomaticComplexity="0" maxCrapScore="0" minCrapScore="0" visitedClasses="0" numClasses="0" visitedMethods="0" numMethods="1" />
              <MetadataToken>100663324</MetadataToken>
              <Name>System.Boolean Fusion.NetworkAssetSourceStatic[T]::get_IsCompleted()</Name>
              <FileRef uid="179" />
              <SequencePoints>
                <SequencePoint vc="0" uspid="17586" ordinal="0" offset="0" sl="368" sc="0" el="368" ec="0" bec="0" bev="0" fileid="179" />
              </SequencePoints>
              <BranchPoints />
            </Method>
            <Method visited="false" cyclomaticComplexity="0" nPathComplexity="0" sequenceCoverage="0.0" branchCoverage="0" crapScore="0" isConstructor="false" isStatic="false" isGetter="false" isSetter="false">
              <Summary numSequencePoints="1" visitedSequencePoints="0" numBranchPoints="0" visitedBranchPoints="0" sequenceCoverage="0.0" branchCoverage="0" maxCyclomaticComplexity="0" minCyclomaticComplexity="0" maxCrapScore="0" minCrapScore="0" visitedClasses="0" numClasses="0" visitedMethods="0" numMethods="1" />
              <MetadataToken>100663325</MetadataToken>
              <Name>System.Void Fusion.NetworkAssetSourceStatic[T]::Acquire(System.Boolean)</Name>
              <FileRef uid="179" />
              <SequencePoints>
                <SequencePoint vc="0" uspid="17587" ordinal="0" offset="0" sl="375" sc="0" el="375" ec="0" bec="0" bev="0" fileid="179" />
              </SequencePoints>
              <BranchPoints />
            </Method>
            <Method visited="false" cyclomaticComplexity="0" nPathComplexity="0" sequenceCoverage="0.0" branchCoverage="0" crapScore="0" isConstructor="false" isStatic="false" isGetter="false" isSetter="false">
              <Summary numSequencePoints="1" visitedSequencePoints="0" numBranchPoints="0" visitedBranchPoints="0" sequenceCoverage="0.0" branchCoverage="0" maxCyclomaticComplexity="0" minCyclomaticComplexity="0" maxCrapScore="0" minCrapScore="0" visitedClasses="0" numClasses="0" visitedMethods="0" numMethods="1" />
              <MetadataToken>100663326</MetadataToken>
              <Name>System.Void Fusion.NetworkAssetSourceStatic[T]::Release()</Name>
              <FileRef uid="179" />
              <SequencePoints>
                <SequencePoint vc="0" uspid="17588" ordinal="0" offset="0" sl="382" sc="0" el="382" ec="0" bec="0" bev="0" fileid="179" />
              </SequencePoints>
              <BranchPoints />
            </Method>
            <Method visited="false" cyclomaticComplexity="0" nPathComplexity="0" sequenceCoverage="0.0" branchCoverage="0" crapScore="0" isConstructor="false" isStatic="false" isGetter="false" isSetter="false">
              <Summary numSequencePoints="3" visitedSequencePoints="0" numBranchPoints="0" visitedBranchPoints="0" sequenceCoverage="0.0" branchCoverage="0" maxCyclomaticComplexity="0" minCyclomaticComplexity="0" maxCrapScore="0" minCrapScore="0" visitedClasses="0" numClasses="0" visitedMethods="0" numMethods="1" />
              <MetadataToken>100663327</MetadataToken>
              <Name>T Fusion.NetworkAssetSourceStatic[T]::WaitForResult()</Name>
              <FileRef uid="179" />
              <SequencePoints>
                <SequencePoint vc="0" uspid="17589" ordinal="0" offset="0" sl="388" sc="0" el="388" ec="0" bec="0" bev="0" fileid="179" />
                <SequencePoint vc="0" uspid="17590" ordinal="0" offset="19" sl="389" sc="0" el="389" ec="0" bec="0" bev="0" fileid="179" />
                <SequencePoint vc="0" uspid="17591" ordinal="0" offset="30" sl="392" sc="0" el="392" ec="0" bec="0" bev="0" fileid="179" />
              </SequencePoints>
              <BranchPoints />
            </Method>
            <Method visited="false" cyclomaticComplexity="0" nPathComplexity="0" sequenceCoverage="0.0" branchCoverage="0" crapScore="0" isConstructor="false" isStatic="false" isGetter="true" isSetter="false">
              <Summary numSequencePoints="5" visitedSequencePoints="0" numBranchPoints="0" visitedBranchPoints="0" sequenceCoverage="0.0" branchCoverage="0" maxCyclomaticComplexity="0" minCyclomaticComplexity="0" maxCrapScore="0" minCrapScore="0" visitedClasses="0" numClasses="0" visitedMethods="0" numMethods="1" />
              <MetadataToken>100663328</MetadataToken>
              <Name>System.String Fusion.NetworkAssetSourceStatic[T]::get_Description()</Name>
              <FileRef uid="179" />
              <SequencePoints>
                <SequencePoint vc="0" uspid="17592" ordinal="0" offset="0" sl="398" sc="0" el="398" ec="0" bec="0" bev="0" fileid="179" />
                <SequencePoint vc="0" uspid="17593" ordinal="0" offset="18" sl="400" sc="0" el="400" ec="0" bec="0" bev="0" fileid="179" />
                <SequencePoint vc="0" uspid="17594" ordinal="0" offset="40" sl="401" sc="0" el="401" ec="0" bec="0" bev="0" fileid="179" />
                <SequencePoint vc="0" uspid="17595" ordinal="0" offset="58" sl="404" sc="0" el="404" ec="0" bec="0" bev="0" fileid="179" />
                <SequencePoint vc="0" uspid="17596" ordinal="0" offset="92" sl="406" sc="0" el="406" ec="0" bec="0" bev="0" fileid="179" />
              </SequencePoints>
              <BranchPoints />
            </Method>
            <Method visited="false" cyclomaticComplexity="0" nPathComplexity="0" sequenceCoverage="0.0" branchCoverage="0" crapScore="0" isConstructor="false" isStatic="false" isGetter="true" isSetter="false">
              <Summary numSequencePoints="1" visitedSequencePoints="0" numBranchPoints="0" visitedBranchPoints="0" sequenceCoverage="0.0" branchCoverage="0" maxCyclomaticComplexity="0" minCyclomaticComplexity="0" maxCrapScore="0" minCrapScore="0" visitedClasses="0" numClasses="0" visitedMethods="0" numMethods="1" />
              <MetadataToken>100663329</MetadataToken>
              <Name>T Fusion.NetworkAssetSourceStatic[T]::get_EditorInstance()</Name>
              <FileRef uid="179" />
              <SequencePoints>
[...]
                <SequencePoint vc="0" uspid="18200" ordinal="0" offset="28" sl="2383" sc="0" el="2383" ec="0" bec="0" bev="0" fileid="179" />
              </SequencePoints>
              <BranchPoints />
            </Method>
            <Method visited="false" cyclomaticComplexity="0" nPathComplexity="0" sequenceCoverage="0.0" branchCoverage="0" crapScore="0" isConstructor="false" isStatic="false" isGetter="false" isSetter="false">
              <Summary numSequencePoints="5" visitedSequencePoints="0" numBranchPoints="0" visitedBranchPoints="0" sequenceCoverage="0.0" branchCoverage="0" maxCyclomaticComplexity="0" minCyclomaticComplexity="0" maxCrapScore="0" minCrapScore="0" visitedClasses="0" numClasses="0" visitedMethods="0" numMethods="1" />
              <MetadataToken>100663413</MetadataToken>
              <Name>System.Boolean Fusion.NetworkObjectBaker::Set[T](UnityEngine.MonoBehaviour, , System.Collections.Generic.List[T])</Name>
              <FileRef uid="179" />
              <SequencePoints>
                <SequencePoint vc="0" uspid="18201" ordinal="0" offset="0" sl="2388" sc="0" el="2388" ec="0" bec="0" bev="0" fileid="179" />
                <SequencePoint vc="0" uspid="18202" ordinal="0" offset="6" sl="2389" sc="0" el="2389" ec="0" bec="0" bev="0" fileid="179" />
                <SequencePoint vc="0" uspid="18203" ordinal="0" offset="33" sl="2391" sc="0" el="2391" ec="0" bec="0" bev="0" fileid="179" />
                <SequencePoint vc="0" uspid="18204" ordinal="0" offset="41" sl="2392" sc="0" el="2392" ec="0" bec="0" bev="0" fileid="179" />
                <SequencePoint vc="0" uspid="18205" ordinal="0" offset="43" sl="2394" sc="0" el="2394" ec="0" bec="0" bev="0" fileid="179" />
              </SequencePoints>
              <BranchPoints />
            </Method>
          </Methods>
        </Class>
        <Class>
          <Summary numSequencePoints="36" visitedSequencePoints="0" numBranchPoints="0" visitedBranchPoints="0" sequenceCoverage="0.0" branchCoverage="0.0" maxCyclomaticComplexity="0" minCyclomaticComplexity="0" maxCrapScore="0" minCrapScore="0" visitedClasses="0" numClasses="1" visitedMethods="0" numMethods="4" />
          <FullName>Fusion.FusionUnitySceneManagerUtils</FullName>
          <Methods>
            <Method visited="false" cyclomaticComplexity="0" nPathComplexity="0" sequenceCoverage="0.0" branchCoverage="0" crapScore="0" isConstructor="false" isStatic="true" isGetter="false" isSetter="false">
              <Summary numSequencePoints="1" visitedSequencePoints="0" numBranchPoints="0" visitedBranchPoints="0" sequenceCoverage="0.0" branchCoverage="0" maxCyclomaticComplexity="0" minCyclomaticComplexity="0" maxCrapScore="0" minCrapScore="0" visitedClasses="0" numClasses="0" visitedMethods="0" numMethods="1" />
              <MetadataToken>100663429</MetadataToken>
              <Name>static Fusion.FusionUnitySceneManagerUtils::GetComponents[T](UnityEngine.SceneManagement.Scene, System.Boolean)</Name>
              <FileRef uid="179" />
              <SequencePoints>
                <SequencePoint vc="0" uspid="18273" ordinal="0" offset="0" sl="3774" sc="0" el="3774" ec="0" bec="0" bev="0" fileid="179" />
              </SequencePoints>
              <BranchPoints />
            </Method>
            <Method visited="false" cyclomaticComplexity="0" nPathComplexity="0" sequenceCoverage="0.0" branchCoverage="0" crapScore="0" isConstructor="false" isStatic="true" isGetter="false" isSetter="false">
              <Summary numSequencePoints="12" visitedSequencePoints="0" numBranchPoints="0" visitedBranchPoints="0" sequenceCoverage="0.0" branchCoverage="0" maxCyclomaticComplexity="0" minCyclomaticComplexity="0" maxCrapScore="0" minCrapScore="0" visitedClasses="0" numClasses="0" visitedMethods="0" numMethods="1" />
              <MetadataToken>100663430</MetadataToken>
              <Name>static Fusion.FusionUnitySceneManagerUtils::GetComponents[T](UnityEngine.SceneManagement.Scene, System.Boolean, UnityEngine.GameObject[]&amp;)</Name>
              <FileRef uid="179" />
              <SequencePoints>
                <SequencePoint vc="0" uspid="18274" ordinal="0" offset="0" sl="3786" sc="0" el="3786" ec="0" bec="0" bev="0" fileid="179" />
                <SequencePoint vc="0" uspid="18275" ordinal="0" offset="9" sl="3788" sc="0" el="3788" ec="0" bec="0" bev="0" fileid="179" />
                <SequencePoint vc="0" uspid="18276" ordinal="0" offset="15" sl="3789" sc="0" el="3789" ec="0" bec="0" bev="0" fileid="179" />
                <SequencePoint vc="0" uspid="18277" ordinal="0" offset="21" sl="3791" sc="0" el="3791" ec="0" bec="0" bev="0" fileid="179" />
                <SequencePoint vc="0" uspid="18278" ordinal="0" offset="28" sl="3791" sc="0" el="3791" ec="0" bec="0" bev="0" fileid="179" />
                <SequencePoint vc="0" uspid="18279" ordinal="0" offset="31" sl="3793" sc="0" el="3793" ec="0" bec="0" bev="0" fileid="179" />
                <SequencePoint vc="0" uspid="18280" ordinal="0" offset="38" sl="3795" sc="0" el="3795" ec="0" bec="0" bev="0" fileid="179" />
                <SequencePoint vc="0" uspid="18281" ordinal="0" offset="48" sl="3795" sc="0" el="3795" ec="0" bec="0" bev="0" fileid="179" />
                <SequencePoint vc="0" uspid="18282" ordinal="0" offset="57" sl="3796" sc="0" el="3796" ec="0" bec="0" bev="0" fileid="179" />
                <SequencePoint vc="0" uspid="18283" ordinal="0" offset="65" sl="3795" sc="0" el="3795" ec="0" bec="0" bev="0" fileid="179" />
                <SequencePoint vc="0" uspid="18284" ordinal="0" offset="94" sl="3791" sc="0" el="3791" ec="0" bec="0" bev="0" fileid="179" />
                <SequencePoint vc="0" uspid="18285" ordinal="0" offset="100" sl="3799" sc="0" el="3799" ec="0" bec="0" bev="0" fileid="179" />
              </SequencePoints>
              <BranchPoints />
            </Method>
            <Method visited="false" cyclomaticComplexity="0" nPathComplexity="0" sequenceCoverage="0.0" branchCoverage="0" crapScore="0" isConstructor="false" isStatic="true" isGetter="false" isSetter="false">
              <Summary numSequencePoints="13" visitedSequencePoints="0" numBranchPoints="0" visitedBranchPoints="0" sequenceCoverage="0.0" branchCoverage="0" maxCyclomaticComplexity="0" minCyclomaticComplexity="0" maxCrapScore="0" minCrapScore="0" visitedClasses="0" numClasses="0" visitedMethods="0" numMethods="1" />
              <MetadataToken>100663431</MetadataToken>
              <Name>static System.Void Fusion.FusionUnitySceneManagerUtils::GetComponents[T](UnityEngine.SceneManagement.Scene, System.Collections.Generic.List[T], System.Boolean)</Name>
              <FileRef uid="179" />
              <SequencePoints>
                <SequencePoint vc="0" uspid="18286" ordinal="0" offset="0" sl="3813" sc="0" el="3813" ec="0" bec="0" bev="0" fileid="179" />
                <SequencePoint vc="0" uspid="18287" ordinal="0" offset="6" sl="3814" sc="0" el="3814" ec="0" bec="0" bev="0" fileid="179" />
                <SequencePoint vc="0" uspid="18288" ordinal="0" offset="14" sl="3815" sc="0" el="3815" ec="0" bec="0" bev="0" fileid="179" />
                <SequencePoint vc="0" uspid="18289" ordinal="0" offset="20" sl="3817" sc="0" el="3817" ec="0" bec="0" bev="0" fileid="179" />
                <SequencePoint vc="0" uspid="18290" ordinal="0" offset="26" sl="3819" sc="0" el="3819" ec="0" bec="0" bev="0" fileid="179" />
                <SequencePoint vc="0" uspid="18291" ordinal="0" offset="35" sl="3819" sc="0" el="3819" ec="0" bec="0" bev="0" fileid="179" />
                <SequencePoint vc="0" uspid="18292" ordinal="0" offset="42" sl="3821" sc="0" el="3821" ec="0" bec="0" bev="0" fileid="179" />
                <SequencePoint vc="0" uspid="18293" ordinal="0" offset="49" sl="3823" sc="0" el="3823" ec="0" bec="0" bev="0" fileid="179" />
                <SequencePoint vc="0" uspid="18294" ordinal="0" offset="58" sl="3823" sc="0" el="3823" ec="0" bec="0" bev="0" fileid="179" />
                <SequencePoint vc="0" uspid="18295" ordinal="0" offset="67" sl="3824" sc="0" el="3824" ec="0" bec="0" bev="0" fileid="179" />
                <SequencePoint vc="0" uspid="18296" ordinal="0" offset="75" sl="3823" sc="0" el="3823" ec="0" bec="0" bev="0" fileid="179" />
                <SequencePoint vc="0" uspid="18297" ordinal="0" offset="100" sl="3819" sc="0" el="3819" ec="0" bec="0" bev="0" fileid="179" />
                <SequencePoint vc="0" uspid="18298" ordinal="0" offset="125" sl="3827" sc="0" el="3827" ec="0" bec="0" bev="0" fileid="179" />
              </SequencePoints>
              <BranchPoints />
            </Method>
            <Method visited="false" cyclomaticComplexity="0" nPathComplexity="0" sequenceCoverage="0.0" branchCoverage="0" crapScore="0" isConstructor="false" isStatic="true" isGetter="false" isSetter="false">
              <Summary numSequencePoints="10" visitedSequencePoints="0" numBranchPoints="0" visitedBranchPoints="0" sequenceCoverage="0.0" branchCoverage="0" maxCyclomaticComplexity="0" minCyclomaticComplexity="0" maxCrapScore="0" minCrapScore="0" visitedClasses="0" numClasses="0" visitedMethods="0" numMethods="1" />
              <MetadataToken>100663432</MetadataToken>
              <Name>static T Fusion.FusionUnitySceneManagerUtils::FindComponent[T](UnityEngine.SceneManagement.Scene, System.Boolean)</Name>
              <FileRef uid="179" />
              <SequencePoints>
                <SequencePoint vc="0" uspid="18299" ordinal="0" offset="0" sl="3837" sc="0" el="3837" ec="0" bec="0" bev="0" fileid="179" />
                <SequencePoint vc="0" uspid="18300" ordinal="0" offset="6" sl="3838" sc="0" el="3838" ec="0" bec="0" bev="0" fileid="179" />
                <SequencePoint vc="0" uspid="18301" ordinal="0" offset="14" sl="3840" sc="0" el="3840" ec="0" bec="0" bev="0" fileid="179" />
                <SequencePoint vc="0" uspid="18302" ordinal="0" offset="23" sl="3840" sc="0" el="3840" ec="0" bec="0" bev="0" fileid="179" />
                <SequencePoint vc="0" uspid="18303" ordinal="0" offset="30" sl="3842" sc="0" el="3842" ec="0" bec="0" bev="0" fileid="179" />
                <SequencePoint vc="0" uspid="18304" ordinal="0" offset="37" sl="3843" sc="0" el="3843" ec="0" bec="0" bev="0" fileid="179" />
                <SequencePoint vc="0" uspid="18305" ordinal="0" offset="51" sl="3844" sc="0" el="3844" ec="0" bec="0" bev="0" fileid="179" />
                <SequencePoint vc="0" uspid="18306" ordinal="0" offset="55" sl="3840" sc="0" el="3840" ec="0" bec="0" bev="0" fileid="179" />
                <SequencePoint vc="0" uspid="18307" ordinal="0" offset="80" sl="3847" sc="0" el="3847" ec="0" bec="0" bev="0" fileid="179" />
                <SequencePoint vc="0" uspid="18308" ordinal="0" offset="91" sl="3848" sc="0" el="3848" ec="0" bec="0" bev="0" fileid="179" />
              </SequencePoints>
              <BranchPoints />
            </Method>
          </Methods>
        </Class>
        <Class>
          <Summary numSequencePoints="26" visitedSequencePoints="0" numBranchPoints="0" visitedBranchPoints="0" sequenceCoverage="0.0" branchCoverage="0.0" maxCyclomaticComplexity="0" minCyclomaticComplexity="0" maxCrapScore="0" minCrapScore="0" visitedClasses="0" numClasses="1" visitedMethods="0" numMethods="2" />
          <FullName>Fusion.FusionBootstrapDebugGUI</FullName>
          <Methods>
            <Method visited="false" cyclomaticComplexity="0" nPathComplexity="0" sequenceCoverage="0.0" branchCoverage="0" crapScore="0" isConstructor="false" isStatic="true" isGetter="false" isSetter="false">
              <Summary numSequencePoints="22" visitedSequencePoints="0" numBranchPoints="0" visitedBranchPoints="0" sequenceCoverage="0.0" branchCoverage="0" maxCyclomaticComplexity="0" minCyclomaticComplexity="0" maxCrapScore="0" minCrapScore="0" visitedClasses="0" numClasses="0" visitedMethods="0" numMethods="1" />
              <MetadataToken>100663526</MetadataToken>
              <Name>static System.Collections.Generic.Dictionary[T,String] Fusion.FusionBootstrapDebugGUI::ConvertEnumToNicifiedNameLookup[T](System.String, System.Collections.Generic.Dictionary[T,String])</Name>
              <FileRef uid="183" />
              <SequencePoints>
                <SequencePoint vc="0" uspid="18868" ordinal="0" offset="0" sl="317" sc="0" el="317" ec="0" bec="0" bev="0" fileid="183" />
                <SequencePoint vc="0" uspid="18869" ordinal="0" offset="6" sl="319" sc="0" el="319" ec="0" bec="0" bev="0" fileid="183" />
                <SequencePoint vc="0" uspid="18870" ordinal="0" offset="9" sl="320" sc="0" el="320" ec="0" bec="0" bev="0" fileid="183" />
                <SequencePoint vc="0" uspid="18871" ordinal="0" offset="18" sl="322" sc="0" el="322" ec="0" bec="0" bev="0" fileid="183" />
                <SequencePoint vc="0" uspid="18872" ordinal="0" offset="24" sl="325" sc="0" el="325" ec="0" bec="0" bev="0" fileid="183" />
                <SequencePoint vc="0" uspid="18873" ordinal="0" offset="40" sl="326" sc="0" el="326" ec="0" bec="0" bev="0" fileid="183" />
                <SequencePoint vc="0" uspid="18874" ordinal="0" offset="56" sl="327" sc="0" el="327" ec="0" bec="0" bev="0" fileid="183" />
                <SequencePoint vc="0" uspid="18875" ordinal="0" offset="58" sl="327" sc="0" el="327" ec="0" bec="0" bev="0" fileid="183" />
                <SequencePoint vc="0" uspid="18876" ordinal="0" offset="65" sl="328" sc="0" el="328" ec="0" bec="0" bev="0" fileid="183" />
                <SequencePoint vc="0" uspid="18877" ordinal="0" offset="72" sl="329" sc="0" el="329" ec="0" bec="0" bev="0" fileid="183" />
                <SequencePoint vc="0" uspid="18878" ordinal="0" offset="75" sl="330" sc="0" el="330" ec="0" bec="0" bev="0" fileid="183" />
                <SequencePoint vc="0" uspid="18879" ordinal="0" offset="83" sl="332" sc="0" el="332" ec="0" bec="0" bev="0" fileid="183" />
                <SequencePoint vc="0" uspid="18880" ordinal="0" offset="88" sl="333" sc="0" el="333" ec="0" bec="0" bev="0" fileid="183" />
                <SequencePoint vc="0" uspid="18881" ordinal="0" offset="93" sl="336" sc="0" el="336" ec="0" bec="0" bev="0" fileid="183" />
                <SequencePoint vc="0" uspid="18882" ordinal="0" offset="113" sl="337" sc="0" el="337" ec="0" bec="0" bev="0" fileid="183" />
                <SequencePoint vc="0" uspid="18883" ordinal="0" offset="125" sl="341" sc="0" el="341" ec="0" bec="0" bev="0" fileid="183" />
                <SequencePoint vc="0" uspid="18884" ordinal="0" offset="141" sl="333" sc="0" el="333" ec="0" bec="0" bev="0" fileid="183" />
                <SequencePoint vc="0" uspid="18885" ordinal="0" offset="147" sl="333" sc="0" el="333" ec="0" bec="0" bev="0" fileid="183" />
                <SequencePoint vc="0" uspid="18886" ordinal="0" offset="158" sl="343" sc="0" el="343" ec="0" bec="0" bev="0" fileid="183" />
                <SequencePoint vc="0" uspid="18887" ordinal="0" offset="182" sl="327" sc="0" el="327" ec="0" bec="0" bev="0" fileid="183" />
                <SequencePoint vc="0" uspid="18888" ordinal="0" offset="186" sl="327" sc="0" el="327" ec="0" bec="0" bev="0" fileid="183" />
                <SequencePoint vc="0" uspid="18889" ordinal="0" offset="191" sl="345" sc="0" el="345" ec="0" bec="0" bev="0" fileid="183" />
              </SequencePoints>
              <BranchPoints />
            </Method>
            <Method visited="false" cyclomaticComplexity="0" nPathComplexity="0" sequenceCoverage="0.0" branchCoverage="0" crapScore="0" isConstructor="false" isStatic="true" isGetter="false" isSetter="false">
              <Summary numSequencePoints="4" visitedSequencePoints="0" numBranchPoints="0" visitedBranchPoints="0" sequenceCoverage="0.0" branchCoverage="0" maxCyclomaticComplexity="0" minCyclomaticComplexity="0" maxCrapScore="0" minCrapScore="0" visitedClasses="0" numClasses="0" visitedMethods="0" numMethods="1" />
              <MetadataToken>100663527</MetadataToken>
              <Name>static T Fusion.FusionBootstrapDebugGUI::GetAsset[T](System.String)</Name>
              <FileRef uid="183" />
              <SequencePoints>
                <SequencePoint vc="0" uspid="18890" ordinal="0" offset="0" sl="350" sc="0" el="350" ec="0" bec="0" bev="0" fileid="183" />
                <SequencePoint vc="0" uspid="18891" ordinal="0" offset="7" sl="351" sc="0" el="351" ec="0" bec="0" bev="0" fileid="183" />
                <SequencePoint vc="0" uspid="18892" ordinal="0" offset="15" sl="352" sc="0" el="352" ec="0" bec="0" bev="0" fileid="183" />
                <SequencePoint vc="0" uspid="18893" ordinal="0" offset="25" sl="354" sc="0" el="354" ec="0" bec="0" bev="0" fileid="183" />
              </SequencePoints>
              <BranchPoints />
            </Method>
          </Methods>
        </Class>
        <Class>
          <Summary numSequencePoints="1" visitedSequencePoints="0" numBranchPoints="0" visitedBranchPoints="0" sequenceCoverage="0.0" branchCoverage="0.0" maxCyclomaticComplexity="0" minCyclomaticComplexity="0" maxCrapScore="0" minCrapScore="0" visitedClasses="0" numClasses="1" visitedMethods="0" numMethods="1" />
          <FullName>Fusion.NetworkAssetSourceResource[T]/&lt;&gt;c</FullName>
          <Methods>
            <Method visited="false" cyclomaticComplexity="0" nPathComplexity="0" sequenceCoverage="0.0" branchCoverage="0" crapScore="0" isConstructor="false" isStatic="false" isGetter="false" isSetter="false">
              <Summary numSequencePoints="1" visitedSequencePoints="0" numBranchPoints="0" visitedBranchPoints="0" sequenceCoverage="0.0" branchCoverage="0" maxCyclomaticComplexity="0" minCyclomaticComplexity="0" maxCrapScore="0" minCrapScore="0" visitedClasses="0" numClasses="0" visitedMethods="0" numMethods="1" />
              <MetadataToken>100663779</MetadataToken>
              <Name>System.Void Fusion.NetworkAssetSourceResource[T]/&lt;&gt;c::&lt;UnloadInternal&gt;b__12_0(UnityEngine.AsyncOperation)</Name>
              <FileRef uid="179" />
              <SequencePoints>
                <SequencePoint vc="0" uspid="20135" ordinal="0" offset="0" sl="312" sc="0" el="312" ec="0" bec="0" bev="0" fileid="179" />
              </SequencePoints>
              <BranchPoints />
            </Method>
          </Methods>
        </Class>
        <Class>
          <Summary numSequencePoints="1" visitedSequencePoints="0" numBranchPoints="0" visitedBranchPoints="0" sequenceCoverage="0.0" branchCoverage="0.0" maxCyclomaticComplexity="0" minCyclomaticComplexity="0" maxCrapScore="0" minCrapScore="0" visitedClasses="0" numClasses="1" visitedMethods="0" numMethods="1" />
          <FullName>Fusion.FusionMppm&lt;&gt;c__12[T]</FullName>
          <Methods>
            <Method visited="false" cyclomaticComplexity="0" nPathComplexity="0" sequenceCoverage="0.0" branchCoverage="0" crapScore="0" isConstructor="false" isStatic="false" isGetter="false" isSetter="false">
              <Summary numSequencePoints="1" visitedSequencePoints="0" numBranchPoints="0" visitedBranchPoints="0" sequenceCoverage="0.0" branchCoverage="0" maxCyclomaticComplexity="0" minCyclomaticComplexity="0" maxCrapScore="0" minCrapScore="0" visitedClasses="0" numClasses="0" visitedMethods="0" numMethods="1" />
              <MetadataToken>100663824</MetadataToken>
              <Name>System.Boolean Fusion.FusionMppm&lt;&gt;c__12[T]::&lt;BroadcastInternal&gt;b__12_0(UnityEditor.MPE.ChannelClientInfo)</Name>
              <FileRef uid="179" />
              <SequencePoints>
                <SequencePoint vc="0" uspid="20183" ordinal="0" offset="0" sl="1966" sc="0" el="1966" ec="0" bec="0" bev="0" fileid="179" />
              </SequencePoints>
              <BranchPoints />
            </Method>
          </Methods>
        </Class>
      </Classes>
    </Module>
  </Modules>
</CoverageSession>